mode: set
github.com/fntelecomllc/studio/backend/cmd/apiserver/bulk_tracker.go:48.42,50.2 1 0
github.com/fntelecomllc/studio/backend/cmd/apiserver/bulk_tracker.go:52.109,66.2 6 0
github.com/fntelecomllc/studio/backend/cmd/apiserver/bulk_tracker.go:68.50,72.27 4 0
github.com/fntelecomllc/studio/backend/cmd/apiserver/bulk_tracker.go:72.27,74.3 1 0
github.com/fntelecomllc/studio/backend/cmd/apiserver/bulk_tracker.go:75.2,75.12 1 0
github.com/fntelecomllc/studio/backend/cmd/apiserver/bulk_tracker.go:78.76,83.2 4 0
github.com/fntelecomllc/studio/backend/cmd/apiserver/bulk_tracker.go:85.82,86.16 1 0
github.com/fntelecomllc/studio/backend/cmd/apiserver/bulk_tracker.go:87.30,88.42 1 0
github.com/fntelecomllc/studio/backend/cmd/apiserver/bulk_tracker.go:89.27,90.39 1 0
github.com/fntelecomllc/studio/backend/cmd/apiserver/bulk_tracker.go:91.28,92.47 1 0
github.com/fntelecomllc/studio/backend/cmd/apiserver/bulk_tracker.go:93.22,94.34 1 0
github.com/fntelecomllc/studio/backend/cmd/apiserver/bulk_tracker.go:95.10,96.42 1 0
github.com/fntelecomllc/studio/backend/cmd/apiserver/bulk_tracker.go:101.194,105.9 4 0
github.com/fntelecomllc/studio/backend/cmd/apiserver/bulk_tracker.go:105.9,107.3 1 0
github.com/fntelecomllc/studio/backend/cmd/apiserver/bulk_tracker.go:109.2,116.37 7 0
github.com/fntelecomllc/studio/backend/cmd/apiserver/bulk_tracker.go:116.37,118.30 2 0
github.com/fntelecomllc/studio/backend/cmd/apiserver/bulk_tracker.go:118.30,121.12 3 0
github.com/fntelecomllc/studio/backend/cmd/apiserver/bulk_tracker.go:123.3,125.20 3 0
github.com/fntelecomllc/studio/backend/cmd/apiserver/bulk_tracker.go:126.36,126.36 0 0
github.com/fntelecomllc/studio/backend/cmd/apiserver/bulk_tracker.go:128.33,130.24 2 0
github.com/fntelecomllc/studio/backend/cmd/apiserver/bulk_tracker.go:131.37,133.24 2 0
github.com/fntelecomllc/studio/backend/cmd/apiserver/bulk_tracker.go:134.11,135.24 1 0
github.com/fntelecomllc/studio/backend/cmd/apiserver/bulk_tracker.go:140.2,140.9 1 0
github.com/fntelecomllc/studio/backend/cmd/apiserver/bulk_tracker.go:141.26,142.31 1 0
github.com/fntelecomllc/studio/backend/cmd/apiserver/bulk_tracker.go:143.17,144.28 1 0
github.com/fntelecomllc/studio/backend/cmd/apiserver/bulk_tracker.go:145.47,146.31 1 0
github.com/fntelecomllc/studio/backend/cmd/apiserver/bulk_tracker.go:147.18,148.29 1 0
github.com/fntelecomllc/studio/backend/cmd/apiserver/bulk_tracker.go:149.10,150.29 1 0
github.com/fntelecomllc/studio/backend/cmd/apiserver/bulk_tracker.go:154.2,155.20 2 0
github.com/fntelecomllc/studio/backend/cmd/apiserver/bulk_tracker.go:155.20,157.3 1 0
github.com/fntelecomllc/studio/backend/cmd/apiserver/bulk_tracker.go:157.8,157.42 1 0
github.com/fntelecomllc/studio/backend/cmd/apiserver/bulk_tracker.go:157.42,159.3 1 0
github.com/fntelecomllc/studio/backend/cmd/apiserver/bulk_tracker.go:159.8,161.3 1 0
github.com/fntelecomllc/studio/backend/cmd/apiserver/bulk_tracker.go:164.2,169.52 5 0
github.com/fntelecomllc/studio/backend/cmd/apiserver/bulk_tracker.go:173.145,176.9 3 0
github.com/fntelecomllc/studio/backend/cmd/apiserver/bulk_tracker.go:176.9,179.3 2 0
github.com/fntelecomllc/studio/backend/cmd/apiserver/bulk_tracker.go:180.2,186.27 6 0
github.com/fntelecomllc/studio/backend/cmd/apiserver/bulk_tracker.go:186.27,188.3 1 0
github.com/fntelecomllc/studio/backend/cmd/apiserver/bulk_tracker.go:189.2,189.34 1 0
github.com/fntelecomllc/studio/backend/cmd/apiserver/chi_handlers.go:19.23,22.16 2 0
github.com/fntelecomllc/studio/backend/cmd/apiserver/chi_handlers.go:22.16,24.3 1 0
github.com/fntelecomllc/studio/backend/cmd/apiserver/chi_handlers.go:27.2,27.88 1 0
github.com/fntelecomllc/studio/backend/cmd/apiserver/chi_handlers.go:27.88,28.114 1 0
github.com/fntelecomllc/studio/backend/cmd/apiserver/chi_handlers.go:28.114,30.27 1 0
github.com/fntelecomllc/studio/backend/cmd/apiserver/chi_handlers.go:30.27,31.65 1 0
github.com/fntelecomllc/studio/backend/cmd/apiserver/chi_handlers.go:31.65,33.76 2 0
github.com/fntelecomllc/studio/backend/cmd/apiserver/chi_handlers.go:33.76,36.7 2 0
github.com/fntelecomllc/studio/backend/cmd/apiserver/chi_handlers.go:39.4,39.31 1 0
github.com/fntelecomllc/studio/backend/cmd/apiserver/chi_handlers.go:45.2,46.84 1 0
github.com/fntelecomllc/studio/backend/cmd/apiserver/chi_handlers.go:46.84,55.4 3 0
github.com/fntelecomllc/studio/backend/cmd/apiserver/chi_handlers.go:56.85,65.4 3 0
github.com/fntelecomllc/studio/backend/cmd/apiserver/chi_handlers.go:69.2,69.96 1 0
github.com/fntelecomllc/studio/backend/cmd/apiserver/chi_handlers.go:69.96,70.114 1 0
github.com/fntelecomllc/studio/backend/cmd/apiserver/chi_handlers.go:70.114,72.34 2 0
github.com/fntelecomllc/studio/backend/cmd/apiserver/chi_handlers.go:72.34,73.74 1 0
github.com/fntelecomllc/studio/backend/cmd/apiserver/chi_handlers.go:73.74,75.21 2 0
github.com/fntelecomllc/studio/backend/cmd/apiserver/chi_handlers.go:75.21,85.7 1 0
github.com/fntelecomllc/studio/backend/cmd/apiserver/chi_handlers.go:88.4,88.20 1 0
github.com/fntelecomllc/studio/backend/cmd/apiserver/chi_handlers.go:92.2,100.54 4 0
github.com/fntelecomllc/studio/backend/cmd/apiserver/chi_handlers.go:100.54,101.72 1 0
github.com/fntelecomllc/studio/backend/cmd/apiserver/chi_handlers.go:101.72,103.20 2 0
github.com/fntelecomllc/studio/backend/cmd/apiserver/chi_handlers.go:103.20,104.44 1 0
github.com/fntelecomllc/studio/backend/cmd/apiserver/chi_handlers.go:104.44,111.6 6 0
github.com/fntelecomllc/studio/backend/cmd/apiserver/chi_handlers.go:113.4,113.38 1 0
github.com/fntelecomllc/studio/backend/cmd/apiserver/chi_handlers.go:113.38,116.5 2 0
github.com/fntelecomllc/studio/backend/cmd/apiserver/chi_handlers.go:117.4,117.24 1 0
github.com/fntelecomllc/studio/backend/cmd/apiserver/chi_handlers.go:120.2,123.16 3 0
github.com/fntelecomllc/studio/backend/cmd/apiserver/chi_handlers.go:123.16,125.3 1 0
github.com/fntelecomllc/studio/backend/cmd/apiserver/chi_handlers.go:126.2,128.76 3 0
github.com/fntelecomllc/studio/backend/cmd/apiserver/chi_handlers.go:128.76,130.3 1 0
github.com/fntelecomllc/studio/backend/cmd/apiserver/chi_handlers.go:134.39,136.55 1 0
github.com/fntelecomllc/studio/backend/cmd/apiserver/chi_handlers.go:136.55,138.21 2 0
github.com/fntelecomllc/studio/backend/cmd/apiserver/chi_handlers.go:138.21,140.4 1 0
github.com/fntelecomllc/studio/backend/cmd/apiserver/chi_handlers.go:142.2,142.47 1 0
github.com/fntelecomllc/studio/backend/cmd/apiserver/chi_handlers.go:142.47,144.3 1 0
github.com/fntelecomllc/studio/backend/cmd/apiserver/chi_handlers.go:145.2,146.16 2 0
github.com/fntelecomllc/studio/backend/cmd/apiserver/chi_handlers.go:146.16,148.3 1 0
github.com/fntelecomllc/studio/backend/cmd/apiserver/chi_handlers.go:149.2,149.21 1 0
github.com/fntelecomllc/studio/backend/cmd/apiserver/chi_handlers.go:153.49,154.47 1 0
github.com/fntelecomllc/studio/backend/cmd/apiserver/chi_handlers.go:155.13,156.30 1 0
github.com/fntelecomllc/studio/backend/cmd/apiserver/chi_handlers.go:157.16,158.33 1 0
github.com/fntelecomllc/studio/backend/cmd/apiserver/chi_handlers.go:159.14,160.31 1 0
github.com/fntelecomllc/studio/backend/cmd/apiserver/chi_handlers.go:161.10,162.30 1 0
github.com/fntelecomllc/studio/backend/cmd/apiserver/chi_handlers.go:165.52,169.40 4 0
github.com/fntelecomllc/studio/backend/cmd/apiserver/chi_handlers.go:169.40,171.3 1 0
github.com/fntelecomllc/studio/backend/cmd/apiserver/chi_handlers.go:172.2,172.10 1 0
github.com/fntelecomllc/studio/backend/cmd/apiserver/dependencies.go:73.109,74.30 1 0
github.com/fntelecomllc/studio/backend/cmd/apiserver/dependencies.go:74.30,76.3 1 0
github.com/fntelecomllc/studio/backend/cmd/apiserver/dependencies.go:77.2,92.12 3 0
github.com/fntelecomllc/studio/backend/cmd/apiserver/dependencies.go:95.109,96.30 1 0
github.com/fntelecomllc/studio/backend/cmd/apiserver/dependencies.go:96.30,98.3 1 0
github.com/fntelecomllc/studio/backend/cmd/apiserver/dependencies.go:99.2,100.23 2 0
github.com/fntelecomllc/studio/backend/cmd/apiserver/dependencies.go:101.19,102.44 1 0
github.com/fntelecomllc/studio/backend/cmd/apiserver/dependencies.go:103.16,104.41 1 0
github.com/fntelecomllc/studio/backend/cmd/apiserver/dependencies.go:106.2,119.12 3 0
github.com/fntelecomllc/studio/backend/cmd/apiserver/dependencies.go:122.118,123.30 1 0
github.com/fntelecomllc/studio/backend/cmd/apiserver/dependencies.go:123.30,125.3 1 0
github.com/fntelecomllc/studio/backend/cmd/apiserver/dependencies.go:126.2,128.12 3 0
github.com/fntelecomllc/studio/backend/cmd/apiserver/dependencies.go:133.46,140.29 2 0
github.com/fntelecomllc/studio/backend/cmd/apiserver/dependencies.go:140.29,141.42 1 0
github.com/fntelecomllc/studio/backend/cmd/apiserver/dependencies.go:141.42,143.9 2 0
github.com/fntelecomllc/studio/backend/cmd/apiserver/dependencies.go:148.2,149.16 2 0
github.com/fntelecomllc/studio/backend/cmd/apiserver/dependencies.go:149.16,152.61 3 0
github.com/fntelecomllc/studio/backend/cmd/apiserver/dependencies.go:152.61,155.4 2 0
github.com/fntelecomllc/studio/backend/cmd/apiserver/dependencies.go:155.9,157.4 1 0
github.com/fntelecomllc/studio/backend/cmd/apiserver/dependencies.go:161.2,161.84 1 0
github.com/fntelecomllc/studio/backend/cmd/apiserver/dependencies.go:161.84,163.22 2 0
github.com/fntelecomllc/studio/backend/cmd/apiserver/dependencies.go:164.22,165.70 1 0
github.com/fntelecomllc/studio/backend/cmd/apiserver/dependencies.go:166.18,167.66 1 0
github.com/fntelecomllc/studio/backend/cmd/apiserver/dependencies.go:168.21,169.69 1 0
github.com/fntelecomllc/studio/backend/cmd/apiserver/dependencies.go:170.11,171.66 1 0
github.com/fntelecomllc/studio/backend/cmd/apiserver/dependencies.go:173.3,173.88 1 0
github.com/fntelecomllc/studio/backend/cmd/apiserver/dependencies.go:176.2,181.44 3 0
github.com/fntelecomllc/studio/backend/cmd/apiserver/dependencies.go:181.44,183.3 1 0
github.com/fntelecomllc/studio/backend/cmd/apiserver/dependencies.go:183.8,190.22 7 0
github.com/fntelecomllc/studio/backend/cmd/apiserver/dependencies.go:190.22,192.4 1 0
github.com/fntelecomllc/studio/backend/cmd/apiserver/dependencies.go:193.3,193.87 1 0
github.com/fntelecomllc/studio/backend/cmd/apiserver/dependencies.go:193.87,196.4 1 0
github.com/fntelecomllc/studio/backend/cmd/apiserver/dependencies.go:196.9,198.4 1 0
github.com/fntelecomllc/studio/backend/cmd/apiserver/dependencies.go:201.2,201.15 1 0
github.com/fntelecomllc/studio/backend/cmd/apiserver/dependencies.go:201.15,203.17 2 0
github.com/fntelecomllc/studio/backend/cmd/apiserver/dependencies.go:203.17,205.4 1 0
github.com/fntelecomllc/studio/backend/cmd/apiserver/dependencies.go:206.3,222.58 12 0
github.com/fntelecomllc/studio/backend/cmd/apiserver/dependencies.go:222.58,224.11 1 0
github.com/fntelecomllc/studio/backend/cmd/apiserver/dependencies.go:224.11,225.18 1 0
github.com/fntelecomllc/studio/backend/cmd/apiserver/dependencies.go:225.18,225.35 1 0
github.com/fntelecomllc/studio/backend/cmd/apiserver/dependencies.go:226.5,228.33 2 0
github.com/fntelecomllc/studio/backend/cmd/apiserver/dependencies.go:228.33,232.6 3 0
github.com/fntelecomllc/studio/backend/cmd/apiserver/dependencies.go:238.2,239.16 2 0
github.com/fntelecomllc/studio/backend/cmd/apiserver/dependencies.go:239.16,241.3 1 0
github.com/fntelecomllc/studio/backend/cmd/apiserver/dependencies.go:244.2,244.48 1 0
github.com/fntelecomllc/studio/backend/cmd/apiserver/dependencies.go:244.48,246.29 2 0
github.com/fntelecomllc/studio/backend/cmd/apiserver/dependencies.go:246.29,247.57 1 0
github.com/fntelecomllc/studio/backend/cmd/apiserver/dependencies.go:247.57,249.5 1 0
github.com/fntelecomllc/studio/backend/cmd/apiserver/dependencies.go:249.10,251.5 1 0
github.com/fntelecomllc/studio/backend/cmd/apiserver/dependencies.go:253.3,253.101 1 0
github.com/fntelecomllc/studio/backend/cmd/apiserver/dependencies.go:257.2,260.26 4 0
github.com/fntelecomllc/studio/backend/cmd/apiserver/dependencies.go:260.26,262.3 1 0
github.com/fntelecomllc/studio/backend/cmd/apiserver/dependencies.go:262.8,264.3 1 0
github.com/fntelecomllc/studio/backend/cmd/apiserver/dependencies.go:267.2,272.20 5 0
github.com/fntelecomllc/studio/backend/cmd/apiserver/dependencies.go:272.20,274.3 1 0
github.com/fntelecomllc/studio/backend/cmd/apiserver/dependencies.go:275.2,318.33 21 0
github.com/fntelecomllc/studio/backend/cmd/apiserver/dependencies.go:318.33,332.3 2 0
github.com/fntelecomllc/studio/backend/cmd/apiserver/dependencies.go:335.2,346.58 7 0
github.com/fntelecomllc/studio/backend/cmd/apiserver/dependencies.go:346.58,355.3 3 0
github.com/fntelecomllc/studio/backend/cmd/apiserver/dependencies.go:357.2,357.18 1 0
github.com/fntelecomllc/studio/backend/cmd/apiserver/handlers_auth.go:17.124,18.64 1 0
github.com/fntelecomllc/studio/backend/cmd/apiserver/handlers_auth.go:18.64,20.3 1 0
github.com/fntelecomllc/studio/backend/cmd/apiserver/handlers_auth.go:21.2,21.112 1 0
github.com/fntelecomllc/studio/backend/cmd/apiserver/handlers_auth.go:21.112,23.3 1 0
github.com/fntelecomllc/studio/backend/cmd/apiserver/handlers_auth.go:26.2,37.173 3 0
github.com/fntelecomllc/studio/backend/cmd/apiserver/handlers_auth.go:37.173,38.27 1 0
github.com/fntelecomllc/studio/backend/cmd/apiserver/handlers_auth.go:38.27,40.4 1 0
github.com/fntelecomllc/studio/backend/cmd/apiserver/handlers_auth.go:41.3,41.266 1 0
github.com/fntelecomllc/studio/backend/cmd/apiserver/handlers_auth.go:44.2,44.15 1 0
github.com/fntelecomllc/studio/backend/cmd/apiserver/handlers_auth.go:44.15,46.3 1 0
github.com/fntelecomllc/studio/backend/cmd/apiserver/handlers_auth.go:47.2,47.14 1 0
github.com/fntelecomllc/studio/backend/cmd/apiserver/handlers_auth.go:47.14,48.62 1 0
github.com/fntelecomllc/studio/backend/cmd/apiserver/handlers_auth.go:48.62,50.4 1 0
github.com/fntelecomllc/studio/backend/cmd/apiserver/handlers_auth.go:53.2,53.101 1 0
github.com/fntelecomllc/studio/backend/cmd/apiserver/handlers_auth.go:53.101,55.3 1 0
github.com/fntelecomllc/studio/backend/cmd/apiserver/handlers_auth.go:58.2,59.16 2 0
github.com/fntelecomllc/studio/backend/cmd/apiserver/handlers_auth.go:59.16,61.3 1 0
github.com/fntelecomllc/studio/backend/cmd/apiserver/handlers_auth.go:64.2,67.119 4 0
github.com/fntelecomllc/studio/backend/cmd/apiserver/handlers_auth.go:71.127,72.44 1 0
github.com/fntelecomllc/studio/backend/cmd/apiserver/handlers_auth.go:72.44,74.3 1 0
github.com/fntelecomllc/studio/backend/cmd/apiserver/handlers_auth.go:75.2,76.14 2 0
github.com/fntelecomllc/studio/backend/cmd/apiserver/handlers_auth.go:76.14,78.3 1 0
github.com/fntelecomllc/studio/backend/cmd/apiserver/handlers_auth.go:79.2,80.15 2 0
github.com/fntelecomllc/studio/backend/cmd/apiserver/handlers_auth.go:80.15,82.3 1 0
github.com/fntelecomllc/studio/backend/cmd/apiserver/handlers_auth.go:83.2,87.88 3 0
github.com/fntelecomllc/studio/backend/cmd/apiserver/handlers_auth.go:91.115,92.39 1 0
github.com/fntelecomllc/studio/backend/cmd/apiserver/handlers_auth.go:92.39,94.3 1 0
github.com/fntelecomllc/studio/backend/cmd/apiserver/handlers_auth.go:95.2,96.14 2 0
github.com/fntelecomllc/studio/backend/cmd/apiserver/handlers_auth.go:96.14,98.3 1 0
github.com/fntelecomllc/studio/backend/cmd/apiserver/handlers_auth.go:99.2,100.23 2 0
github.com/fntelecomllc/studio/backend/cmd/apiserver/handlers_auth.go:101.14,104.17 3 0
github.com/fntelecomllc/studio/backend/cmd/apiserver/handlers_auth.go:104.17,106.4 1 0
github.com/fntelecomllc/studio/backend/cmd/apiserver/handlers_auth.go:107.17,108.10 1 0
github.com/fntelecomllc/studio/backend/cmd/apiserver/handlers_auth.go:109.10,110.242 1 0
github.com/fntelecomllc/studio/backend/cmd/apiserver/handlers_auth.go:113.2,116.188 4 0
github.com/fntelecomllc/studio/backend/cmd/apiserver/handlers_auth.go:116.188,117.27 1 0
github.com/fntelecomllc/studio/backend/cmd/apiserver/handlers_auth.go:117.27,119.4 1 0
github.com/fntelecomllc/studio/backend/cmd/apiserver/handlers_auth.go:120.3,120.262 1 0
github.com/fntelecomllc/studio/backend/cmd/apiserver/handlers_auth.go:122.2,124.116 3 0
github.com/fntelecomllc/studio/backend/cmd/apiserver/handlers_auth.go:128.130,129.64 1 0
github.com/fntelecomllc/studio/backend/cmd/apiserver/handlers_auth.go:129.64,131.3 1 0
github.com/fntelecomllc/studio/backend/cmd/apiserver/handlers_auth.go:132.2,134.36 3 0
github.com/fntelecomllc/studio/backend/cmd/apiserver/handlers_auth.go:134.36,136.3 1 0
github.com/fntelecomllc/studio/backend/cmd/apiserver/handlers_auth.go:137.2,139.28 3 0
github.com/fntelecomllc/studio/backend/cmd/apiserver/handlers_auth.go:140.14,143.17 3 0
github.com/fntelecomllc/studio/backend/cmd/apiserver/handlers_auth.go:143.17,145.4 1 0
github.com/fntelecomllc/studio/backend/cmd/apiserver/handlers_auth.go:146.17,147.10 1 0
github.com/fntelecomllc/studio/backend/cmd/apiserver/handlers_auth.go:148.10,149.247 1 0
github.com/fntelecomllc/studio/backend/cmd/apiserver/handlers_auth.go:154.2,155.123 2 0
github.com/fntelecomllc/studio/backend/cmd/apiserver/handlers_auth.go:155.123,157.3 1 0
github.com/fntelecomllc/studio/backend/cmd/apiserver/handlers_auth.go:158.2,159.66 2 0
github.com/fntelecomllc/studio/backend/cmd/apiserver/handlers_auth.go:159.66,161.3 1 0
github.com/fntelecomllc/studio/backend/cmd/apiserver/handlers_auth.go:164.2,167.188 4 0
github.com/fntelecomllc/studio/backend/cmd/apiserver/handlers_auth.go:167.188,169.3 1 0
github.com/fntelecomllc/studio/backend/cmd/apiserver/handlers_auth.go:170.2,173.121 4 0
github.com/fntelecomllc/studio/backend/cmd/apiserver/handlers_auth.go:177.63,178.39 1 0
github.com/fntelecomllc/studio/backend/cmd/apiserver/handlers_auth.go:178.39,180.17 2 0
github.com/fntelecomllc/studio/backend/cmd/apiserver/handlers_auth.go:180.17,182.4 1 0
github.com/fntelecomllc/studio/backend/cmd/apiserver/handlers_auth.go:184.2,184.43 1 0
github.com/fntelecomllc/studio/backend/cmd/apiserver/handlers_auth.go:184.43,186.3 1 0
github.com/fntelecomllc/studio/backend/cmd/apiserver/handlers_auth.go:187.2,187.14 1 0
github.com/fntelecomllc/studio/backend/cmd/apiserver/handlers_auth.go:191.151,192.39 1 0
github.com/fntelecomllc/studio/backend/cmd/apiserver/handlers_auth.go:192.39,194.3 1 0
github.com/fntelecomllc/studio/backend/cmd/apiserver/handlers_auth.go:196.2,197.14 2 0
github.com/fntelecomllc/studio/backend/cmd/apiserver/handlers_auth.go:197.14,199.3 1 0
github.com/fntelecomllc/studio/backend/cmd/apiserver/handlers_auth.go:200.2,202.16 3 0
github.com/fntelecomllc/studio/backend/cmd/apiserver/handlers_auth.go:202.16,204.3 1 0
github.com/fntelecomllc/studio/backend/cmd/apiserver/handlers_auth.go:205.2,205.113 1 0
github.com/fntelecomllc/studio/backend/cmd/apiserver/handlers_auth.go:205.113,207.3 1 0
github.com/fntelecomllc/studio/backend/cmd/apiserver/handlers_auth.go:209.2,210.125 2 0
github.com/fntelecomllc/studio/backend/cmd/apiserver/handlers_auth.go:210.125,212.3 1 0
github.com/fntelecomllc/studio/backend/cmd/apiserver/handlers_auth.go:213.2,213.38 1 0
github.com/fntelecomllc/studio/backend/cmd/apiserver/handlers_auth.go:213.38,215.3 1 0
github.com/fntelecomllc/studio/backend/cmd/apiserver/handlers_auth.go:217.2,219.16 3 0
github.com/fntelecomllc/studio/backend/cmd/apiserver/handlers_auth.go:219.16,220.27 1 0
github.com/fntelecomllc/studio/backend/cmd/apiserver/handlers_auth.go:220.27,222.4 1 0
github.com/fntelecomllc/studio/backend/cmd/apiserver/handlers_auth.go:223.3,223.275 1 0
github.com/fntelecomllc/studio/backend/cmd/apiserver/handlers_auth.go:225.2,225.102 1 0
github.com/fntelecomllc/studio/backend/cmd/apiserver/handlers_auth.go:225.102,227.3 1 0
github.com/fntelecomllc/studio/backend/cmd/apiserver/handlers_auth.go:229.2,230.118 2 0
github.com/fntelecomllc/studio/backend/cmd/apiserver/handlers_auth.go:230.118,232.3 1 0
github.com/fntelecomllc/studio/backend/cmd/apiserver/handlers_auth.go:233.2,234.16 2 0
github.com/fntelecomllc/studio/backend/cmd/apiserver/handlers_auth.go:234.16,236.3 1 0
github.com/fntelecomllc/studio/backend/cmd/apiserver/handlers_auth.go:237.2,239.146 2 0
github.com/fntelecomllc/studio/backend/cmd/apiserver/handlers_auth.go:239.146,241.3 1 0
github.com/fntelecomllc/studio/backend/cmd/apiserver/handlers_auth.go:243.2,243.27 1 0
github.com/fntelecomllc/studio/backend/cmd/apiserver/handlers_auth.go:243.27,245.3 1 0
github.com/fntelecomllc/studio/backend/cmd/apiserver/handlers_auth.go:246.2,246.115 1 0
github.com/fntelecomllc/studio/backend/cmd/apiserver/handlers_bulk_domains_analyze.go:12.151,13.19 1 0
github.com/fntelecomllc/studio/backend/cmd/apiserver/handlers_bulk_domains_analyze.go:13.19,19.3 1 0
github.com/fntelecomllc/studio/backend/cmd/apiserver/handlers_bulk_domains_analyze.go:22.2,28.41 5 0
github.com/fntelecomllc/studio/backend/cmd/apiserver/handlers_bulk_domains_analyze.go:28.41,29.56 1 0
github.com/fntelecomllc/studio/backend/cmd/apiserver/handlers_bulk_domains_analyze.go:29.56,30.105 1 0
github.com/fntelecomllc/studio/backend/cmd/apiserver/handlers_bulk_domains_analyze.go:30.105,32.5 1 0
github.com/fntelecomllc/studio/backend/cmd/apiserver/handlers_bulk_domains_analyze.go:33.4,33.109 1 0
github.com/fntelecomllc/studio/backend/cmd/apiserver/handlers_bulk_domains_analyze.go:33.109,35.5 1 0
github.com/fntelecomllc/studio/backend/cmd/apiserver/handlers_bulk_domains_analyze.go:37.3,37.33 1 0
github.com/fntelecomllc/studio/backend/cmd/apiserver/handlers_bulk_domains_analyze.go:37.33,38.114 1 0
github.com/fntelecomllc/studio/backend/cmd/apiserver/handlers_bulk_domains_analyze.go:38.114,39.49 1 0
github.com/fntelecomllc/studio/backend/cmd/apiserver/handlers_bulk_domains_analyze.go:39.49,41.6 1 0
github.com/fntelecomllc/studio/backend/cmd/apiserver/handlers_bulk_domains_analyze.go:47.2,48.22 2 0
github.com/fntelecomllc/studio/backend/cmd/apiserver/handlers_bulk_domains_analyze.go:48.22,51.3 2 0
github.com/fntelecomllc/studio/backend/cmd/apiserver/handlers_bulk_domains_analyze.go:54.2,56.19 3 0
github.com/fntelecomllc/studio/backend/cmd/apiserver/handlers_bulk_domains_analyze.go:57.27,58.56 1 0
github.com/fntelecomllc/studio/backend/cmd/apiserver/handlers_bulk_domains_analyze.go:59.25,60.54 1 0
github.com/fntelecomllc/studio/backend/cmd/apiserver/handlers_bulk_domains_analyze.go:61.25,62.54 1 0
github.com/fntelecomllc/studio/backend/cmd/apiserver/handlers_bulk_domains_analyze.go:63.10,65.54 1 0
github.com/fntelecomllc/studio/backend/cmd/apiserver/handlers_bulk_domains_analyze.go:68.2,108.8 5 0
github.com/fntelecomllc/studio/backend/cmd/apiserver/handlers_bulk_domains_analyze.go:111.37,111.50 1 0
github.com/fntelecomllc/studio/backend/cmd/apiserver/handlers_bulk_domains_analyze.go:112.37,112.50 1 0
github.com/fntelecomllc/studio/backend/cmd/apiserver/handlers_bulk_domains_generation.go:13.154,14.19 1 0
github.com/fntelecomllc/studio/backend/cmd/apiserver/handlers_bulk_domains_generation.go:14.19,20.3 1 0
github.com/fntelecomllc/studio/backend/cmd/apiserver/handlers_bulk_domains_generation.go:22.2,23.39 2 0
github.com/fntelecomllc/studio/backend/cmd/apiserver/handlers_bulk_domains_generation.go:23.39,25.3 1 0
github.com/fntelecomllc/studio/backend/cmd/apiserver/handlers_bulk_domains_generation.go:26.2,44.49 4 0
github.com/fntelecomllc/studio/backend/cmd/apiserver/handlers_bulk_domains_generation.go:44.49,46.40 1 0
github.com/fntelecomllc/studio/backend/cmd/apiserver/handlers_bulk_domains_generation.go:46.40,53.97 3 0
github.com/fntelecomllc/studio/backend/cmd/apiserver/handlers_bulk_domains_generation.go:53.97,61.5 1 0
github.com/fntelecomllc/studio/backend/cmd/apiserver/handlers_bulk_domains_generation.go:63.4,64.107 2 0
github.com/fntelecomllc/studio/backend/cmd/apiserver/handlers_bulk_domains_generation.go:64.107,67.5 2 0
github.com/fntelecomllc/studio/backend/cmd/apiserver/handlers_bulk_domains_generation.go:68.4,88.5 3 0
github.com/fntelecomllc/studio/backend/cmd/apiserver/handlers_bulk_domains_generation.go:92.2,97.8 1 0
github.com/fntelecomllc/studio/backend/cmd/apiserver/handlers_bulk_domains_generation.go:100.34,100.47 1 0
github.com/fntelecomllc/studio/backend/cmd/apiserver/handlers_bulk_domains_validate_dns.go:13.142,14.19 1 0
github.com/fntelecomllc/studio/backend/cmd/apiserver/handlers_bulk_domains_validate_dns.go:14.19,20.3 1 0
github.com/fntelecomllc/studio/backend/cmd/apiserver/handlers_bulk_domains_validate_dns.go:22.2,23.39 2 0
github.com/fntelecomllc/studio/backend/cmd/apiserver/handlers_bulk_domains_validate_dns.go:23.39,25.3 1 0
github.com/fntelecomllc/studio/backend/cmd/apiserver/handlers_bulk_domains_validate_dns.go:26.2,43.49 3 0
github.com/fntelecomllc/studio/backend/cmd/apiserver/handlers_bulk_domains_validate_dns.go:43.49,44.40 1 0
github.com/fntelecomllc/studio/backend/cmd/apiserver/handlers_bulk_domains_validate_dns.go:44.40,51.104 4 0
github.com/fntelecomllc/studio/backend/cmd/apiserver/handlers_bulk_domains_validate_dns.go:51.104,54.5 2 0
github.com/fntelecomllc/studio/backend/cmd/apiserver/handlers_bulk_domains_validate_dns.go:55.4,77.5 4 0
github.com/fntelecomllc/studio/backend/cmd/apiserver/handlers_bulk_domains_validate_dns.go:81.2,86.8 1 0
github.com/fntelecomllc/studio/backend/cmd/apiserver/handlers_bulk_domains_validate_http.go:13.145,14.19 1 0
github.com/fntelecomllc/studio/backend/cmd/apiserver/handlers_bulk_domains_validate_http.go:14.19,20.3 1 0
github.com/fntelecomllc/studio/backend/cmd/apiserver/handlers_bulk_domains_validate_http.go:21.2,22.39 2 0
github.com/fntelecomllc/studio/backend/cmd/apiserver/handlers_bulk_domains_validate_http.go:22.39,24.3 1 0
github.com/fntelecomllc/studio/backend/cmd/apiserver/handlers_bulk_domains_validate_http.go:25.2,42.49 3 0
github.com/fntelecomllc/studio/backend/cmd/apiserver/handlers_bulk_domains_validate_http.go:42.49,43.40 1 0
github.com/fntelecomllc/studio/backend/cmd/apiserver/handlers_bulk_domains_validate_http.go:43.40,50.105 4 0
github.com/fntelecomllc/studio/backend/cmd/apiserver/handlers_bulk_domains_validate_http.go:50.105,53.5 2 0
github.com/fntelecomllc/studio/backend/cmd/apiserver/handlers_bulk_domains_validate_http.go:54.4,76.5 4 0
github.com/fntelecomllc/studio/backend/cmd/apiserver/handlers_bulk_domains_validate_http.go:80.2,85.8 1 0
github.com/fntelecomllc/studio/backend/cmd/apiserver/handlers_bulk_operations_control.go:11.154,14.12 3 0
github.com/fntelecomllc/studio/backend/cmd/apiserver/handlers_bulk_operations_control.go:15.27,16.50 1 0
github.com/fntelecomllc/studio/backend/cmd/apiserver/handlers_bulk_operations_control.go:17.10,18.51 1 0
github.com/fntelecomllc/studio/backend/cmd/apiserver/handlers_bulk_operations_control.go:20.2,28.8 1 0
github.com/fntelecomllc/studio/backend/cmd/apiserver/handlers_bulk_operations_control.go:32.163,36.93 4 0
github.com/fntelecomllc/studio/backend/cmd/apiserver/handlers_bulk_operations_control.go:36.93,40.3 3 0
github.com/fntelecomllc/studio/backend/cmd/apiserver/handlers_bulk_operations_control.go:41.2,51.8 1 0
github.com/fntelecomllc/studio/backend/cmd/apiserver/handlers_bulk_operations_list.go:11.178,17.44 2 0
github.com/fntelecomllc/studio/backend/cmd/apiserver/handlers_bulk_operations_list.go:17.44,18.44 1 0
github.com/fntelecomllc/studio/backend/cmd/apiserver/handlers_bulk_operations_list.go:18.44,27.4 4 0
github.com/fntelecomllc/studio/backend/cmd/apiserver/handlers_bulk_operations_list.go:29.2,34.8 1 0
github.com/fntelecomllc/studio/backend/cmd/apiserver/handlers_bulk_operations_list.go:36.31,36.44 1 0
github.com/fntelecomllc/studio/backend/cmd/apiserver/handlers_bulk_resources.go:13.160,48.2 10 0
github.com/fntelecomllc/studio/backend/cmd/apiserver/handlers_bulk_resources.go:51.160,62.2 2 0
github.com/fntelecomllc/studio/backend/cmd/apiserver/handlers_campaigns.go:44.33,45.35 1 1
github.com/fntelecomllc/studio/backend/cmd/apiserver/handlers_campaigns.go:45.35,51.3 2 1
github.com/fntelecomllc/studio/backend/cmd/apiserver/handlers_campaigns.go:59.107,62.2 2 0
github.com/fntelecomllc/studio/backend/cmd/apiserver/handlers_campaigns.go:65.157,66.72 1 0
github.com/fntelecomllc/studio/backend/cmd/apiserver/handlers_campaigns.go:66.72,68.3 1 0
github.com/fntelecomllc/studio/backend/cmd/apiserver/handlers_campaigns.go:69.2,69.26 1 0
github.com/fntelecomllc/studio/backend/cmd/apiserver/handlers_campaigns.go:69.26,71.3 1 0
github.com/fntelecomllc/studio/backend/cmd/apiserver/handlers_campaigns.go:73.2,74.16 2 0
github.com/fntelecomllc/studio/backend/cmd/apiserver/handlers_campaigns.go:74.16,75.31 1 0
github.com/fntelecomllc/studio/backend/cmd/apiserver/handlers_campaigns.go:75.31,77.4 1 0
github.com/fntelecomllc/studio/backend/cmd/apiserver/handlers_campaigns.go:78.3,78.281 1 0
github.com/fntelecomllc/studio/backend/cmd/apiserver/handlers_campaigns.go:80.2,84.126 3 0
github.com/fntelecomllc/studio/backend/cmd/apiserver/handlers_campaigns.go:84.126,86.32 2 0
github.com/fntelecomllc/studio/backend/cmd/apiserver/handlers_campaigns.go:86.32,90.4 3 0
github.com/fntelecomllc/studio/backend/cmd/apiserver/handlers_campaigns.go:91.3,91.16 1 0
github.com/fntelecomllc/studio/backend/cmd/apiserver/handlers_campaigns.go:93.2,94.127 2 0
github.com/fntelecomllc/studio/backend/cmd/apiserver/handlers_campaigns.go:94.127,95.27 1 0
github.com/fntelecomllc/studio/backend/cmd/apiserver/handlers_campaigns.go:95.27,96.17 1 0
github.com/fntelecomllc/studio/backend/cmd/apiserver/handlers_campaigns.go:96.17,98.5 1 0
github.com/fntelecomllc/studio/backend/cmd/apiserver/handlers_campaigns.go:101.2,104.35 2 0
github.com/fntelecomllc/studio/backend/cmd/apiserver/handlers_campaigns.go:104.35,105.112 1 0
github.com/fntelecomllc/studio/backend/cmd/apiserver/handlers_campaigns.go:105.112,107.24 2 0
github.com/fntelecomllc/studio/backend/cmd/apiserver/handlers_campaigns.go:107.24,109.5 1 0
github.com/fntelecomllc/studio/backend/cmd/apiserver/handlers_campaigns.go:111.4,111.29 1 0
github.com/fntelecomllc/studio/backend/cmd/apiserver/handlers_campaigns.go:111.29,116.5 3 0
github.com/fntelecomllc/studio/backend/cmd/apiserver/handlers_campaigns.go:117.4,117.43 1 0
github.com/fntelecomllc/studio/backend/cmd/apiserver/handlers_campaigns.go:117.43,120.5 2 0
github.com/fntelecomllc/studio/backend/cmd/apiserver/handlers_campaigns.go:121.4,121.63 1 0
github.com/fntelecomllc/studio/backend/cmd/apiserver/handlers_campaigns.go:124.2,124.21 1 0
github.com/fntelecomllc/studio/backend/cmd/apiserver/handlers_campaigns.go:124.21,126.3 1 0
github.com/fntelecomllc/studio/backend/cmd/apiserver/handlers_campaigns.go:127.2,127.20 1 0
github.com/fntelecomllc/studio/backend/cmd/apiserver/handlers_campaigns.go:127.20,129.3 1 0
github.com/fntelecomllc/studio/backend/cmd/apiserver/handlers_campaigns.go:130.2,130.134 1 0
github.com/fntelecomllc/studio/backend/cmd/apiserver/handlers_campaigns.go:134.108,136.15 2 0
github.com/fntelecomllc/studio/backend/cmd/apiserver/handlers_campaigns.go:136.15,138.3 1 0
github.com/fntelecomllc/studio/backend/cmd/apiserver/handlers_campaigns.go:140.2,140.39 1 0
github.com/fntelecomllc/studio/backend/cmd/apiserver/handlers_campaigns.go:140.39,141.27 1 0
github.com/fntelecomllc/studio/backend/cmd/apiserver/handlers_campaigns.go:141.27,142.33 1 0
github.com/fntelecomllc/studio/backend/cmd/apiserver/handlers_campaigns.go:142.33,144.5 1 0
github.com/fntelecomllc/studio/backend/cmd/apiserver/handlers_campaigns.go:146.3,146.12 1 0
github.com/fntelecomllc/studio/backend/cmd/apiserver/handlers_campaigns.go:149.2,149.42 1 0
github.com/fntelecomllc/studio/backend/cmd/apiserver/handlers_campaigns.go:149.42,150.27 1 0
github.com/fntelecomllc/studio/backend/cmd/apiserver/handlers_campaigns.go:150.27,151.25 1 0
github.com/fntelecomllc/studio/backend/cmd/apiserver/handlers_campaigns.go:152.17,153.18 1 0
github.com/fntelecomllc/studio/backend/cmd/apiserver/handlers_campaigns.go:154.13,155.13 1 0
github.com/fntelecomllc/studio/backend/cmd/apiserver/handlers_campaigns.go:156.15,157.18 1 0
github.com/fntelecomllc/studio/backend/cmd/apiserver/handlers_campaigns.go:158.15,159.18 1 0
github.com/fntelecomllc/studio/backend/cmd/apiserver/handlers_campaigns.go:162.3,162.13 1 0
github.com/fntelecomllc/studio/backend/cmd/apiserver/handlers_campaigns.go:165.2,165.48 1 0
github.com/fntelecomllc/studio/backend/cmd/apiserver/handlers_campaigns.go:165.48,166.27 1 0
github.com/fntelecomllc/studio/backend/cmd/apiserver/handlers_campaigns.go:166.27,167.25 1 0
github.com/fntelecomllc/studio/backend/cmd/apiserver/handlers_campaigns.go:168.17,169.20 1 0
github.com/fntelecomllc/studio/backend/cmd/apiserver/handlers_campaigns.go:170.13,171.20 1 0
github.com/fntelecomllc/studio/backend/cmd/apiserver/handlers_campaigns.go:172.15,173.20 1 0
github.com/fntelecomllc/studio/backend/cmd/apiserver/handlers_campaigns.go:174.15,175.13 1 0
github.com/fntelecomllc/studio/backend/cmd/apiserver/handlers_campaigns.go:178.3,178.13 1 0
github.com/fntelecomllc/studio/backend/cmd/apiserver/handlers_campaigns.go:181.2,181.26 1 0
github.com/fntelecomllc/studio/backend/cmd/apiserver/handlers_campaigns.go:181.26,182.29 1 0
github.com/fntelecomllc/studio/backend/cmd/apiserver/handlers_campaigns.go:182.29,183.44 1 0
github.com/fntelecomllc/studio/backend/cmd/apiserver/handlers_campaigns.go:183.44,185.5 1 0
github.com/fntelecomllc/studio/backend/cmd/apiserver/handlers_campaigns.go:187.3,187.30 1 0
github.com/fntelecomllc/studio/backend/cmd/apiserver/handlers_campaigns.go:187.30,188.58 1 0
github.com/fntelecomllc/studio/backend/cmd/apiserver/handlers_campaigns.go:188.58,189.39 1 0
github.com/fntelecomllc/studio/backend/cmd/apiserver/handlers_campaigns.go:189.39,191.6 1 0
github.com/fntelecomllc/studio/backend/cmd/apiserver/handlers_campaigns.go:193.4,193.55 1 0
github.com/fntelecomllc/studio/backend/cmd/apiserver/handlers_campaigns.go:193.55,195.5 1 0
github.com/fntelecomllc/studio/backend/cmd/apiserver/handlers_campaigns.go:197.3,197.12 1 0
github.com/fntelecomllc/studio/backend/cmd/apiserver/handlers_campaigns.go:200.2,201.27 2 0
github.com/fntelecomllc/studio/backend/cmd/apiserver/handlers_campaigns.go:201.27,203.46 1 0
github.com/fntelecomllc/studio/backend/cmd/apiserver/handlers_campaigns.go:203.46,205.4 1 0
github.com/fntelecomllc/studio/backend/cmd/apiserver/handlers_campaigns.go:207.2,208.29 2 0
github.com/fntelecomllc/studio/backend/cmd/apiserver/handlers_campaigns.go:208.29,210.3 1 0
github.com/fntelecomllc/studio/backend/cmd/apiserver/handlers_campaigns.go:211.2,212.28 2 0
github.com/fntelecomllc/studio/backend/cmd/apiserver/handlers_campaigns.go:212.28,214.3 1 0
github.com/fntelecomllc/studio/backend/cmd/apiserver/handlers_campaigns.go:215.2,216.30 2 0
github.com/fntelecomllc/studio/backend/cmd/apiserver/handlers_campaigns.go:216.30,218.3 1 0
github.com/fntelecomllc/studio/backend/cmd/apiserver/handlers_campaigns.go:219.2,221.25 3 0
github.com/fntelecomllc/studio/backend/cmd/apiserver/handlers_campaigns.go:221.25,223.3 1 0
github.com/fntelecomllc/studio/backend/cmd/apiserver/handlers_campaigns.go:224.2,225.24 2 0
github.com/fntelecomllc/studio/backend/cmd/apiserver/handlers_campaigns.go:225.24,227.3 1 0
github.com/fntelecomllc/studio/backend/cmd/apiserver/handlers_campaigns.go:228.2,229.26 2 0
github.com/fntelecomllc/studio/backend/cmd/apiserver/handlers_campaigns.go:229.26,231.3 1 0
github.com/fntelecomllc/studio/backend/cmd/apiserver/handlers_campaigns.go:234.2,234.28 1 0
github.com/fntelecomllc/studio/backend/cmd/apiserver/handlers_campaigns.go:234.28,236.3 1 0
github.com/fntelecomllc/studio/backend/cmd/apiserver/handlers_campaigns.go:237.2,237.28 1 0
github.com/fntelecomllc/studio/backend/cmd/apiserver/handlers_campaigns.go:237.28,239.3 1 0
github.com/fntelecomllc/studio/backend/cmd/apiserver/handlers_campaigns.go:240.2,240.19 1 0
github.com/fntelecomllc/studio/backend/cmd/apiserver/handlers_campaigns.go:240.19,242.3 1 0
github.com/fntelecomllc/studio/backend/cmd/apiserver/handlers_campaigns.go:243.2,243.25 1 0
github.com/fntelecomllc/studio/backend/cmd/apiserver/handlers_campaigns.go:243.25,245.3 1 0
github.com/fntelecomllc/studio/backend/cmd/apiserver/handlers_campaigns.go:246.2,246.27 1 0
github.com/fntelecomllc/studio/backend/cmd/apiserver/handlers_campaigns.go:246.27,248.3 1 0
github.com/fntelecomllc/studio/backend/cmd/apiserver/handlers_campaigns.go:249.2,249.17 1 0
github.com/fntelecomllc/studio/backend/cmd/apiserver/handlers_campaigns.go:253.136,254.72 1 0
github.com/fntelecomllc/studio/backend/cmd/apiserver/handlers_campaigns.go:254.72,256.3 1 0
github.com/fntelecomllc/studio/backend/cmd/apiserver/handlers_campaigns.go:258.2,260.41 2 0
github.com/fntelecomllc/studio/backend/cmd/apiserver/handlers_campaigns.go:260.41,261.41 1 0
github.com/fntelecomllc/studio/backend/cmd/apiserver/handlers_campaigns.go:261.41,263.4 1 0
github.com/fntelecomllc/studio/backend/cmd/apiserver/handlers_campaigns.go:265.2,266.16 2 0
github.com/fntelecomllc/studio/backend/cmd/apiserver/handlers_campaigns.go:266.16,270.3 2 0
github.com/fntelecomllc/studio/backend/cmd/apiserver/handlers_campaigns.go:271.2,272.25 2 0
github.com/fntelecomllc/studio/backend/cmd/apiserver/handlers_campaigns.go:272.25,275.3 2 0
github.com/fntelecomllc/studio/backend/cmd/apiserver/handlers_campaigns.go:276.2,276.122 1 0
github.com/fntelecomllc/studio/backend/cmd/apiserver/handlers_campaigns.go:280.142,281.72 1 0
github.com/fntelecomllc/studio/backend/cmd/apiserver/handlers_campaigns.go:281.72,283.3 1 0
github.com/fntelecomllc/studio/backend/cmd/apiserver/handlers_campaigns.go:284.2,284.40 1 0
github.com/fntelecomllc/studio/backend/cmd/apiserver/handlers_campaigns.go:284.40,286.3 1 0
github.com/fntelecomllc/studio/backend/cmd/apiserver/handlers_campaigns.go:288.2,296.41 6 0
github.com/fntelecomllc/studio/backend/cmd/apiserver/handlers_campaigns.go:296.41,297.41 1 0
github.com/fntelecomllc/studio/backend/cmd/apiserver/handlers_campaigns.go:297.41,299.45 2 0
github.com/fntelecomllc/studio/backend/cmd/apiserver/handlers_campaigns.go:299.45,302.5 2 0
github.com/fntelecomllc/studio/backend/cmd/apiserver/handlers_campaigns.go:302.10,304.5 1 0
github.com/fntelecomllc/studio/backend/cmd/apiserver/handlers_campaigns.go:309.2,309.22 1 0
github.com/fntelecomllc/studio/backend/cmd/apiserver/handlers_campaigns.go:309.22,311.125 2 0
github.com/fntelecomllc/studio/backend/cmd/apiserver/handlers_campaigns.go:311.125,312.15 1 0
github.com/fntelecomllc/studio/backend/cmd/apiserver/handlers_campaigns.go:312.15,315.5 2 0
github.com/fntelecomllc/studio/backend/cmd/apiserver/handlers_campaigns.go:315.10,317.5 1 0
github.com/fntelecomllc/studio/backend/cmd/apiserver/handlers_campaigns.go:318.9,321.4 2 0
github.com/fntelecomllc/studio/backend/cmd/apiserver/handlers_campaigns.go:325.2,326.33 2 0
github.com/fntelecomllc/studio/backend/cmd/apiserver/handlers_campaigns.go:326.33,327.63 1 0
github.com/fntelecomllc/studio/backend/cmd/apiserver/handlers_campaigns.go:327.63,330.4 2 0
github.com/fntelecomllc/studio/backend/cmd/apiserver/handlers_campaigns.go:333.2,344.88 2 0
github.com/fntelecomllc/studio/backend/cmd/apiserver/handlers_campaigns.go:344.88,346.131 2 0
github.com/fntelecomllc/studio/backend/cmd/apiserver/handlers_campaigns.go:346.131,349.92 3 0
github.com/fntelecomllc/studio/backend/cmd/apiserver/handlers_campaigns.go:349.92,352.5 2 0
github.com/fntelecomllc/studio/backend/cmd/apiserver/handlers_campaigns.go:352.10,354.5 1 0
github.com/fntelecomllc/studio/backend/cmd/apiserver/handlers_campaigns.go:356.3,356.277 1 0
github.com/fntelecomllc/studio/backend/cmd/apiserver/handlers_campaigns.go:359.2,360.125 2 0
github.com/fntelecomllc/studio/backend/cmd/apiserver/handlers_campaigns.go:364.133,365.72 1 0
github.com/fntelecomllc/studio/backend/cmd/apiserver/handlers_campaigns.go:365.72,367.3 1 0
github.com/fntelecomllc/studio/backend/cmd/apiserver/handlers_campaigns.go:368.2,369.16 2 0
github.com/fntelecomllc/studio/backend/cmd/apiserver/handlers_campaigns.go:369.16,370.31 1 0
github.com/fntelecomllc/studio/backend/cmd/apiserver/handlers_campaigns.go:370.31,372.4 1 0
github.com/fntelecomllc/studio/backend/cmd/apiserver/handlers_campaigns.go:373.3,373.273 1 0
github.com/fntelecomllc/studio/backend/cmd/apiserver/handlers_campaigns.go:375.2,376.122 2 0
github.com/fntelecomllc/studio/backend/cmd/apiserver/handlers_campaigns.go:380.142,381.72 1 0
github.com/fntelecomllc/studio/backend/cmd/apiserver/handlers_campaigns.go:381.72,383.3 1 0
github.com/fntelecomllc/studio/backend/cmd/apiserver/handlers_campaigns.go:384.2,384.19 1 0
github.com/fntelecomllc/studio/backend/cmd/apiserver/handlers_campaigns.go:384.19,386.3 1 0
github.com/fntelecomllc/studio/backend/cmd/apiserver/handlers_campaigns.go:387.2,388.16 2 0
github.com/fntelecomllc/studio/backend/cmd/apiserver/handlers_campaigns.go:388.16,389.31 1 0
github.com/fntelecomllc/studio/backend/cmd/apiserver/handlers_campaigns.go:389.31,391.4 1 0
github.com/fntelecomllc/studio/backend/cmd/apiserver/handlers_campaigns.go:392.3,392.276 1 0
github.com/fntelecomllc/studio/backend/cmd/apiserver/handlers_campaigns.go:395.2,396.20 2 0
github.com/fntelecomllc/studio/backend/cmd/apiserver/handlers_campaigns.go:396.20,398.3 1 0
github.com/fntelecomllc/studio/backend/cmd/apiserver/handlers_campaigns.go:399.2,399.27 1 0
github.com/fntelecomllc/studio/backend/cmd/apiserver/handlers_campaigns.go:399.27,402.31 2 0
github.com/fntelecomllc/studio/backend/cmd/apiserver/handlers_campaigns.go:402.31,404.4 1 0
github.com/fntelecomllc/studio/backend/cmd/apiserver/handlers_campaigns.go:405.3,405.15 1 0
github.com/fntelecomllc/studio/backend/cmd/apiserver/handlers_campaigns.go:405.15,407.4 1 0
github.com/fntelecomllc/studio/backend/cmd/apiserver/handlers_campaigns.go:408.3,408.28 1 0
github.com/fntelecomllc/studio/backend/cmd/apiserver/handlers_campaigns.go:408.28,410.4 1 0
github.com/fntelecomllc/studio/backend/cmd/apiserver/handlers_campaigns.go:411.3,413.27 3 0
github.com/fntelecomllc/studio/backend/cmd/apiserver/handlers_campaigns.go:415.2,415.29 1 0
github.com/fntelecomllc/studio/backend/cmd/apiserver/handlers_campaigns.go:415.29,419.3 3 0
github.com/fntelecomllc/studio/backend/cmd/apiserver/handlers_campaigns.go:420.2,422.88 2 0
github.com/fntelecomllc/studio/backend/cmd/apiserver/handlers_campaigns.go:422.88,424.27 1 0
github.com/fntelecomllc/studio/backend/cmd/apiserver/handlers_campaigns.go:424.27,426.4 1 0
github.com/fntelecomllc/studio/backend/cmd/apiserver/handlers_campaigns.go:427.3,427.277 1 0
github.com/fntelecomllc/studio/backend/cmd/apiserver/handlers_campaigns.go:430.2,431.125 2 0
github.com/fntelecomllc/studio/backend/cmd/apiserver/handlers_campaigns.go:435.154,436.72 1 0
github.com/fntelecomllc/studio/backend/cmd/apiserver/handlers_campaigns.go:436.72,438.3 1 0
github.com/fntelecomllc/studio/backend/cmd/apiserver/handlers_campaigns.go:439.2,439.40 1 0
github.com/fntelecomllc/studio/backend/cmd/apiserver/handlers_campaigns.go:439.40,441.3 1 0
github.com/fntelecomllc/studio/backend/cmd/apiserver/handlers_campaigns.go:442.2,443.55 2 0
github.com/fntelecomllc/studio/backend/cmd/apiserver/handlers_campaigns.go:443.55,445.3 1 0
github.com/fntelecomllc/studio/backend/cmd/apiserver/handlers_campaigns.go:446.2,448.16 3 0
github.com/fntelecomllc/studio/backend/cmd/apiserver/handlers_campaigns.go:448.16,449.31 1 0
github.com/fntelecomllc/studio/backend/cmd/apiserver/handlers_campaigns.go:449.31,451.4 1 0
github.com/fntelecomllc/studio/backend/cmd/apiserver/handlers_campaigns.go:452.3,452.280 1 0
github.com/fntelecomllc/studio/backend/cmd/apiserver/handlers_campaigns.go:454.2,454.100 1 0
github.com/fntelecomllc/studio/backend/cmd/apiserver/handlers_campaigns.go:454.100,456.3 1 0
github.com/fntelecomllc/studio/backend/cmd/apiserver/handlers_campaigns.go:457.2,457.27 1 0
github.com/fntelecomllc/studio/backend/cmd/apiserver/handlers_campaigns.go:457.27,459.3 1 0
github.com/fntelecomllc/studio/backend/cmd/apiserver/handlers_campaigns.go:460.2,460.26 1 0
github.com/fntelecomllc/studio/backend/cmd/apiserver/handlers_campaigns.go:460.26,462.3 1 0
github.com/fntelecomllc/studio/backend/cmd/apiserver/handlers_campaigns.go:463.2,463.42 1 0
github.com/fntelecomllc/studio/backend/cmd/apiserver/handlers_campaigns.go:463.42,466.3 2 0
github.com/fntelecomllc/studio/backend/cmd/apiserver/handlers_campaigns.go:469.2,473.18 3 0
github.com/fntelecomllc/studio/backend/cmd/apiserver/handlers_campaigns.go:477.142,478.72 1 0
github.com/fntelecomllc/studio/backend/cmd/apiserver/handlers_campaigns.go:478.72,480.3 1 0
github.com/fntelecomllc/studio/backend/cmd/apiserver/handlers_campaigns.go:481.2,481.103 1 0
github.com/fntelecomllc/studio/backend/cmd/apiserver/handlers_campaigns.go:481.103,482.31 1 0
github.com/fntelecomllc/studio/backend/cmd/apiserver/handlers_campaigns.go:482.31,484.4 1 0
github.com/fntelecomllc/studio/backend/cmd/apiserver/handlers_campaigns.go:485.3,485.277 1 0
github.com/fntelecomllc/studio/backend/cmd/apiserver/handlers_campaigns.go:487.2,487.46 1 0
github.com/fntelecomllc/studio/backend/cmd/apiserver/handlers_campaigns.go:491.166,492.102 1 0
github.com/fntelecomllc/studio/backend/cmd/apiserver/handlers_campaigns.go:492.102,494.3 1 0
github.com/fntelecomllc/studio/backend/cmd/apiserver/handlers_campaigns.go:496.2,496.107 1 0
github.com/fntelecomllc/studio/backend/cmd/apiserver/handlers_campaigns.go:496.107,497.31 1 0
github.com/fntelecomllc/studio/backend/cmd/apiserver/handlers_campaigns.go:497.31,499.4 1 0
github.com/fntelecomllc/studio/backend/cmd/apiserver/handlers_campaigns.go:500.3,500.284 1 0
github.com/fntelecomllc/studio/backend/cmd/apiserver/handlers_campaigns.go:502.2,503.16 2 0
github.com/fntelecomllc/studio/backend/cmd/apiserver/handlers_campaigns.go:503.16,505.3 1 0
github.com/fntelecomllc/studio/backend/cmd/apiserver/handlers_campaigns.go:506.2,508.19 3 0
github.com/fntelecomllc/studio/backend/cmd/apiserver/handlers_campaigns.go:508.19,510.22 2 0
github.com/fntelecomllc/studio/backend/cmd/apiserver/handlers_campaigns.go:510.22,512.4 1 0
github.com/fntelecomllc/studio/backend/cmd/apiserver/handlers_campaigns.go:514.3,514.21 1 0
github.com/fntelecomllc/studio/backend/cmd/apiserver/handlers_campaigns.go:515.41,516.71 1 0
github.com/fntelecomllc/studio/backend/cmd/apiserver/handlers_campaigns.go:516.71,518.5 1 0
github.com/fntelecomllc/studio/backend/cmd/apiserver/handlers_campaigns.go:518.10,520.5 1 0
github.com/fntelecomllc/studio/backend/cmd/apiserver/handlers_campaigns.go:521.38,524.11 2 0
github.com/fntelecomllc/studio/backend/cmd/apiserver/handlers_campaigns.go:524.11,526.5 1 0
github.com/fntelecomllc/studio/backend/cmd/apiserver/handlers_campaigns.go:527.4,528.31 2 0
github.com/fntelecomllc/studio/backend/cmd/apiserver/handlers_campaigns.go:528.31,530.5 1 0
github.com/fntelecomllc/studio/backend/cmd/apiserver/handlers_campaigns.go:531.4,532.29 2 0
github.com/fntelecomllc/studio/backend/cmd/apiserver/handlers_campaigns.go:532.29,533.32 1 0
github.com/fntelecomllc/studio/backend/cmd/apiserver/handlers_campaigns.go:533.32,534.46 1 0
github.com/fntelecomllc/studio/backend/cmd/apiserver/handlers_campaigns.go:534.46,536.7 1 0
github.com/fntelecomllc/studio/backend/cmd/apiserver/handlers_campaigns.go:539.4,539.28 1 0
github.com/fntelecomllc/studio/backend/cmd/apiserver/handlers_campaigns.go:539.28,541.5 1 0
github.com/fntelecomllc/studio/backend/cmd/apiserver/handlers_campaigns.go:542.4,549.5 1 0
github.com/fntelecomllc/studio/backend/cmd/apiserver/handlers_campaigns.go:550.46,553.11 2 0
github.com/fntelecomllc/studio/backend/cmd/apiserver/handlers_campaigns.go:553.11,555.5 1 0
github.com/fntelecomllc/studio/backend/cmd/apiserver/handlers_campaigns.go:556.4,557.31 2 0
github.com/fntelecomllc/studio/backend/cmd/apiserver/handlers_campaigns.go:557.31,559.5 1 0
github.com/fntelecomllc/studio/backend/cmd/apiserver/handlers_campaigns.go:560.4,561.29 2 0
github.com/fntelecomllc/studio/backend/cmd/apiserver/handlers_campaigns.go:561.29,562.32 1 0
github.com/fntelecomllc/studio/backend/cmd/apiserver/handlers_campaigns.go:562.32,563.46 1 0
github.com/fntelecomllc/studio/backend/cmd/apiserver/handlers_campaigns.go:563.46,565.7 1 0
github.com/fntelecomllc/studio/backend/cmd/apiserver/handlers_campaigns.go:568.4,568.28 1 0
github.com/fntelecomllc/studio/backend/cmd/apiserver/handlers_campaigns.go:568.28,570.5 1 0
github.com/fntelecomllc/studio/backend/cmd/apiserver/handlers_campaigns.go:572.4,573.34 2 0
github.com/fntelecomllc/studio/backend/cmd/apiserver/handlers_campaigns.go:573.34,575.5 1 0
github.com/fntelecomllc/studio/backend/cmd/apiserver/handlers_campaigns.go:576.4,580.17 4 0
github.com/fntelecomllc/studio/backend/cmd/apiserver/handlers_campaigns.go:581.33,584.54 1 0
github.com/fntelecomllc/studio/backend/cmd/apiserver/handlers_campaigns.go:584.54,585.74 1 0
github.com/fntelecomllc/studio/backend/cmd/apiserver/handlers_campaigns.go:585.74,587.6 1 0
github.com/fntelecomllc/studio/backend/cmd/apiserver/handlers_campaigns.go:589.4,590.11 2 0
github.com/fntelecomllc/studio/backend/cmd/apiserver/handlers_campaigns.go:590.11,592.5 1 0
github.com/fntelecomllc/studio/backend/cmd/apiserver/handlers_campaigns.go:593.4,594.31 2 0
github.com/fntelecomllc/studio/backend/cmd/apiserver/handlers_campaigns.go:594.31,596.5 1 0
github.com/fntelecomllc/studio/backend/cmd/apiserver/handlers_campaigns.go:597.4,598.29 2 0
github.com/fntelecomllc/studio/backend/cmd/apiserver/handlers_campaigns.go:598.29,599.62 1 0
github.com/fntelecomllc/studio/backend/cmd/apiserver/handlers_campaigns.go:599.62,601.6 1 0
github.com/fntelecomllc/studio/backend/cmd/apiserver/handlers_campaigns.go:603.4,603.28 1 0
github.com/fntelecomllc/studio/backend/cmd/apiserver/handlers_campaigns.go:603.28,605.5 1 0
github.com/fntelecomllc/studio/backend/cmd/apiserver/handlers_campaigns.go:606.4,607.57 2 0
github.com/fntelecomllc/studio/backend/cmd/apiserver/handlers_campaigns.go:607.57,609.5 1 0
github.com/fntelecomllc/studio/backend/cmd/apiserver/handlers_campaigns.go:610.4,610.47 1 0
github.com/fntelecomllc/studio/backend/cmd/apiserver/handlers_campaigns.go:610.47,612.19 2 0
github.com/fntelecomllc/studio/backend/cmd/apiserver/handlers_campaigns.go:612.19,614.6 1 0
github.com/fntelecomllc/studio/backend/cmd/apiserver/handlers_campaigns.go:617.4,617.65 1 0
github.com/fntelecomllc/studio/backend/cmd/apiserver/handlers_campaigns.go:617.65,618.45 1 0
github.com/fntelecomllc/studio/backend/cmd/apiserver/handlers_campaigns.go:618.45,620.31 2 0
github.com/fntelecomllc/studio/backend/cmd/apiserver/handlers_campaigns.go:620.31,622.14 2 0
github.com/fntelecomllc/studio/backend/cmd/apiserver/handlers_campaigns.go:622.14,623.16 1 0
github.com/fntelecomllc/studio/backend/cmd/apiserver/handlers_campaigns.go:625.7,627.80 3 0
github.com/fntelecomllc/studio/backend/cmd/apiserver/handlers_campaigns.go:627.80,628.16 1 0
github.com/fntelecomllc/studio/backend/cmd/apiserver/handlers_campaigns.go:630.7,631.53 2 0
github.com/fntelecomllc/studio/backend/cmd/apiserver/handlers_campaigns.go:631.53,633.8 1 0
github.com/fntelecomllc/studio/backend/cmd/apiserver/handlers_campaigns.go:635.7,636.34 2 0
github.com/fntelecomllc/studio/backend/cmd/apiserver/handlers_campaigns.go:638.6,638.25 1 0
github.com/fntelecomllc/studio/backend/cmd/apiserver/handlers_campaigns.go:638.25,640.7 1 0
github.com/fntelecomllc/studio/backend/cmd/apiserver/handlers_campaigns.go:644.4,644.42 1 0
github.com/fntelecomllc/studio/backend/cmd/apiserver/handlers_campaigns.go:644.42,645.65 1 0
github.com/fntelecomllc/studio/backend/cmd/apiserver/handlers_campaigns.go:645.65,646.46 1 0
github.com/fntelecomllc/studio/backend/cmd/apiserver/handlers_campaigns.go:646.46,648.29 2 0
github.com/fntelecomllc/studio/backend/cmd/apiserver/handlers_campaigns.go:648.29,649.65 1 0
github.com/fntelecomllc/studio/backend/cmd/apiserver/handlers_campaigns.go:649.65,651.9 1 0
github.com/fntelecomllc/studio/backend/cmd/apiserver/handlers_campaigns.go:653.7,653.26 1 0
github.com/fntelecomllc/studio/backend/cmd/apiserver/handlers_campaigns.go:653.26,655.8 1 0
github.com/fntelecomllc/studio/backend/cmd/apiserver/handlers_campaigns.go:659.4,659.21 1 0
github.com/fntelecomllc/studio/backend/cmd/apiserver/handlers_campaigns.go:660.11,661.18 1 0
github.com/fntelecomllc/studio/backend/cmd/apiserver/handlers_campaigns.go:664.3,664.51 1 0
github.com/fntelecomllc/studio/backend/cmd/apiserver/handlers_campaigns.go:664.51,666.4 1 0
github.com/fntelecomllc/studio/backend/cmd/apiserver/handlers_campaigns.go:669.2,669.27 1 0
github.com/fntelecomllc/studio/backend/cmd/apiserver/handlers_campaigns.go:669.27,671.127 2 0
github.com/fntelecomllc/studio/backend/cmd/apiserver/handlers_campaigns.go:671.127,673.4 1 0
github.com/fntelecomllc/studio/backend/cmd/apiserver/handlers_campaigns.go:674.3,674.28 1 0
github.com/fntelecomllc/studio/backend/cmd/apiserver/handlers_campaigns.go:674.28,676.4 1 0
github.com/fntelecomllc/studio/backend/cmd/apiserver/handlers_campaigns.go:678.2,678.106 1 0
github.com/fntelecomllc/studio/backend/cmd/apiserver/handlers_campaigns.go:678.106,680.133 1 0
github.com/fntelecomllc/studio/backend/cmd/apiserver/handlers_campaigns.go:680.133,682.4 1 0
github.com/fntelecomllc/studio/backend/cmd/apiserver/handlers_campaigns.go:683.3,683.301 1 0
github.com/fntelecomllc/studio/backend/cmd/apiserver/handlers_campaigns.go:686.2,688.133 3 0
github.com/fntelecomllc/studio/backend/cmd/apiserver/handlers_campaigns.go:692.45,693.23 1 0
github.com/fntelecomllc/studio/backend/cmd/apiserver/handlers_campaigns.go:694.11,695.11 1 0
github.com/fntelecomllc/studio/backend/cmd/apiserver/handlers_campaigns.go:696.13,697.16 1 0
github.com/fntelecomllc/studio/backend/cmd/apiserver/handlers_campaigns.go:698.13,699.16 1 0
github.com/fntelecomllc/studio/backend/cmd/apiserver/handlers_campaigns.go:700.15,701.16 1 0
github.com/fntelecomllc/studio/backend/cmd/apiserver/handlers_campaigns.go:702.15,703.16 1 0
github.com/fntelecomllc/studio/backend/cmd/apiserver/handlers_campaigns.go:704.10,705.13 1 0
github.com/fntelecomllc/studio/backend/cmd/apiserver/handlers_campaigns.go:710.42,711.14 1 0
github.com/fntelecomllc/studio/backend/cmd/apiserver/handlers_campaigns.go:711.14,713.3 1 0
github.com/fntelecomllc/studio/backend/cmd/apiserver/handlers_campaigns.go:714.2,715.25 2 0
github.com/fntelecomllc/studio/backend/cmd/apiserver/handlers_campaigns.go:716.16,717.13 1 0
github.com/fntelecomllc/studio/backend/cmd/apiserver/handlers_campaigns.go:718.21,719.28 1 0
github.com/fntelecomllc/studio/backend/cmd/apiserver/handlers_campaigns.go:719.28,720.64 1 0
github.com/fntelecomllc/studio/backend/cmd/apiserver/handlers_campaigns.go:720.64,722.5 1 0
github.com/fntelecomllc/studio/backend/cmd/apiserver/handlers_campaigns.go:725.2,725.12 1 0
github.com/fntelecomllc/studio/backend/cmd/apiserver/handlers_campaigns.go:729.154,730.102 1 0
github.com/fntelecomllc/studio/backend/cmd/apiserver/handlers_campaigns.go:730.102,732.3 1 0
github.com/fntelecomllc/studio/backend/cmd/apiserver/handlers_campaigns.go:733.2,733.107 1 0
github.com/fntelecomllc/studio/backend/cmd/apiserver/handlers_campaigns.go:733.107,734.31 1 0
github.com/fntelecomllc/studio/backend/cmd/apiserver/handlers_campaigns.go:734.31,736.4 1 0
github.com/fntelecomllc/studio/backend/cmd/apiserver/handlers_campaigns.go:737.3,737.280 1 0
github.com/fntelecomllc/studio/backend/cmd/apiserver/handlers_campaigns.go:739.2,740.16 2 0
github.com/fntelecomllc/studio/backend/cmd/apiserver/handlers_campaigns.go:740.16,742.3 1 0
github.com/fntelecomllc/studio/backend/cmd/apiserver/handlers_campaigns.go:743.2,743.105 1 0
github.com/fntelecomllc/studio/backend/cmd/apiserver/handlers_campaigns.go:743.105,744.57 1 0
github.com/fntelecomllc/studio/backend/cmd/apiserver/handlers_campaigns.go:744.57,748.42 3 0
github.com/fntelecomllc/studio/backend/cmd/apiserver/handlers_campaigns.go:748.42,750.5 1 0
github.com/fntelecomllc/studio/backend/cmd/apiserver/handlers_campaigns.go:751.4,752.24 2 0
github.com/fntelecomllc/studio/backend/cmd/apiserver/handlers_campaigns.go:752.24,754.5 1 0
github.com/fntelecomllc/studio/backend/cmd/apiserver/handlers_campaigns.go:755.4,755.28 1 0
github.com/fntelecomllc/studio/backend/cmd/apiserver/handlers_campaigns.go:755.28,757.5 1 0
github.com/fntelecomllc/studio/backend/cmd/apiserver/handlers_campaigns.go:758.4,758.24 1 0
github.com/fntelecomllc/studio/backend/cmd/apiserver/handlers_campaigns.go:760.3,760.103 1 0
github.com/fntelecomllc/studio/backend/cmd/apiserver/handlers_campaigns.go:760.103,762.4 1 0
github.com/fntelecomllc/studio/backend/cmd/apiserver/handlers_campaigns.go:763.3,763.293 1 0
github.com/fntelecomllc/studio/backend/cmd/apiserver/handlers_campaigns.go:765.2,765.26 1 0
github.com/fntelecomllc/studio/backend/cmd/apiserver/handlers_campaigns.go:765.26,767.3 1 0
github.com/fntelecomllc/studio/backend/cmd/apiserver/handlers_campaigns.go:768.2,770.129 3 0
github.com/fntelecomllc/studio/backend/cmd/apiserver/handlers_campaigns.go:774.157,775.102 1 0
github.com/fntelecomllc/studio/backend/cmd/apiserver/handlers_campaigns.go:775.102,777.3 1 0
github.com/fntelecomllc/studio/backend/cmd/apiserver/handlers_campaigns.go:778.2,778.107 1 0
github.com/fntelecomllc/studio/backend/cmd/apiserver/handlers_campaigns.go:778.107,779.31 1 0
github.com/fntelecomllc/studio/backend/cmd/apiserver/handlers_campaigns.go:779.31,781.4 1 0
github.com/fntelecomllc/studio/backend/cmd/apiserver/handlers_campaigns.go:782.3,782.281 1 0
github.com/fntelecomllc/studio/backend/cmd/apiserver/handlers_campaigns.go:784.2,785.16 2 0
github.com/fntelecomllc/studio/backend/cmd/apiserver/handlers_campaigns.go:785.16,787.3 1 0
github.com/fntelecomllc/studio/backend/cmd/apiserver/handlers_campaigns.go:788.2,790.130 3 0
github.com/fntelecomllc/studio/backend/cmd/apiserver/handlers_campaigns.go:794.172,795.72 1 0
github.com/fntelecomllc/studio/backend/cmd/apiserver/handlers_campaigns.go:795.72,797.3 1 0
github.com/fntelecomllc/studio/backend/cmd/apiserver/handlers_campaigns.go:799.2,799.107 1 0
github.com/fntelecomllc/studio/backend/cmd/apiserver/handlers_campaigns.go:799.107,800.31 1 0
github.com/fntelecomllc/studio/backend/cmd/apiserver/handlers_campaigns.go:800.31,802.4 1 0
github.com/fntelecomllc/studio/backend/cmd/apiserver/handlers_campaigns.go:803.3,803.285 1 0
github.com/fntelecomllc/studio/backend/cmd/apiserver/handlers_campaigns.go:805.2,806.16 2 0
github.com/fntelecomllc/studio/backend/cmd/apiserver/handlers_campaigns.go:806.16,808.3 1 0
github.com/fntelecomllc/studio/backend/cmd/apiserver/handlers_campaigns.go:809.2,811.27 3 0
github.com/fntelecomllc/studio/backend/cmd/apiserver/handlers_campaigns.go:811.27,813.19 2 0
github.com/fntelecomllc/studio/backend/cmd/apiserver/handlers_campaigns.go:813.19,815.50 2 0
github.com/fntelecomllc/studio/backend/cmd/apiserver/handlers_campaigns.go:815.50,817.5 1 0
github.com/fntelecomllc/studio/backend/cmd/apiserver/handlers_campaigns.go:820.2,821.26 2 0
github.com/fntelecomllc/studio/backend/cmd/apiserver/handlers_campaigns.go:821.26,823.3 1 0
github.com/fntelecomllc/studio/backend/cmd/apiserver/handlers_campaigns.go:824.2,829.134 2 0
github.com/fntelecomllc/studio/backend/cmd/apiserver/handlers_campaigns.go:833.83,835.26 2 0
github.com/fntelecomllc/studio/backend/cmd/apiserver/handlers_campaigns.go:835.26,836.25 1 0
github.com/fntelecomllc/studio/backend/cmd/apiserver/handlers_campaigns.go:837.37,838.50 1 0
github.com/fntelecomllc/studio/backend/cmd/apiserver/handlers_campaigns.go:839.36,840.52 1 0
github.com/fntelecomllc/studio/backend/cmd/apiserver/handlers_campaigns.go:841.33,842.49 1 0
github.com/fntelecomllc/studio/backend/cmd/apiserver/handlers_campaigns.go:843.33,844.49 1 0
github.com/fntelecomllc/studio/backend/cmd/apiserver/handlers_campaigns.go:845.62,846.48 1 0
github.com/fntelecomllc/studio/backend/cmd/apiserver/handlers_campaigns.go:849.2,857.24 2 0
github.com/fntelecomllc/studio/backend/cmd/apiserver/handlers_campaigns.go:857.24,859.3 1 0
github.com/fntelecomllc/studio/backend/cmd/apiserver/handlers_campaigns.go:860.2,860.26 1 0
github.com/fntelecomllc/studio/backend/cmd/apiserver/handlers_campaigns.go:860.26,862.3 1 0
github.com/fntelecomllc/studio/backend/cmd/apiserver/handlers_campaigns.go:863.2,863.27 1 0
github.com/fntelecomllc/studio/backend/cmd/apiserver/handlers_campaigns.go:863.27,866.3 2 0
github.com/fntelecomllc/studio/backend/cmd/apiserver/handlers_campaigns.go:867.2,867.13 1 0
github.com/fntelecomllc/studio/backend/cmd/apiserver/handlers_campaigns.go:871.69,872.15 1 0
github.com/fntelecomllc/studio/backend/cmd/apiserver/handlers_campaigns.go:873.19,874.47 1 0
github.com/fntelecomllc/studio/backend/cmd/apiserver/handlers_campaigns.go:875.20,876.44 1 0
github.com/fntelecomllc/studio/backend/cmd/apiserver/handlers_campaigns.go:877.20,878.52 1 0
github.com/fntelecomllc/studio/backend/cmd/apiserver/handlers_campaigns.go:879.18,880.39 1 0
github.com/fntelecomllc/studio/backend/cmd/apiserver/handlers_campaigns.go:881.10,882.52 1 0
github.com/fntelecomllc/studio/backend/cmd/apiserver/handlers_campaigns.go:886.82,887.15 1 0
github.com/fntelecomllc/studio/backend/cmd/apiserver/handlers_campaigns.go:888.40,889.51 1 0
github.com/fntelecomllc/studio/backend/cmd/apiserver/handlers_campaigns.go:890.37,891.52 1 0
github.com/fntelecomllc/studio/backend/cmd/apiserver/handlers_campaigns.go:892.45,893.52 1 0
github.com/fntelecomllc/studio/backend/cmd/apiserver/handlers_campaigns.go:894.32,895.50 1 0
github.com/fntelecomllc/studio/backend/cmd/apiserver/handlers_campaigns.go:896.10,897.51 1 0
github.com/fntelecomllc/studio/backend/cmd/apiserver/handlers_campaigns.go:901.83,902.19 1 0
github.com/fntelecomllc/studio/backend/cmd/apiserver/handlers_campaigns.go:902.19,904.3 1 0
github.com/fntelecomllc/studio/backend/cmd/apiserver/handlers_campaigns.go:905.2,905.17 1 0
github.com/fntelecomllc/studio/backend/cmd/apiserver/handlers_campaigns.go:906.36,907.54 1 0
github.com/fntelecomllc/studio/backend/cmd/apiserver/handlers_campaigns.go:908.31,909.54 1 0
github.com/fntelecomllc/studio/backend/cmd/apiserver/handlers_campaigns.go:910.36,911.53 1 0
github.com/fntelecomllc/studio/backend/cmd/apiserver/handlers_campaigns.go:912.36,913.50 1 0
github.com/fntelecomllc/studio/backend/cmd/apiserver/handlers_campaigns.go:914.32,915.49 1 0
github.com/fntelecomllc/studio/backend/cmd/apiserver/handlers_campaigns.go:916.35,917.52 1 0
github.com/fntelecomllc/studio/backend/cmd/apiserver/handlers_campaigns.go:918.32,919.49 1 0
github.com/fntelecomllc/studio/backend/cmd/apiserver/handlers_campaigns.go:920.10,921.54 1 0
github.com/fntelecomllc/studio/backend/cmd/apiserver/handlers_campaigns.go:925.115,941.15 9 0
github.com/fntelecomllc/studio/backend/cmd/apiserver/handlers_campaigns.go:941.15,943.3 1 0
github.com/fntelecomllc/studio/backend/cmd/apiserver/handlers_campaigns.go:946.2,946.51 1 0
github.com/fntelecomllc/studio/backend/cmd/apiserver/handlers_campaigns.go:946.51,948.3 1 0
github.com/fntelecomllc/studio/backend/cmd/apiserver/handlers_campaigns.go:949.2,949.55 1 0
github.com/fntelecomllc/studio/backend/cmd/apiserver/handlers_campaigns.go:949.55,951.3 1 0
github.com/fntelecomllc/studio/backend/cmd/apiserver/handlers_campaigns.go:954.2,971.31 13 0
github.com/fntelecomllc/studio/backend/cmd/apiserver/handlers_campaigns.go:971.31,974.3 2 0
github.com/fntelecomllc/studio/backend/cmd/apiserver/handlers_campaigns.go:977.2,977.24 1 0
github.com/fntelecomllc/studio/backend/cmd/apiserver/handlers_campaigns.go:977.24,986.3 4 0
github.com/fntelecomllc/studio/backend/cmd/apiserver/handlers_campaigns.go:987.2,987.13 1 0
github.com/fntelecomllc/studio/backend/cmd/apiserver/handlers_campaigns.go:991.151,992.102 1 1
github.com/fntelecomllc/studio/backend/cmd/apiserver/handlers_campaigns.go:992.102,994.3 1 1
github.com/fntelecomllc/studio/backend/cmd/apiserver/handlers_campaigns.go:995.2,995.107 1 0
github.com/fntelecomllc/studio/backend/cmd/apiserver/handlers_campaigns.go:995.107,996.31 1 0
github.com/fntelecomllc/studio/backend/cmd/apiserver/handlers_campaigns.go:996.31,998.4 1 0
github.com/fntelecomllc/studio/backend/cmd/apiserver/handlers_campaigns.go:999.3,999.279 1 0
github.com/fntelecomllc/studio/backend/cmd/apiserver/handlers_campaigns.go:1001.2,1002.16 2 0
github.com/fntelecomllc/studio/backend/cmd/apiserver/handlers_campaigns.go:1002.16,1004.3 1 0
github.com/fntelecomllc/studio/backend/cmd/apiserver/handlers_campaigns.go:1005.2,1005.98 1 0
github.com/fntelecomllc/studio/backend/cmd/apiserver/handlers_campaigns.go:1005.98,1007.3 1 0
github.com/fntelecomllc/studio/backend/cmd/apiserver/handlers_campaigns.go:1008.2,1010.128 3 0
github.com/fntelecomllc/studio/backend/cmd/apiserver/handlers_campaigns.go:1014.148,1015.72 1 1
github.com/fntelecomllc/studio/backend/cmd/apiserver/handlers_campaigns.go:1015.72,1017.3 1 1
github.com/fntelecomllc/studio/backend/cmd/apiserver/handlers_campaigns.go:1018.2,1019.16 2 0
github.com/fntelecomllc/studio/backend/cmd/apiserver/handlers_campaigns.go:1019.16,1020.31 1 0
github.com/fntelecomllc/studio/backend/cmd/apiserver/handlers_campaigns.go:1020.31,1022.4 1 0
github.com/fntelecomllc/studio/backend/cmd/apiserver/handlers_campaigns.go:1023.3,1023.256 1 0
github.com/fntelecomllc/studio/backend/cmd/apiserver/handlers_campaigns.go:1025.2,1030.127 5 0
github.com/fntelecomllc/studio/backend/cmd/apiserver/handlers_campaigns.go:1034.157,1035.72 1 1
github.com/fntelecomllc/studio/backend/cmd/apiserver/handlers_campaigns.go:1035.72,1037.3 1 0
github.com/fntelecomllc/studio/backend/cmd/apiserver/handlers_campaigns.go:1039.2,1040.16 2 1
github.com/fntelecomllc/studio/backend/cmd/apiserver/handlers_campaigns.go:1040.16,1041.31 1 0
github.com/fntelecomllc/studio/backend/cmd/apiserver/handlers_campaigns.go:1041.31,1043.4 1 0
github.com/fntelecomllc/studio/backend/cmd/apiserver/handlers_campaigns.go:1044.3,1044.280 1 0
github.com/fntelecomllc/studio/backend/cmd/apiserver/handlers_campaigns.go:1048.2,1049.50 2 1
github.com/fntelecomllc/studio/backend/cmd/apiserver/handlers_campaigns.go:1049.50,1050.29 1 0
github.com/fntelecomllc/studio/backend/cmd/apiserver/handlers_campaigns.go:1050.29,1052.4 1 0
github.com/fntelecomllc/studio/backend/cmd/apiserver/handlers_campaigns.go:1052.9,1054.4 1 0
github.com/fntelecomllc/studio/backend/cmd/apiserver/handlers_campaigns.go:1056.2,1057.52 2 1
github.com/fntelecomllc/studio/backend/cmd/apiserver/handlers_campaigns.go:1057.52,1059.3 1 0
github.com/fntelecomllc/studio/backend/cmd/apiserver/handlers_campaigns.go:1062.2,1074.17 3 1
github.com/fntelecomllc/studio/backend/cmd/apiserver/handlers_campaigns.go:1074.17,1075.31 1 0
github.com/fntelecomllc/studio/backend/cmd/apiserver/handlers_campaigns.go:1075.31,1078.4 2 0
github.com/fntelecomllc/studio/backend/cmd/apiserver/handlers_campaigns.go:1079.3,1079.32 1 0
github.com/fntelecomllc/studio/backend/cmd/apiserver/handlers_campaigns.go:1079.32,1081.4 1 0
github.com/fntelecomllc/studio/backend/cmd/apiserver/handlers_campaigns.go:1082.3,1082.33 1 0
github.com/fntelecomllc/studio/backend/cmd/apiserver/handlers_campaigns.go:1082.33,1084.4 1 0
github.com/fntelecomllc/studio/backend/cmd/apiserver/handlers_campaigns.go:1085.3,1085.57 1 0
github.com/fntelecomllc/studio/backend/cmd/apiserver/handlers_campaigns.go:1085.57,1087.4 1 0
github.com/fntelecomllc/studio/backend/cmd/apiserver/handlers_campaigns.go:1088.3,1088.51 1 0
github.com/fntelecomllc/studio/backend/cmd/apiserver/handlers_campaigns.go:1088.51,1090.4 1 0
github.com/fntelecomllc/studio/backend/cmd/apiserver/handlers_campaigns.go:1091.3,1091.53 1 0
github.com/fntelecomllc/studio/backend/cmd/apiserver/handlers_campaigns.go:1091.53,1093.4 1 0
github.com/fntelecomllc/studio/backend/cmd/apiserver/handlers_campaigns.go:1094.3,1094.27 1 0
github.com/fntelecomllc/studio/backend/cmd/apiserver/handlers_campaigns.go:1094.27,1095.26 1 0
github.com/fntelecomllc/studio/backend/cmd/apiserver/handlers_campaigns.go:1096.23,1098.23 2 0
github.com/fntelecomllc/studio/backend/cmd/apiserver/handlers_campaigns.go:1099.22,1101.22 2 0
github.com/fntelecomllc/studio/backend/cmd/apiserver/handlers_campaigns.go:1102.35,1104.23 2 0
github.com/fntelecomllc/studio/backend/cmd/apiserver/handlers_campaigns.go:1107.3,1107.151 1 0
github.com/fntelecomllc/studio/backend/cmd/apiserver/handlers_campaigns.go:1107.151,1109.4 1 0
github.com/fntelecomllc/studio/backend/cmd/apiserver/handlers_campaigns.go:1113.2,1114.119 2 1
github.com/fntelecomllc/studio/backend/cmd/apiserver/handlers_campaigns.go:1114.119,1116.3 1 1
github.com/fntelecomllc/studio/backend/cmd/apiserver/handlers_campaigns.go:1119.2,1120.120 2 1
github.com/fntelecomllc/studio/backend/cmd/apiserver/handlers_campaigns.go:1120.120,1122.32 2 0
github.com/fntelecomllc/studio/backend/cmd/apiserver/handlers_campaigns.go:1122.32,1125.4 2 0
github.com/fntelecomllc/studio/backend/cmd/apiserver/handlers_campaigns.go:1126.3,1126.33 1 0
github.com/fntelecomllc/studio/backend/cmd/apiserver/handlers_campaigns.go:1126.33,1129.4 2 0
github.com/fntelecomllc/studio/backend/cmd/apiserver/handlers_campaigns.go:1130.3,1130.32 1 0
github.com/fntelecomllc/studio/backend/cmd/apiserver/handlers_campaigns.go:1130.32,1132.4 1 0
github.com/fntelecomllc/studio/backend/cmd/apiserver/handlers_campaigns.go:1133.3,1133.33 1 0
github.com/fntelecomllc/studio/backend/cmd/apiserver/handlers_campaigns.go:1133.33,1135.4 1 0
github.com/fntelecomllc/studio/backend/cmd/apiserver/handlers_campaigns.go:1136.3,1136.19 1 0
github.com/fntelecomllc/studio/backend/cmd/apiserver/handlers_campaigns.go:1139.2,1139.23 1 1
github.com/fntelecomllc/studio/backend/cmd/apiserver/handlers_campaigns.go:1139.23,1141.24 2 0
github.com/fntelecomllc/studio/backend/cmd/apiserver/handlers_campaigns.go:1141.24,1143.4 1 0
github.com/fntelecomllc/studio/backend/cmd/apiserver/handlers_campaigns.go:1143.9,1145.4 1 0
github.com/fntelecomllc/studio/backend/cmd/apiserver/handlers_campaigns.go:1146.3,1146.24 1 0
github.com/fntelecomllc/studio/backend/cmd/apiserver/handlers_campaigns.go:1146.24,1148.4 1 0
github.com/fntelecomllc/studio/backend/cmd/apiserver/handlers_campaigns.go:1149.3,1149.19 1 0
github.com/fntelecomllc/studio/backend/cmd/apiserver/handlers_campaigns.go:1149.19,1151.4 1 0
github.com/fntelecomllc/studio/backend/cmd/apiserver/handlers_campaigns.go:1152.3,1152.22 1 0
github.com/fntelecomllc/studio/backend/cmd/apiserver/handlers_campaigns.go:1152.22,1154.4 1 0
github.com/fntelecomllc/studio/backend/cmd/apiserver/handlers_campaigns.go:1155.3,1160.18 6 0
github.com/fntelecomllc/studio/backend/cmd/apiserver/handlers_campaigns.go:1160.18,1162.4 1 0
github.com/fntelecomllc/studio/backend/cmd/apiserver/handlers_campaigns.go:1163.3,1165.50 3 0
github.com/fntelecomllc/studio/backend/cmd/apiserver/handlers_campaigns.go:1165.50,1167.107 1 0
github.com/fntelecomllc/studio/backend/cmd/apiserver/handlers_campaigns.go:1167.107,1169.5 1 0
github.com/fntelecomllc/studio/backend/cmd/apiserver/handlers_campaigns.go:1171.3,1171.32 1 0
github.com/fntelecomllc/studio/backend/cmd/apiserver/handlers_campaigns.go:1171.32,1172.17 1 0
github.com/fntelecomllc/studio/backend/cmd/apiserver/handlers_campaigns.go:1172.17,1173.13 1 0
github.com/fntelecomllc/studio/backend/cmd/apiserver/handlers_campaigns.go:1175.4,1176.27 2 0
github.com/fntelecomllc/studio/backend/cmd/apiserver/handlers_campaigns.go:1176.27,1179.5 2 0
github.com/fntelecomllc/studio/backend/cmd/apiserver/handlers_campaigns.go:1180.4,1181.27 2 0
github.com/fntelecomllc/studio/backend/cmd/apiserver/handlers_campaigns.go:1181.27,1184.5 2 0
github.com/fntelecomllc/studio/backend/cmd/apiserver/handlers_campaigns.go:1185.4,1185.28 1 0
github.com/fntelecomllc/studio/backend/cmd/apiserver/handlers_campaigns.go:1185.28,1188.5 2 0
github.com/fntelecomllc/studio/backend/cmd/apiserver/handlers_campaigns.go:1189.4,1189.28 1 0
github.com/fntelecomllc/studio/backend/cmd/apiserver/handlers_campaigns.go:1189.28,1192.5 2 0
github.com/fntelecomllc/studio/backend/cmd/apiserver/handlers_campaigns.go:1193.4,1194.26 2 0
github.com/fntelecomllc/studio/backend/cmd/apiserver/handlers_campaigns.go:1194.26,1196.5 1 0
github.com/fntelecomllc/studio/backend/cmd/apiserver/handlers_campaigns.go:1197.4,1197.27 1 0
github.com/fntelecomllc/studio/backend/cmd/apiserver/handlers_campaigns.go:1197.27,1199.5 1 0
github.com/fntelecomllc/studio/backend/cmd/apiserver/handlers_campaigns.go:1200.4,1204.44 5 0
github.com/fntelecomllc/studio/backend/cmd/apiserver/handlers_campaigns.go:1204.44,1206.5 1 0
github.com/fntelecomllc/studio/backend/cmd/apiserver/handlers_campaigns.go:1207.4,1207.268 1 0
github.com/fntelecomllc/studio/backend/cmd/apiserver/handlers_campaigns.go:1209.3,1210.22 2 0
github.com/fntelecomllc/studio/backend/cmd/apiserver/handlers_campaigns.go:1210.22,1213.4 2 0
github.com/fntelecomllc/studio/backend/cmd/apiserver/handlers_campaigns.go:1213.9,1215.4 1 0
github.com/fntelecomllc/studio/backend/cmd/apiserver/handlers_campaigns.go:1218.3,1218.131 1 0
github.com/fntelecomllc/studio/backend/cmd/apiserver/handlers_campaigns.go:1227.2,1231.22 5 1
github.com/fntelecomllc/studio/backend/cmd/apiserver/handlers_campaigns.go:1231.22,1232.27 1 1
github.com/fntelecomllc/studio/backend/cmd/apiserver/handlers_campaigns.go:1232.27,1236.21 2 0
github.com/fntelecomllc/studio/backend/cmd/apiserver/handlers_campaigns.go:1237.64,1238.35 1 0
github.com/fntelecomllc/studio/backend/cmd/apiserver/handlers_campaigns.go:1239.12,1239.12 0 0
github.com/fntelecomllc/studio/backend/cmd/apiserver/handlers_campaigns.go:1243.3,1243.44 1 1
github.com/fntelecomllc/studio/backend/cmd/apiserver/handlers_campaigns.go:1243.44,1245.35 2 1
github.com/fntelecomllc/studio/backend/cmd/apiserver/handlers_campaigns.go:1245.35,1247.5 1 1
github.com/fntelecomllc/studio/backend/cmd/apiserver/handlers_campaigns.go:1249.3,1249.49 1 1
github.com/fntelecomllc/studio/backend/cmd/apiserver/handlers_campaigns.go:1249.49,1251.35 2 0
github.com/fntelecomllc/studio/backend/cmd/apiserver/handlers_campaigns.go:1251.35,1253.5 1 0
github.com/fntelecomllc/studio/backend/cmd/apiserver/handlers_campaigns.go:1257.2,1258.17 2 1
github.com/fntelecomllc/studio/backend/cmd/apiserver/handlers_campaigns.go:1258.17,1260.3 1 0
github.com/fntelecomllc/studio/backend/cmd/apiserver/handlers_campaigns.go:1262.2,1264.49 3 1
github.com/fntelecomllc/studio/backend/cmd/apiserver/handlers_campaigns.go:1264.49,1265.106 1 1
github.com/fntelecomllc/studio/backend/cmd/apiserver/handlers_campaigns.go:1265.106,1267.4 1 1
github.com/fntelecomllc/studio/backend/cmd/apiserver/handlers_campaigns.go:1270.2,1270.26 1 1
github.com/fntelecomllc/studio/backend/cmd/apiserver/handlers_campaigns.go:1270.26,1271.16 1 1
github.com/fntelecomllc/studio/backend/cmd/apiserver/handlers_campaigns.go:1271.16,1272.12 1 0
github.com/fntelecomllc/studio/backend/cmd/apiserver/handlers_campaigns.go:1274.3,1275.26 2 1
github.com/fntelecomllc/studio/backend/cmd/apiserver/handlers_campaigns.go:1275.26,1278.4 2 1
github.com/fntelecomllc/studio/backend/cmd/apiserver/handlers_campaigns.go:1279.3,1280.26 2 1
github.com/fntelecomllc/studio/backend/cmd/apiserver/handlers_campaigns.go:1280.26,1283.4 2 0
github.com/fntelecomllc/studio/backend/cmd/apiserver/handlers_campaigns.go:1284.3,1284.27 1 1
github.com/fntelecomllc/studio/backend/cmd/apiserver/handlers_campaigns.go:1284.27,1287.4 2 0
github.com/fntelecomllc/studio/backend/cmd/apiserver/handlers_campaigns.go:1288.3,1288.27 1 1
github.com/fntelecomllc/studio/backend/cmd/apiserver/handlers_campaigns.go:1288.27,1291.4 2 0
github.com/fntelecomllc/studio/backend/cmd/apiserver/handlers_campaigns.go:1292.3,1293.25 2 1
github.com/fntelecomllc/studio/backend/cmd/apiserver/handlers_campaigns.go:1293.25,1295.4 1 0
github.com/fntelecomllc/studio/backend/cmd/apiserver/handlers_campaigns.go:1296.3,1296.26 1 1
github.com/fntelecomllc/studio/backend/cmd/apiserver/handlers_campaigns.go:1296.26,1298.4 1 0
github.com/fntelecomllc/studio/backend/cmd/apiserver/handlers_campaigns.go:1299.3,1303.43 5 1
github.com/fntelecomllc/studio/backend/cmd/apiserver/handlers_campaigns.go:1303.43,1305.4 1 1
github.com/fntelecomllc/studio/backend/cmd/apiserver/handlers_campaigns.go:1306.3,1306.267 1 1
github.com/fntelecomllc/studio/backend/cmd/apiserver/handlers_campaigns.go:1309.2,1310.22 2 1
github.com/fntelecomllc/studio/backend/cmd/apiserver/handlers_campaigns.go:1310.22,1312.30 1 1
github.com/fntelecomllc/studio/backend/cmd/apiserver/handlers_campaigns.go:1312.30,1314.29 2 0
github.com/fntelecomllc/studio/backend/cmd/apiserver/handlers_campaigns.go:1314.29,1315.58 1 0
github.com/fntelecomllc/studio/backend/cmd/apiserver/handlers_campaigns.go:1315.58,1316.37 1 0
github.com/fntelecomllc/studio/backend/cmd/apiserver/handlers_campaigns.go:1316.37,1318.7 1 0
github.com/fntelecomllc/studio/backend/cmd/apiserver/handlers_campaigns.go:1319.6,1319.14 1 0
github.com/fntelecomllc/studio/backend/cmd/apiserver/handlers_campaigns.go:1321.5,1325.93 5 0
github.com/fntelecomllc/studio/backend/cmd/apiserver/handlers_campaigns.go:1325.93,1327.6 1 0
github.com/fntelecomllc/studio/backend/cmd/apiserver/handlers_campaigns.go:1329.4,1329.20 1 0
github.com/fntelecomllc/studio/backend/cmd/apiserver/handlers_campaigns.go:1332.3,1332.21 1 1
github.com/fntelecomllc/studio/backend/cmd/apiserver/handlers_campaigns.go:1332.21,1336.48 1 1
github.com/fntelecomllc/studio/backend/cmd/apiserver/handlers_campaigns.go:1336.48,1339.17 3 1
github.com/fntelecomllc/studio/backend/cmd/apiserver/handlers_campaigns.go:1339.17,1341.6 1 1
github.com/fntelecomllc/studio/backend/cmd/apiserver/handlers_campaigns.go:1342.5,1342.34 1 1
github.com/fntelecomllc/studio/backend/cmd/apiserver/handlers_campaigns.go:1342.34,1344.6 1 0
github.com/fntelecomllc/studio/backend/cmd/apiserver/handlers_campaigns.go:1345.5,1345.19 1 1
github.com/fntelecomllc/studio/backend/cmd/apiserver/handlers_campaigns.go:1349.3,1349.18 1 1
github.com/fntelecomllc/studio/backend/cmd/apiserver/handlers_campaigns.go:1349.18,1350.25 1 1
github.com/fntelecomllc/studio/backend/cmd/apiserver/handlers_campaigns.go:1350.25,1352.5 1 0
github.com/fntelecomllc/studio/backend/cmd/apiserver/handlers_campaigns.go:1353.4,1355.31 3 1
github.com/fntelecomllc/studio/backend/cmd/apiserver/handlers_campaigns.go:1355.31,1357.5 1 0
github.com/fntelecomllc/studio/backend/cmd/apiserver/handlers_campaigns.go:1358.4,1358.23 1 1
github.com/fntelecomllc/studio/backend/cmd/apiserver/handlers_campaigns.go:1362.2,1363.21 2 1
github.com/fntelecomllc/studio/backend/cmd/apiserver/handlers_campaigns.go:1363.21,1366.3 2 1
github.com/fntelecomllc/studio/backend/cmd/apiserver/handlers_campaigns.go:1366.8,1368.3 1 0
github.com/fntelecomllc/studio/backend/cmd/apiserver/handlers_campaigns.go:1370.2,1370.22 1 1
github.com/fntelecomllc/studio/backend/cmd/apiserver/handlers_campaigns.go:1370.22,1372.43 2 1
github.com/fntelecomllc/studio/backend/cmd/apiserver/handlers_campaigns.go:1372.43,1374.4 1 1
github.com/fntelecomllc/studio/backend/cmd/apiserver/handlers_campaigns.go:1375.3,1375.162 1 1
github.com/fntelecomllc/studio/backend/cmd/apiserver/handlers_campaigns.go:1377.2,1377.126 1 0
github.com/fntelecomllc/studio/backend/cmd/apiserver/handlers_campaigns.go:1383.58,1388.46 2 1
github.com/fntelecomllc/studio/backend/cmd/apiserver/handlers_campaigns.go:1388.46,1389.53 1 0
github.com/fntelecomllc/studio/backend/cmd/apiserver/handlers_campaigns.go:1389.53,1391.4 1 0
github.com/fntelecomllc/studio/backend/cmd/apiserver/handlers_campaigns.go:1394.2,1394.45 1 1
github.com/fntelecomllc/studio/backend/cmd/apiserver/handlers_campaigns.go:1394.45,1395.44 1 1
github.com/fntelecomllc/studio/backend/cmd/apiserver/handlers_campaigns.go:1395.44,1397.4 1 1
github.com/fntelecomllc/studio/backend/cmd/apiserver/handlers_campaigns.go:1399.2,1399.11 1 1
github.com/fntelecomllc/studio/backend/cmd/apiserver/handlers_campaigns.go:1403.39,1404.14 1 1
github.com/fntelecomllc/studio/backend/cmd/apiserver/handlers_campaigns.go:1404.14,1406.3 1 0
github.com/fntelecomllc/studio/backend/cmd/apiserver/handlers_campaigns.go:1407.2,1407.11 1 1
github.com/fntelecomllc/studio/backend/cmd/apiserver/handlers_campaigns.go:1412.67,1414.24 2 1
github.com/fntelecomllc/studio/backend/cmd/apiserver/handlers_campaigns.go:1414.24,1416.3 1 1
github.com/fntelecomllc/studio/backend/cmd/apiserver/handlers_campaigns.go:1417.2,1417.15 1 1
github.com/fntelecomllc/studio/backend/cmd/apiserver/handlers_campaigns.go:1418.25,1419.79 1 1
github.com/fntelecomllc/studio/backend/cmd/apiserver/handlers_campaigns.go:1419.79,1421.4 1 1
[...]
github.com/fntelecomllc/studio/backend/internal/application/orchestrator.go:110.25,112.108 1 0
github.com/fntelecomllc/studio/backend/internal/application/orchestrator.go:112.108,114.3 1 0
github.com/fntelecomllc/studio/backend/internal/application/orchestrator.go:115.2,127.3 1 0
github.com/fntelecomllc/studio/backend/internal/application/orchestrator.go:132.97,133.38 1 0
github.com/fntelecomllc/studio/backend/internal/application/orchestrator.go:133.38,135.3 1 0
github.com/fntelecomllc/studio/backend/internal/application/orchestrator.go:136.2,136.55 1 0
github.com/fntelecomllc/studio/backend/internal/application/orchestrator.go:144.137,145.38 1 0
github.com/fntelecomllc/studio/backend/internal/application/orchestrator.go:145.38,147.3 1 0
github.com/fntelecomllc/studio/backend/internal/application/orchestrator.go:149.2,152.51 2 0
github.com/fntelecomllc/studio/backend/internal/application/orchestrator.go:152.51,154.3 1 0
github.com/fntelecomllc/studio/backend/internal/application/orchestrator.go:155.2,155.17 1 0
github.com/fntelecomllc/studio/backend/internal/application/orchestrator.go:164.81,165.14 1 0
github.com/fntelecomllc/studio/backend/internal/application/orchestrator.go:165.14,167.3 1 0
github.com/fntelecomllc/studio/backend/internal/application/orchestrator.go:168.2,170.30 3 0
github.com/fntelecomllc/studio/backend/internal/application/orchestrator.go:174.144,182.16 3 0
github.com/fntelecomllc/studio/backend/internal/application/orchestrator.go:182.16,184.3 1 0
github.com/fntelecomllc/studio/backend/internal/application/orchestrator.go:187.2,187.67 1 0
github.com/fntelecomllc/studio/backend/internal/application/orchestrator.go:187.67,189.3 1 0
github.com/fntelecomllc/studio/backend/internal/application/orchestrator.go:192.2,193.60 2 0
github.com/fntelecomllc/studio/backend/internal/application/orchestrator.go:193.60,201.3 1 0
github.com/fntelecomllc/studio/backend/internal/application/orchestrator.go:202.2,209.12 3 0
github.com/fntelecomllc/studio/backend/internal/application/orchestrator.go:213.128,220.138 3 0
github.com/fntelecomllc/studio/backend/internal/application/orchestrator.go:220.138,224.3 3 0
github.com/fntelecomllc/studio/backend/internal/application/orchestrator.go:225.2,228.22 2 0
github.com/fntelecomllc/studio/backend/internal/application/orchestrator.go:228.23,230.3 0 0
github.com/fntelecomllc/studio/backend/internal/application/orchestrator.go:233.2,234.9 2 0
github.com/fntelecomllc/studio/backend/internal/application/orchestrator.go:234.9,236.3 1 0
github.com/fntelecomllc/studio/backend/internal/application/orchestrator.go:238.2,239.16 2 0
github.com/fntelecomllc/studio/backend/internal/application/orchestrator.go:239.16,241.3 1 0
github.com/fntelecomllc/studio/backend/internal/application/orchestrator.go:242.2,243.28 2 0
github.com/fntelecomllc/studio/backend/internal/application/orchestrator.go:243.28,245.3 1 0
github.com/fntelecomllc/studio/backend/internal/application/orchestrator.go:248.2,249.74 2 0
github.com/fntelecomllc/studio/backend/internal/application/orchestrator.go:249.74,253.147 3 0
github.com/fntelecomllc/studio/backend/internal/application/orchestrator.go:253.147,254.39 1 0
github.com/fntelecomllc/studio/backend/internal/application/orchestrator.go:254.39,256.5 1 0
github.com/fntelecomllc/studio/backend/internal/application/orchestrator.go:258.3,258.27 1 0
github.com/fntelecomllc/studio/backend/internal/application/orchestrator.go:258.27,261.4 2 0
github.com/fntelecomllc/studio/backend/internal/application/orchestrator.go:267.2,268.16 2 0
github.com/fntelecomllc/studio/backend/internal/application/orchestrator.go:268.16,270.3 1 0
github.com/fntelecomllc/studio/backend/internal/application/orchestrator.go:277.2,279.12 2 0
github.com/fntelecomllc/studio/backend/internal/application/orchestrator.go:279.12,279.44 2 0
github.com/fntelecomllc/studio/backend/internal/application/orchestrator.go:282.2,283.16 2 0
github.com/fntelecomllc/studio/backend/internal/application/orchestrator.go:283.16,285.49 1 0
github.com/fntelecomllc/studio/backend/internal/application/orchestrator.go:285.49,288.4 2 0
github.com/fntelecomllc/studio/backend/internal/application/orchestrator.go:290.3,291.64 2 0
github.com/fntelecomllc/studio/backend/internal/application/orchestrator.go:295.2,295.48 1 0
github.com/fntelecomllc/studio/backend/internal/application/orchestrator.go:295.48,298.3 2 0
github.com/fntelecomllc/studio/backend/internal/application/orchestrator.go:299.2,299.22 1 0
github.com/fntelecomllc/studio/backend/internal/application/orchestrator.go:299.22,301.3 1 0
github.com/fntelecomllc/studio/backend/internal/application/orchestrator.go:304.2,305.60 2 0
github.com/fntelecomllc/studio/backend/internal/application/orchestrator.go:305.60,313.3 1 0
github.com/fntelecomllc/studio/backend/internal/application/orchestrator.go:314.2,317.50 2 0
github.com/fntelecomllc/studio/backend/internal/application/orchestrator.go:317.50,321.3 3 0
github.com/fntelecomllc/studio/backend/internal/application/orchestrator.go:324.2,325.67 2 0
github.com/fntelecomllc/studio/backend/internal/application/orchestrator.go:325.67,328.3 2 0
github.com/fntelecomllc/studio/backend/internal/application/orchestrator.go:329.2,339.12 4 0
github.com/fntelecomllc/studio/backend/internal/application/orchestrator.go:343.118,345.16 2 0
github.com/fntelecomllc/studio/backend/internal/application/orchestrator.go:345.16,347.3 1 0
github.com/fntelecomllc/studio/backend/internal/application/orchestrator.go:348.2,348.53 1 0
github.com/fntelecomllc/studio/backend/internal/application/orchestrator.go:352.110,354.2 1 0
github.com/fntelecomllc/studio/backend/internal/application/orchestrator.go:357.69,358.19 1 0
github.com/fntelecomllc/studio/backend/internal/application/orchestrator.go:359.27,360.47 1 0
github.com/fntelecomllc/studio/backend/internal/application/orchestrator.go:361.24,362.44 1 0
github.com/fntelecomllc/studio/backend/internal/application/orchestrator.go:363.52,364.52 1 0
github.com/fntelecomllc/studio/backend/internal/application/orchestrator.go:365.18,366.39 1 0
github.com/fntelecomllc/studio/backend/internal/application/orchestrator.go:367.10,368.61 1 0
github.com/fntelecomllc/studio/backend/internal/application/orchestrator.go:373.155,376.16 2 0
github.com/fntelecomllc/studio/backend/internal/application/orchestrator.go:376.16,378.3 1 0
github.com/fntelecomllc/studio/backend/internal/application/orchestrator.go:380.2,380.43 1 0
github.com/fntelecomllc/studio/backend/internal/application/orchestrator.go:384.121,389.13 4 0
github.com/fntelecomllc/studio/backend/internal/application/orchestrator.go:389.13,395.3 1 0
github.com/fntelecomllc/studio/backend/internal/application/orchestrator.go:398.2,406.31 3 0
github.com/fntelecomllc/studio/backend/internal/application/orchestrator.go:406.31,407.74 1 0
github.com/fntelecomllc/studio/backend/internal/application/orchestrator.go:407.74,409.4 1 0
github.com/fntelecomllc/studio/backend/internal/application/orchestrator.go:413.2,423.20 2 0
github.com/fntelecomllc/studio/backend/internal/application/orchestrator.go:427.121,435.16 3 0
github.com/fntelecomllc/studio/backend/internal/application/orchestrator.go:435.16,437.3 1 0
github.com/fntelecomllc/studio/backend/internal/application/orchestrator.go:440.2,440.56 1 0
github.com/fntelecomllc/studio/backend/internal/application/orchestrator.go:440.56,442.3 1 0
github.com/fntelecomllc/studio/backend/internal/application/orchestrator.go:445.2,450.12 2 0
github.com/fntelecomllc/studio/backend/internal/application/orchestrator.go:454.134,457.16 2 0
github.com/fntelecomllc/studio/backend/internal/application/orchestrator.go:457.16,459.3 1 0
github.com/fntelecomllc/studio/backend/internal/application/orchestrator.go:461.2,461.38 1 0
github.com/fntelecomllc/studio/backend/internal/application/orchestrator.go:467.113,468.15 1 0
github.com/fntelecomllc/studio/backend/internal/application/orchestrator.go:469.40,470.36 1 0
github.com/fntelecomllc/studio/backend/internal/application/orchestrator.go:471.37,472.33 1 0
github.com/fntelecomllc/studio/backend/internal/application/orchestrator.go:473.45,474.34 1 0
github.com/fntelecomllc/studio/backend/internal/application/orchestrator.go:475.32,476.28 1 0
github.com/fntelecomllc/studio/backend/internal/application/orchestrator.go:477.10,478.62 1 0
github.com/fntelecomllc/studio/backend/internal/application/orchestrator.go:483.172,484.15 1 0
github.com/fntelecomllc/studio/backend/internal/application/orchestrator.go:484.15,489.3 1 0
github.com/fntelecomllc/studio/backend/internal/application/orchestrator.go:492.2,493.25 2 0
github.com/fntelecomllc/studio/backend/internal/application/orchestrator.go:493.25,495.9 2 0
github.com/fntelecomllc/studio/backend/internal/application/orchestrator.go:495.9,496.112 1 0
github.com/fntelecomllc/studio/backend/internal/application/orchestrator.go:496.112,498.5 1 0
github.com/fntelecomllc/studio/backend/internal/application/orchestrator.go:502.2,502.6 1 0
github.com/fntelecomllc/studio/backend/internal/application/orchestrator.go:502.6,503.10 1 0
github.com/fntelecomllc/studio/backend/internal/application/orchestrator.go:504.21,505.10 1 0
github.com/fntelecomllc/studio/backend/internal/application/orchestrator.go:506.37,507.11 1 0
github.com/fntelecomllc/studio/backend/internal/application/orchestrator.go:507.11,511.5 2 0
github.com/fntelecomllc/studio/backend/internal/application/orchestrator.go:514.4,517.44 2 0
github.com/fntelecomllc/studio/backend/internal/application/orchestrator.go:517.44,529.5 3 0
github.com/fntelecomllc/studio/backend/internal/application/orchestrator.go:532.4,539.6 1 0
github.com/fntelecomllc/studio/backend/internal/application/orchestrator.go:545.144,550.13 4 0
github.com/fntelecomllc/studio/backend/internal/application/orchestrator.go:550.13,552.3 1 0
github.com/fntelecomllc/studio/backend/internal/application/orchestrator.go:555.2,555.49 1 0
github.com/fntelecomllc/studio/backend/internal/application/orchestrator.go:555.49,558.3 2 0
github.com/fntelecomllc/studio/backend/internal/application/orchestrator.go:558.8,558.59 1 0
github.com/fntelecomllc/studio/backend/internal/application/orchestrator.go:558.59,560.27 1 0
github.com/fntelecomllc/studio/backend/internal/application/orchestrator.go:560.27,564.4 3 0
github.com/fntelecomllc/studio/backend/internal/application/orchestrator.go:568.2,568.50 1 0
github.com/fntelecomllc/studio/backend/internal/application/orchestrator.go:568.50,570.61 1 0
github.com/fntelecomllc/studio/backend/internal/application/orchestrator.go:570.61,573.15 2 0
github.com/fntelecomllc/studio/backend/internal/application/orchestrator.go:573.15,575.5 1 0
github.com/fntelecomllc/studio/backend/internal/application/orchestrator.go:576.4,576.17 1 0
github.com/fntelecomllc/studio/backend/internal/application/orchestrator.go:576.17,578.5 1 0
github.com/fntelecomllc/studio/backend/internal/application/orchestrator.go:579.4,579.132 1 0
github.com/fntelecomllc/studio/backend/internal/application/orchestrator.go:582.3,584.106 3 0
github.com/fntelecomllc/studio/backend/internal/application/orchestrator.go:589.125,595.58 2 0
github.com/fntelecomllc/studio/backend/internal/application/orchestrator.go:595.58,596.127 1 0
github.com/fntelecomllc/studio/backend/internal/application/orchestrator.go:596.127,599.24 3 0
github.com/fntelecomllc/studio/backend/internal/application/orchestrator.go:599.24,602.5 1 0
github.com/fntelecomllc/studio/backend/internal/application/orchestrator.go:607.2,608.16 2 0
github.com/fntelecomllc/studio/backend/internal/application/orchestrator.go:608.16,614.3 2 0
github.com/fntelecomllc/studio/backend/internal/application/orchestrator.go:616.2,617.16 2 0
github.com/fntelecomllc/studio/backend/internal/application/orchestrator.go:617.16,623.3 2 0
github.com/fntelecomllc/studio/backend/internal/application/orchestrator.go:626.2,627.25 2 0
github.com/fntelecomllc/studio/backend/internal/application/orchestrator.go:627.25,628.51 1 0
github.com/fntelecomllc/studio/backend/internal/application/orchestrator.go:628.51,629.112 1 0
github.com/fntelecomllc/studio/backend/internal/application/orchestrator.go:629.112,641.5 4 0
github.com/fntelecomllc/studio/backend/internal/application/orchestrator.go:645.2,646.67 2 0
github.com/fntelecomllc/studio/backend/internal/application/orchestrator.go:646.67,647.37 1 0
github.com/fntelecomllc/studio/backend/internal/application/orchestrator.go:647.37,649.4 1 0
github.com/fntelecomllc/studio/backend/internal/application/orchestrator.go:650.3,650.47 1 0
github.com/fntelecomllc/studio/backend/internal/application/orchestrator.go:652.2,655.74 2 0
github.com/fntelecomllc/studio/backend/internal/application/orchestrator.go:655.74,659.3 2 0
github.com/fntelecomllc/studio/backend/internal/application/orchestrator.go:660.2,660.77 1 0
github.com/fntelecomllc/studio/backend/internal/application/orchestrator.go:660.77,664.69 2 0
github.com/fntelecomllc/studio/backend/internal/application/orchestrator.go:664.69,668.17 3 0
github.com/fntelecomllc/studio/backend/internal/application/orchestrator.go:669.42,670.35 1 0
github.com/fntelecomllc/studio/backend/internal/application/orchestrator.go:671.39,672.32 1 0
github.com/fntelecomllc/studio/backend/internal/application/orchestrator.go:673.47,674.41 1 0
github.com/fntelecomllc/studio/backend/internal/application/orchestrator.go:675.34,676.26 1 0
github.com/fntelecomllc/studio/backend/internal/application/orchestrator.go:678.4,678.22 1 0
github.com/fntelecomllc/studio/backend/internal/application/orchestrator.go:678.22,680.5 1 0
github.com/fntelecomllc/studio/backend/internal/application/orchestrator.go:682.3,682.27 1 0
github.com/fntelecomllc/studio/backend/internal/application/orchestrator.go:682.27,685.4 2 0
github.com/fntelecomllc/studio/backend/internal/application/orchestrator.go:686.3,687.10 2 0
github.com/fntelecomllc/studio/backend/internal/application/orchestrator.go:687.10,690.4 2 0
github.com/fntelecomllc/studio/backend/internal/application/orchestrator.go:691.3,692.17 2 0
github.com/fntelecomllc/studio/backend/internal/application/orchestrator.go:692.17,695.4 2 0
github.com/fntelecomllc/studio/backend/internal/application/orchestrator.go:696.3,696.30 1 0
github.com/fntelecomllc/studio/backend/internal/application/orchestrator.go:696.30,698.4 1 0
github.com/fntelecomllc/studio/backend/internal/application/orchestrator.go:700.3,701.10 2 0
github.com/fntelecomllc/studio/backend/internal/application/orchestrator.go:701.10,703.4 1 0
github.com/fntelecomllc/studio/backend/internal/application/orchestrator.go:706.3,706.96 1 0
github.com/fntelecomllc/studio/backend/internal/application/orchestrator.go:706.96,707.58 1 0
github.com/fntelecomllc/studio/backend/internal/application/orchestrator.go:707.58,708.51 1 0
github.com/fntelecomllc/studio/backend/internal/application/orchestrator.go:708.51,710.6 1 0
github.com/fntelecomllc/studio/backend/internal/application/orchestrator.go:710.11,713.6 2 0
github.com/fntelecomllc/studio/backend/internal/application/orchestrator.go:716.3,718.54 3 0
github.com/fntelecomllc/studio/backend/internal/application/orchestrator.go:718.54,721.4 2 0
github.com/fntelecomllc/studio/backend/internal/application/orchestrator.go:722.3,725.16 3 0
github.com/fntelecomllc/studio/backend/internal/application/orchestrator.go:725.16,729.4 3 0
github.com/fntelecomllc/studio/backend/internal/application/orchestrator.go:731.3,732.49 2 0
github.com/fntelecomllc/studio/backend/internal/application/orchestrator.go:732.49,735.4 2 0
github.com/fntelecomllc/studio/backend/internal/application/orchestrator.go:736.3,736.69 1 0
github.com/fntelecomllc/studio/backend/internal/application/orchestrator.go:736.69,738.4 1 0
github.com/fntelecomllc/studio/backend/internal/application/orchestrator.go:738.9,741.4 1 0
github.com/fntelecomllc/studio/backend/internal/application/orchestrator.go:747.77,749.2 1 0
github.com/fntelecomllc/studio/backend/internal/application/orchestrator.go:752.101,753.17 1 0
github.com/fntelecomllc/studio/backend/internal/application/orchestrator.go:754.40,755.45 1 0
github.com/fntelecomllc/studio/backend/internal/application/orchestrator.go:756.37,757.53 1 0
github.com/fntelecomllc/studio/backend/internal/application/orchestrator.go:758.45,759.40 1 0
github.com/fntelecomllc/studio/backend/internal/application/orchestrator.go:760.10,761.19 1 0
github.com/fntelecomllc/studio/backend/internal/application/orchestrator.go:766.147,769.16 2 0
github.com/fntelecomllc/studio/backend/internal/application/orchestrator.go:769.16,771.3 1 0
github.com/fntelecomllc/studio/backend/internal/application/orchestrator.go:774.2,778.13 4 0
github.com/fntelecomllc/studio/backend/internal/application/orchestrator.go:778.13,785.3 1 0
github.com/fntelecomllc/studio/backend/internal/application/orchestrator.go:788.2,795.8 1 0
github.com/fntelecomllc/studio/backend/internal/application/orchestrator.go:799.130,804.13 4 0
github.com/fntelecomllc/studio/backend/internal/application/orchestrator.go:804.13,813.3 2 0
github.com/fntelecomllc/studio/backend/internal/application/orchestrator.go:813.8,815.44 2 0
github.com/fntelecomllc/studio/backend/internal/application/orchestrator.go:815.44,818.4 2 0
github.com/fntelecomllc/studio/backend/internal/application/orchestrator.go:822.2,822.50 1 0
github.com/fntelecomllc/studio/backend/internal/application/orchestrator.go:822.50,824.41 2 0
github.com/fntelecomllc/studio/backend/internal/application/orchestrator.go:824.41,825.80 1 0
github.com/fntelecomllc/studio/backend/internal/application/orchestrator.go:825.80,827.5 1 0
github.com/fntelecomllc/studio/backend/internal/application/orchestrator.go:829.3,829.96 1 0
github.com/fntelecomllc/studio/backend/internal/application/orchestrator.go:829.96,835.4 1 0
github.com/fntelecomllc/studio/backend/internal/application/orchestrator.go:838.2,838.12 1 0
github.com/fntelecomllc/studio/backend/internal/application/orchestrator.go:842.125,847.13 4 0
github.com/fntelecomllc/studio/backend/internal/application/orchestrator.go:847.13,857.3 2 0
github.com/fntelecomllc/studio/backend/internal/application/orchestrator.go:857.8,860.3 2 0
github.com/fntelecomllc/studio/backend/internal/application/orchestrator.go:862.2,867.50 2 0
github.com/fntelecomllc/studio/backend/internal/application/orchestrator.go:867.50,869.3 1 0
github.com/fntelecomllc/studio/backend/internal/application/orchestrator.go:871.2,871.12 1 0
github.com/fntelecomllc/studio/backend/internal/application/orchestrator.go:875.106,880.13 4 0
github.com/fntelecomllc/studio/backend/internal/application/orchestrator.go:880.13,882.3 1 0
github.com/fntelecomllc/studio/backend/internal/application/orchestrator.go:885.2,896.50 5 0
github.com/fntelecomllc/studio/backend/internal/application/orchestrator.go:896.50,897.127 1 0
github.com/fntelecomllc/studio/backend/internal/application/orchestrator.go:897.127,902.4 1 0
github.com/fntelecomllc/studio/backend/internal/application/orchestrator.go:904.3,904.108 1 0
github.com/fntelecomllc/studio/backend/internal/application/orchestrator.go:904.108,909.30 2 0
github.com/fntelecomllc/studio/backend/internal/application/orchestrator.go:909.30,912.5 2 0
github.com/fntelecomllc/studio/backend/internal/application/orchestrator.go:912.10,916.5 2 0
github.com/fntelecomllc/studio/backend/internal/application/orchestrator.go:921.2,926.12 3 0
github.com/fntelecomllc/studio/backend/internal/application/orchestrator.go:930.98,932.33 1 0
github.com/fntelecomllc/studio/backend/internal/application/orchestrator.go:932.33,933.87 1 0
github.com/fntelecomllc/studio/backend/internal/application/orchestrator.go:933.87,934.47 1 0
github.com/fntelecomllc/studio/backend/internal/application/orchestrator.go:934.47,936.5 1 0
github.com/fntelecomllc/studio/backend/internal/application/orchestrator.go:941.2,944.26 4 0
github.com/fntelecomllc/studio/backend/internal/application/orchestrator.go:944.26,945.48 1 0
github.com/fntelecomllc/studio/backend/internal/application/orchestrator.go:945.48,950.4 1 0
