mode: set
github.com/fntelecomllc/studio/backend/cmd/api_contract_tester/main.go:11.13,18.19 4 0
github.com/fntelecomllc/studio/backend/cmd/api_contract_tester/main.go:18.19,20.3 1 0
github.com/fntelecomllc/studio/backend/cmd/api_contract_tester/main.go:23.2,29.16 5 0
github.com/fntelecomllc/studio/backend/cmd/api_contract_tester/main.go:29.16,31.3 1 0
github.com/fntelecomllc/studio/backend/cmd/api_contract_tester/main.go:34.2,39.16 4 0
github.com/fntelecomllc/studio/backend/cmd/api_contract_tester/main.go:39.16,41.3 1 0
github.com/fntelecomllc/studio/backend/cmd/api_contract_tester/main.go:44.2,47.22 2 0
github.com/fntelecomllc/studio/backend/cmd/api_contract_tester/main.go:47.22,49.3 1 0
github.com/fntelecomllc/studio/backend/cmd/api_contract_tester/main.go:51.2,51.92 1 0
github.com/fntelecomllc/studio/backend/cmd/apiserver/main.go:49.13,60.35 4 0
github.com/fntelecomllc/studio/backend/cmd/apiserver/main.go:60.35,61.48 1 0
github.com/fntelecomllc/studio/backend/cmd/apiserver/main.go:61.48,64.9 3 0
github.com/fntelecomllc/studio/backend/cmd/apiserver/main.go:68.2,68.16 1 0
github.com/fntelecomllc/studio/backend/cmd/apiserver/main.go:68.16,71.3 2 0
github.com/fntelecomllc/studio/backend/cmd/apiserver/main.go:74.2,75.16 2 0
github.com/fntelecomllc/studio/backend/cmd/apiserver/main.go:75.16,79.59 3 0
github.com/fntelecomllc/studio/backend/cmd/apiserver/main.go:79.59,82.4 2 0
github.com/fntelecomllc/studio/backend/cmd/apiserver/main.go:82.9,84.4 1 0
github.com/fntelecomllc/studio/backend/cmd/apiserver/main.go:86.2,105.44 14 0
github.com/fntelecomllc/studio/backend/cmd/apiserver/main.go:105.44,107.3 1 0
github.com/fntelecomllc/studio/backend/cmd/apiserver/main.go:107.8,116.19 7 0
github.com/fntelecomllc/studio/backend/cmd/apiserver/main.go:116.19,118.4 1 0
github.com/fntelecomllc/studio/backend/cmd/apiserver/main.go:119.3,119.19 1 0
github.com/fntelecomllc/studio/backend/cmd/apiserver/main.go:119.19,121.4 1 0
github.com/fntelecomllc/studio/backend/cmd/apiserver/main.go:122.3,122.19 1 0
github.com/fntelecomllc/studio/backend/cmd/apiserver/main.go:122.19,124.4 1 0
github.com/fntelecomllc/studio/backend/cmd/apiserver/main.go:125.3,125.23 1 0
github.com/fntelecomllc/studio/backend/cmd/apiserver/main.go:125.23,128.4 1 0
github.com/fntelecomllc/studio/backend/cmd/apiserver/main.go:129.3,129.19 1 0
github.com/fntelecomllc/studio/backend/cmd/apiserver/main.go:129.19,131.4 1 0
github.com/fntelecomllc/studio/backend/cmd/apiserver/main.go:132.3,132.22 1 0
github.com/fntelecomllc/studio/backend/cmd/apiserver/main.go:132.22,134.4 1 0
github.com/fntelecomllc/studio/backend/cmd/apiserver/main.go:136.3,137.58 1 0
github.com/fntelecomllc/studio/backend/cmd/apiserver/main.go:140.2,142.18 3 0
github.com/fntelecomllc/studio/backend/cmd/apiserver/main.go:142.18,144.3 1 0
github.com/fntelecomllc/studio/backend/cmd/apiserver/main.go:145.2,162.28 15 0
github.com/fntelecomllc/studio/backend/cmd/apiserver/main.go:162.28,163.56 1 0
github.com/fntelecomllc/studio/backend/cmd/apiserver/main.go:163.56,165.4 1 0
github.com/fntelecomllc/studio/backend/cmd/apiserver/main.go:165.9,167.4 1 0
github.com/fntelecomllc/studio/backend/cmd/apiserver/main.go:169.2,181.16 9 0
github.com/fntelecomllc/studio/backend/cmd/apiserver/main.go:181.16,183.3 1 0
github.com/fntelecomllc/studio/backend/cmd/apiserver/main.go:184.2,207.72 13 0
github.com/fntelecomllc/studio/backend/cmd/apiserver/main.go:207.72,209.3 1 0
github.com/fntelecomllc/studio/backend/cmd/apiserver/main.go:211.2,226.28 4 0
github.com/fntelecomllc/studio/backend/cmd/apiserver/main.go:226.28,228.3 1 0
github.com/fntelecomllc/studio/backend/cmd/apiserver/main.go:229.2,279.21 20 0
github.com/fntelecomllc/studio/backend/cmd/apiserver/main.go:279.21,281.3 1 0
github.com/fntelecomllc/studio/backend/cmd/apiserver/main.go:282.2,296.44 8 0
github.com/fntelecomllc/studio/backend/cmd/apiserver/main.go:296.44,297.47 1 0
github.com/fntelecomllc/studio/backend/cmd/apiserver/main.go:297.47,299.42 1 0
github.com/fntelecomllc/studio/backend/cmd/apiserver/main.go:299.42,302.5 2 0
github.com/fntelecomllc/studio/backend/cmd/apiserver/main.go:304.4,304.60 1 0
github.com/fntelecomllc/studio/backend/cmd/apiserver/main.go:308.2,325.2 9 0
github.com/fntelecomllc/studio/backend/cmd/apiserver/main.go:325.2,329.3 3 0
github.com/fntelecomllc/studio/backend/cmd/apiserver/main.go:330.2,342.2 8 0
github.com/fntelecomllc/studio/backend/cmd/apiserver/main.go:342.2,349.3 4 0
github.com/fntelecomllc/studio/backend/cmd/apiserver/main.go:349.3,357.4 6 0
github.com/fntelecomllc/studio/backend/cmd/apiserver/main.go:360.3,361.3 2 0
github.com/fntelecomllc/studio/backend/cmd/apiserver/main.go:361.3,370.4 8 0
github.com/fntelecomllc/studio/backend/cmd/apiserver/main.go:372.3,373.3 2 0
github.com/fntelecomllc/studio/backend/cmd/apiserver/main.go:373.3,380.4 6 0
github.com/fntelecomllc/studio/backend/cmd/apiserver/main.go:383.3,384.3 2 0
github.com/fntelecomllc/studio/backend/cmd/apiserver/main.go:384.3,403.4 18 0
github.com/fntelecomllc/studio/backend/cmd/apiserver/main.go:406.3,407.3 2 0
github.com/fntelecomllc/studio/backend/cmd/apiserver/main.go:407.3,413.4 5 0
github.com/fntelecomllc/studio/backend/cmd/apiserver/main.go:416.3,417.3 2 0
github.com/fntelecomllc/studio/backend/cmd/apiserver/main.go:417.3,420.4 2 0
github.com/fntelecomllc/studio/backend/cmd/apiserver/main.go:423.3,423.53 1 0
github.com/fntelecomllc/studio/backend/cmd/apiserver/main.go:423.53,425.49 2 0
github.com/fntelecomllc/studio/backend/cmd/apiserver/main.go:425.49,428.5 2 0
github.com/fntelecomllc/studio/backend/cmd/apiserver/main.go:428.10,430.5 1 0
github.com/fntelecomllc/studio/backend/cmd/apiserver/main.go:432.3,434.111 2 0
github.com/fntelecomllc/studio/backend/cmd/apiserver/main.go:438.2,447.22 8 0
github.com/fntelecomllc/studio/backend/cmd/apiserver/main.go:447.22,449.3 1 0
github.com/fntelecomllc/studio/backend/cmd/apiserver/main.go:451.2,456.12 2 0
github.com/fntelecomllc/studio/backend/cmd/apiserver/main.go:456.12,457.77 1 0
github.com/fntelecomllc/studio/backend/cmd/apiserver/main.go:457.77,459.4 1 0
github.com/fntelecomllc/studio/backend/cmd/apiserver/main.go:462.2,474.50 9 0
github.com/fntelecomllc/studio/backend/cmd/apiserver/main.go:474.50,476.3 1 0
github.com/fntelecomllc/studio/backend/cmd/apiserver/main.go:478.2,478.54 1 0
github.com/fntelecomllc/studio/backend/cmd/migrate/main.go:14.13,28.15 6 0
github.com/fntelecomllc/studio/backend/cmd/migrate/main.go:28.15,30.16 2 0
github.com/fntelecomllc/studio/backend/cmd/migrate/main.go:30.16,32.4 1 0
github.com/fntelecomllc/studio/backend/cmd/migrate/main.go:36.2,41.16 4 0
github.com/fntelecomllc/studio/backend/cmd/migrate/main.go:41.16,43.3 1 0
github.com/fntelecomllc/studio/backend/cmd/migrate/main.go:46.2,46.19 1 0
github.com/fntelecomllc/studio/backend/cmd/migrate/main.go:47.12,50.33 3 0
github.com/fntelecomllc/studio/backend/cmd/migrate/main.go:50.33,52.4 1 0
github.com/fntelecomllc/studio/backend/cmd/migrate/main.go:52.9,52.24 1 0
github.com/fntelecomllc/studio/backend/cmd/migrate/main.go:52.24,54.4 1 0
github.com/fntelecomllc/studio/backend/cmd/migrate/main.go:54.9,56.4 1 0
github.com/fntelecomllc/studio/backend/cmd/migrate/main.go:57.14,60.47 3 0
github.com/fntelecomllc/studio/backend/cmd/migrate/main.go:60.47,62.4 1 0
github.com/fntelecomllc/studio/backend/cmd/migrate/main.go:62.9,64.4 1 0
github.com/fntelecomllc/studio/backend/cmd/migrate/main.go:65.10,66.80 1 0
github.com/fntelecomllc/studio/backend/cmd/create_admin_hash/main.go:10.13,16.16 4 0
github.com/fntelecomllc/studio/backend/cmd/create_admin_hash/main.go:16.16,18.3 1 0
github.com/fntelecomllc/studio/backend/cmd/create_admin_hash/main.go:20.2,24.16 3 0
github.com/fntelecomllc/studio/backend/cmd/create_admin_hash/main.go:24.16,26.3 1 0
github.com/fntelecomllc/studio/backend/cmd/create_admin_hash/main.go:28.2,28.46 1 0
github.com/fntelecomllc/studio/backend/cmd/migration_verifier/main.go:15.13,22.16 4 0
github.com/fntelecomllc/studio/backend/cmd/migration_verifier/main.go:22.16,23.56 1 0
github.com/fntelecomllc/studio/backend/cmd/migration_verifier/main.go:23.56,25.4 1 0
github.com/fntelecomllc/studio/backend/cmd/migration_verifier/main.go:25.9,27.4 1 0
github.com/fntelecomllc/studio/backend/cmd/migration_verifier/main.go:31.2,33.16 3 0
github.com/fntelecomllc/studio/backend/cmd/migration_verifier/main.go:33.16,35.3 1 0
github.com/fntelecomllc/studio/backend/cmd/migration_verifier/main.go:36.2,50.16 9 0
github.com/fntelecomllc/studio/backend/cmd/migration_verifier/main.go:50.16,52.3 1 0
github.com/fntelecomllc/studio/backend/cmd/migration_verifier/main.go:55.2,60.16 4 0
github.com/fntelecomllc/studio/backend/cmd/migration_verifier/main.go:60.16,62.3 1 0
github.com/fntelecomllc/studio/backend/cmd/migration_verifier/main.go:65.2,68.21 2 0
github.com/fntelecomllc/studio/backend/cmd/migration_verifier/main.go:68.21,70.3 1 0
github.com/fntelecomllc/studio/backend/cmd/migration_verifier/main.go:72.2,72.82 1 0
github.com/fntelecomllc/studio/backend/cmd/migration_verifier/main.go:76.65,80.20 3 0
github.com/fntelecomllc/studio/backend/cmd/migration_verifier/main.go:80.20,82.3 1 0
github.com/fntelecomllc/studio/backend/cmd/migration_verifier/main.go:82.8,85.40 2 0
github.com/fntelecomllc/studio/backend/cmd/migration_verifier/main.go:85.40,87.55 2 0
github.com/fntelecomllc/studio/backend/cmd/migration_verifier/main.go:87.55,89.5 1 0
github.com/fntelecomllc/studio/backend/cmd/migration_verifier/main.go:92.3,92.44 1 0
github.com/fntelecomllc/studio/backend/cmd/migration_verifier/main.go:92.44,94.59 2 0
github.com/fntelecomllc/studio/backend/cmd/migration_verifier/main.go:94.59,96.5 1 0
github.com/fntelecomllc/studio/backend/cmd/migration_verifier/main.go:99.3,99.39 1 0
github.com/fntelecomllc/studio/backend/cmd/migration_verifier/main.go:99.39,101.54 2 0
github.com/fntelecomllc/studio/backend/cmd/migration_verifier/main.go:101.54,103.5 1 0
github.com/fntelecomllc/studio/backend/cmd/health_check_test/main.go:60.60,64.2 1 0
github.com/fntelecomllc/studio/backend/cmd/health_check_test/main.go:67.64,86.52 4 0
github.com/fntelecomllc/studio/backend/cmd/health_check_test/main.go:86.52,87.37 1 0
github.com/fntelecomllc/studio/backend/cmd/health_check_test/main.go:87.37,89.9 2 0
github.com/fntelecomllc/studio/backend/cmd/health_check_test/main.go:93.2,93.31 1 0
github.com/fntelecomllc/studio/backend/cmd/health_check_test/main.go:97.67,101.29 2 0
github.com/fntelecomllc/studio/backend/cmd/health_check_test/main.go:101.29,108.3 2 0
github.com/fntelecomllc/studio/backend/cmd/health_check_test/main.go:110.2,112.4 1 0
github.com/fntelecomllc/studio/backend/cmd/health_check_test/main.go:116.66,121.2 1 0
github.com/fntelecomllc/studio/backend/cmd/health_check_test/main.go:124.59,133.17 4 0
github.com/fntelecomllc/studio/backend/cmd/health_check_test/main.go:133.17,137.3 3 0
github.com/fntelecomllc/studio/backend/cmd/health_check_test/main.go:139.2,139.46 1 0
github.com/fntelecomllc/studio/backend/cmd/health_check_test/main.go:139.46,142.3 2 0
github.com/fntelecomllc/studio/backend/cmd/health_check_test/main.go:144.2,144.15 1 0
github.com/fntelecomllc/studio/backend/cmd/health_check_test/main.go:148.81,152.2 3 0
github.com/fntelecomllc/studio/backend/cmd/health_check_test/main.go:154.13,159.17 3 0
github.com/fntelecomllc/studio/backend/cmd/health_check_test/main.go:159.17,161.3 1 0
github.com/fntelecomllc/studio/backend/cmd/health_check_test/main.go:163.2,164.16 2 0
github.com/fntelecomllc/studio/backend/cmd/health_check_test/main.go:164.16,166.3 1 0
github.com/fntelecomllc/studio/backend/cmd/health_check_test/main.go:167.2,173.34 3 0
github.com/fntelecomllc/studio/backend/cmd/health_check_test/main.go:173.34,177.3 3 0
github.com/fntelecomllc/studio/backend/cmd/health_check_test/main.go:177.8,179.3 1 0
github.com/fntelecomllc/studio/backend/cmd/health_check_test/main.go:182.2,201.65 11 0
github.com/fntelecomllc/studio/backend/cmd/health_check_test/main.go:204.45,209.29 4 0
github.com/fntelecomllc/studio/backend/cmd/health_check_test/main.go:209.29,211.3 1 0
github.com/fntelecomllc/studio/backend/cmd/health_check_test/main.go:214.2,215.66 2 0
github.com/fntelecomllc/studio/backend/cmd/health_check_test/main.go:215.66,217.3 1 0
github.com/fntelecomllc/studio/backend/cmd/health_check_test/main.go:219.2,221.56 3 0
github.com/fntelecomllc/studio/backend/cmd/health_check_test/main.go:224.48,230.72 4 0
github.com/fntelecomllc/studio/backend/cmd/health_check_test/main.go:230.72,233.3 1 0
github.com/fntelecomllc/studio/backend/cmd/health_check_test/main.go:235.2,236.52 2 0
github.com/fntelecomllc/studio/backend/cmd/health_check_test/main.go:239.47,244.29 4 0
github.com/fntelecomllc/studio/backend/cmd/health_check_test/main.go:244.29,246.3 1 0
github.com/fntelecomllc/studio/backend/cmd/health_check_test/main.go:248.2,249.52 2 0
github.com/fntelecomllc/studio/backend/cmd/model_documenter/main.go:14.13,21.16 4 0
github.com/fntelecomllc/studio/backend/cmd/model_documenter/main.go:21.16,22.56 1 0
github.com/fntelecomllc/studio/backend/cmd/model_documenter/main.go:22.56,24.4 1 0
github.com/fntelecomllc/studio/backend/cmd/model_documenter/main.go:24.9,26.4 1 0
github.com/fntelecomllc/studio/backend/cmd/model_documenter/main.go:30.2,32.16 3 0
github.com/fntelecomllc/studio/backend/cmd/model_documenter/main.go:32.16,34.3 1 0
github.com/fntelecomllc/studio/backend/cmd/model_documenter/main.go:35.2,49.16 9 0
github.com/fntelecomllc/studio/backend/cmd/model_documenter/main.go:49.16,51.3 1 0
github.com/fntelecomllc/studio/backend/cmd/model_documenter/main.go:54.2,55.16 2 0
github.com/fntelecomllc/studio/backend/cmd/model_documenter/main.go:55.16,57.3 1 0
github.com/fntelecomllc/studio/backend/cmd/model_documenter/main.go:59.2,59.80 1 0
github.com/fntelecomllc/studio/backend/cmd/generate_api_key/main.go:10.13,13.44 2 0
github.com/fntelecomllc/studio/backend/cmd/generate_api_key/main.go:13.44,16.3 2 0
github.com/fntelecomllc/studio/backend/cmd/generate_api_key/main.go:18.2,23.58 5 0
github.com/fntelecomllc/studio/backend/cmd/regression_tester/main.go:12.13,19.23 4 0
github.com/fntelecomllc/studio/backend/cmd/regression_tester/main.go:19.23,21.3 1 0
github.com/fntelecomllc/studio/backend/cmd/regression_tester/main.go:24.2,30.16 5 0
github.com/fntelecomllc/studio/backend/cmd/regression_tester/main.go:30.16,32.3 1 0
github.com/fntelecomllc/studio/backend/cmd/regression_tester/main.go:34.2,34.27 1 0
github.com/fntelecomllc/studio/backend/cmd/regression_tester/main.go:34.27,36.3 1 0
github.com/fntelecomllc/studio/backend/cmd/regression_tester/main.go:39.2,41.16 3 0
github.com/fntelecomllc/studio/backend/cmd/regression_tester/main.go:41.16,43.3 1 0
github.com/fntelecomllc/studio/backend/cmd/regression_tester/main.go:46.2,51.16 4 0
github.com/fntelecomllc/studio/backend/cmd/regression_tester/main.go:51.16,53.3 1 0
github.com/fntelecomllc/studio/backend/cmd/regression_tester/main.go:56.2,59.29 2 0
github.com/fntelecomllc/studio/backend/cmd/regression_tester/main.go:59.29,61.3 1 0
github.com/fntelecomllc/studio/backend/cmd/regression_tester/main.go:63.2,63.89 1 0
github.com/fntelecomllc/studio/backend/docs/docs.go:3154.13,3156.2 1 0
github.com/fntelecomllc/studio/backend/cmd/schema_validator/main.go:14.13,21.16 4 0
github.com/fntelecomllc/studio/backend/cmd/schema_validator/main.go:21.16,22.56 1 0
github.com/fntelecomllc/studio/backend/cmd/schema_validator/main.go:22.56,24.4 1 0
github.com/fntelecomllc/studio/backend/cmd/schema_validator/main.go:24.9,26.4 1 0
github.com/fntelecomllc/studio/backend/cmd/schema_validator/main.go:30.2,32.16 3 0
github.com/fntelecomllc/studio/backend/cmd/schema_validator/main.go:32.16,34.3 1 0
github.com/fntelecomllc/studio/backend/cmd/schema_validator/main.go:35.2,49.16 9 0
github.com/fntelecomllc/studio/backend/cmd/schema_validator/main.go:49.16,51.3 1 0
github.com/fntelecomllc/studio/backend/cmd/schema_validator/main.go:53.2,53.77 1 0
github.com/fntelecomllc/studio/backend/cmd/schema_validator/schema_validator_wrapper.go:20.49,24.2 1 0
github.com/fntelecomllc/studio/backend/cmd/schema_validator/schema_validator_wrapper.go:27.64,33.16 4 0
github.com/fntelecomllc/studio/backend/cmd/schema_validator/schema_validator_wrapper.go:33.16,35.3 1 0
github.com/fntelecomllc/studio/backend/cmd/schema_validator/schema_validator_wrapper.go:38.2,43.16 4 0
github.com/fntelecomllc/studio/backend/cmd/schema_validator/schema_validator_wrapper.go:43.16,45.3 1 0
github.com/fntelecomllc/studio/backend/cmd/schema_validator/schema_validator_wrapper.go:49.2,50.46 2 0
github.com/fntelecomllc/studio/backend/cmd/schema_validator/schema_validator_wrapper.go:50.46,55.58 2 0
github.com/fntelecomllc/studio/backend/cmd/schema_validator/schema_validator_wrapper.go:55.58,57.4 1 0
github.com/fntelecomllc/studio/backend/cmd/schema_validator/schema_validator_wrapper.go:59.2,64.16 4 0
github.com/fntelecomllc/studio/backend/cmd/schema_validator/schema_validator_wrapper.go:64.16,66.3 1 0
github.com/fntelecomllc/studio/backend/cmd/schema_validator/schema_validator_wrapper.go:69.2,74.16 4 0
github.com/fntelecomllc/studio/backend/cmd/schema_validator/schema_validator_wrapper.go:74.16,76.3 1 0
github.com/fntelecomllc/studio/backend/cmd/schema_validator/schema_validator_wrapper.go:79.2,81.12 2 0
github.com/fntelecomllc/studio/backend/cmd/schema_validator/schema_validator_wrapper.go:85.59,107.2 3 0
github.com/fntelecomllc/studio/backend/cmd/schema_validator/schema_validator_wrapper.go:113.42,132.2 1 0
github.com/fntelecomllc/studio/backend/cmd/schema_validator/schema_validator_wrapper.go:135.79,140.35 3 0
github.com/fntelecomllc/studio/backend/cmd/schema_validator/schema_validator_wrapper.go:140.35,142.46 2 0
github.com/fntelecomllc/studio/backend/cmd/schema_validator/schema_validator_wrapper.go:142.46,144.4 1 0
github.com/fntelecomllc/studio/backend/cmd/schema_validator/schema_validator_wrapper.go:145.8,147.3 1 0
github.com/fntelecomllc/studio/backend/cmd/schema_validator/schema_validator_wrapper.go:150.2,150.35 1 0
github.com/fntelecomllc/studio/backend/cmd/schema_validator/schema_validator_wrapper.go:150.35,152.46 2 0
github.com/fntelecomllc/studio/backend/cmd/schema_validator/schema_validator_wrapper.go:152.46,154.4 1 0
github.com/fntelecomllc/studio/backend/cmd/schema_validator/schema_validator_wrapper.go:155.8,157.3 1 0
github.com/fntelecomllc/studio/backend/cmd/schema_validator/schema_validator_wrapper.go:160.2,161.57 2 0
github.com/fntelecomllc/studio/backend/cmd/schema_validator/schema_validator_wrapper.go:161.57,163.3 1 0
github.com/fntelecomllc/studio/backend/cmd/schema_validator/schema_validator_wrapper.go:165.2,165.25 1 0
github.com/fntelecomllc/studio/backend/cmd/schema_validator/schema_validator_wrapper.go:165.25,167.62 2 0
github.com/fntelecomllc/studio/backend/cmd/schema_validator/schema_validator_wrapper.go:167.62,169.4 1 0
github.com/fntelecomllc/studio/backend/cmd/schema_validator/schema_validator_wrapper.go:170.8,172.3 1 0
github.com/fntelecomllc/studio/backend/cmd/schema_validator/schema_validator_wrapper.go:175.2,175.94 1 0
github.com/fntelecomllc/studio/backend/cmd/schema_validator/schema_validator_wrapper.go:175.94,177.3 1 0
github.com/fntelecomllc/studio/backend/cmd/schema_validator/schema_validator_wrapper.go:177.8,180.3 2 0
github.com/fntelecomllc/studio/backend/cmd/schema_validator/schema_validator_wrapper.go:184.52,205.2 15 0
github.com/fntelecomllc/studio/backend/cmd/security_scanner/main.go:11.13,19.25 5 0
github.com/fntelecomllc/studio/backend/cmd/security_scanner/main.go:19.25,21.3 1 0
github.com/fntelecomllc/studio/backend/cmd/security_scanner/main.go:22.2,22.30 1 0
github.com/fntelecomllc/studio/backend/cmd/security_scanner/main.go:22.30,24.3 1 0
github.com/fntelecomllc/studio/backend/cmd/security_scanner/main.go:27.2,29.16 3 0
github.com/fntelecomllc/studio/backend/cmd/security_scanner/main.go:29.16,31.3 1 0
github.com/fntelecomllc/studio/backend/cmd/security_scanner/main.go:34.2,36.16 3 0
github.com/fntelecomllc/studio/backend/cmd/security_scanner/main.go:36.16,38.3 1 0
github.com/fntelecomllc/studio/backend/cmd/security_scanner/main.go:41.2,47.16 5 0
github.com/fntelecomllc/studio/backend/cmd/security_scanner/main.go:47.16,49.3 1 0
github.com/fntelecomllc/studio/backend/cmd/security_scanner/main.go:52.2,57.16 4 0
github.com/fntelecomllc/studio/backend/cmd/security_scanner/main.go:57.16,59.3 1 0
github.com/fntelecomllc/studio/backend/cmd/security_scanner/main.go:62.2,65.38 2 0
github.com/fntelecomllc/studio/backend/cmd/security_scanner/main.go:65.38,67.3 1 0
github.com/fntelecomllc/studio/backend/cmd/security_scanner/main.go:69.2,69.87 1 0
github.com/fntelecomllc/studio/backend/cmd/test_coverage_report/main.go:31.13,37.34 5 0
github.com/fntelecomllc/studio/backend/cmd/test_coverage_report/main.go:37.34,39.3 1 0
github.com/fntelecomllc/studio/backend/cmd/test_coverage_report/main.go:42.2,44.16 3 0
github.com/fntelecomllc/studio/backend/cmd/test_coverage_report/main.go:44.16,46.3 1 0
github.com/fntelecomllc/studio/backend/cmd/test_coverage_report/main.go:49.2,55.34 3 0
github.com/fntelecomllc/studio/backend/cmd/test_coverage_report/main.go:58.72,62.16 3 0
github.com/fntelecomllc/studio/backend/cmd/test_coverage_report/main.go:62.16,64.3 1 0
github.com/fntelecomllc/studio/backend/cmd/test_coverage_report/main.go:67.2,69.29 3 0
github.com/fntelecomllc/studio/backend/cmd/test_coverage_report/main.go:69.29,70.39 1 0
github.com/fntelecomllc/studio/backend/cmd/test_coverage_report/main.go:70.39,71.12 1 0
github.com/fntelecomllc/studio/backend/cmd/test_coverage_report/main.go:73.3,74.22 2 0
github.com/fntelecomllc/studio/backend/cmd/test_coverage_report/main.go:74.22,75.12 1 0
github.com/fntelecomllc/studio/backend/cmd/test_coverage_report/main.go:79.3,88.60 6 0
github.com/fntelecomllc/studio/backend/cmd/test_coverage_report/main.go:88.60,90.4 1 0
github.com/fntelecomllc/studio/backend/cmd/test_coverage_report/main.go:90.9,92.4 1 0
github.com/fntelecomllc/studio/backend/cmd/test_coverage_report/main.go:95.2,95.26 1 0
github.com/fntelecomllc/studio/backend/cmd/test_coverage_report/main.go:98.69,107.40 3 0
github.com/fntelecomllc/studio/backend/cmd/test_coverage_report/main.go:107.40,109.3 1 0
github.com/fntelecomllc/studio/backend/cmd/test_coverage_report/main.go:110.2,113.42 2 0
github.com/fntelecomllc/studio/backend/cmd/test_coverage_report/main.go:113.42,114.22 1 0
github.com/fntelecomllc/studio/backend/cmd/test_coverage_report/main.go:114.22,116.4 1 0
github.com/fntelecomllc/studio/backend/cmd/test_coverage_report/main.go:118.2,121.43 2 0
github.com/fntelecomllc/studio/backend/cmd/test_coverage_report/main.go:121.43,122.43 1 0
github.com/fntelecomllc/studio/backend/cmd/test_coverage_report/main.go:122.43,123.42 1 0
github.com/fntelecomllc/studio/backend/cmd/test_coverage_report/main.go:123.42,125.5 1 0
github.com/fntelecomllc/studio/backend/cmd/test_coverage_report/main.go:129.2,129.15 1 0
github.com/fntelecomllc/studio/backend/cmd/test_coverage_report/main.go:132.42,136.60 3 0
github.com/fntelecomllc/studio/backend/cmd/test_coverage_report/main.go:136.60,138.3 1 0
github.com/fntelecomllc/studio/backend/cmd/test_coverage_report/main.go:140.2,141.49 2 0
github.com/fntelecomllc/studio/backend/cmd/test_coverage_report/main.go:141.49,143.3 1 0
github.com/fntelecomllc/studio/backend/cmd/test_coverage_report/main.go:146.2,147.16 2 0
github.com/fntelecomllc/studio/backend/cmd/test_coverage_report/main.go:147.16,149.3 1 0
github.com/fntelecomllc/studio/backend/cmd/test_coverage_report/main.go:151.2,151.77 1 0
github.com/fntelecomllc/studio/backend/cmd/test_coverage_report/main.go:151.77,153.3 1 0
github.com/fntelecomllc/studio/backend/cmd/test_coverage_report/main.go:154.2,154.66 1 0
github.com/fntelecomllc/studio/backend/cmd/test_coverage_report/main.go:157.54,160.60 2 0
github.com/fntelecomllc/studio/backend/cmd/test_coverage_report/main.go:160.60,161.23 1 0
github.com/fntelecomllc/studio/backend/cmd/test_coverage_report/main.go:161.23,163.4 1 0
github.com/fntelecomllc/studio/backend/cmd/test_coverage_report/main.go:166.2,166.33 1 0
github.com/fntelecomllc/studio/backend/cmd/test_coverage_report/main.go:166.33,168.46 2 0
github.com/fntelecomllc/studio/backend/cmd/test_coverage_report/main.go:168.46,170.4 1 0
github.com/fntelecomllc/studio/backend/cmd/test_coverage_report/main.go:171.3,171.86 1 0
github.com/fntelecomllc/studio/backend/cmd/test_coverage_report/main.go:172.8,174.3 1 0
github.com/fntelecomllc/studio/backend/cmd/test_dashboard/main.go:256.13,259.63 2 0
github.com/fntelecomllc/studio/backend/cmd/test_dashboard/main.go:259.63,261.3 1 0
github.com/fntelecomllc/studio/backend/cmd/test_dashboard/main.go:264.2,265.16 2 0
github.com/fntelecomllc/studio/backend/cmd/test_dashboard/main.go:265.16,267.3 1 0
github.com/fntelecomllc/studio/backend/cmd/test_dashboard/main.go:270.2,271.62 2 0
github.com/fntelecomllc/studio/backend/cmd/test_dashboard/main.go:271.62,273.3 1 0
github.com/fntelecomllc/studio/backend/cmd/test_dashboard/main.go:276.2,276.28 1 0
github.com/fntelecomllc/studio/backend/cmd/test_dashboard/main.go:276.28,278.3 1 0
github.com/fntelecomllc/studio/backend/cmd/test_dashboard/main.go:281.2,281.31 1 0
github.com/fntelecomllc/studio/backend/cmd/test_dashboard/main.go:281.31,283.3 1 0
github.com/fntelecomllc/studio/backend/cmd/test_dashboard/main.go:286.2,290.46 4 0
github.com/fntelecomllc/studio/backend/cmd/test_dashboard/main.go:290.46,291.20 1 0
github.com/fntelecomllc/studio/backend/cmd/test_dashboard/main.go:291.20,293.4 1 0
github.com/fntelecomllc/studio/backend/cmd/test_dashboard/main.go:294.3,294.20 1 0
github.com/fntelecomllc/studio/backend/cmd/test_dashboard/main.go:294.20,296.4 1 0
github.com/fntelecomllc/studio/backend/cmd/test_dashboard/main.go:299.2,300.20 2 0
github.com/fntelecomllc/studio/backend/cmd/test_dashboard/main.go:300.20,302.3 1 0
github.com/fntelecomllc/studio/backend/cmd/test_dashboard/main.go:305.2,306.54 2 0
github.com/fntelecomllc/studio/backend/cmd/test_dashboard/main.go:306.54,307.23 1 0
github.com/fntelecomllc/studio/backend/cmd/test_dashboard/main.go:307.23,309.9 2 0
github.com/fntelecomllc/studio/backend/cmd/test_dashboard/main.go:314.2,315.42 2 0
github.com/fntelecomllc/studio/backend/cmd/test_dashboard/main.go:315.42,317.3 1 0
github.com/fntelecomllc/studio/backend/cmd/test_dashboard/main.go:318.2,322.33 3 0
github.com/fntelecomllc/studio/backend/cmd/test_dashboard/main.go:322.33,324.3 1 0
github.com/fntelecomllc/studio/backend/cmd/test_dashboard/main.go:325.2,325.33 1 0
github.com/fntelecomllc/studio/backend/cmd/test_dashboard/main.go:325.33,327.3 1 0
github.com/fntelecomllc/studio/backend/cmd/test_dashboard/main.go:330.2,342.16 3 0
github.com/fntelecomllc/studio/backend/cmd/test_dashboard/main.go:342.16,344.3 1 0
github.com/fntelecomllc/studio/backend/cmd/test_dashboard/main.go:347.2,348.53 2 0
github.com/fntelecomllc/studio/backend/cmd/test_dashboard/main.go:348.53,350.3 1 0
github.com/fntelecomllc/studio/backend/cmd/test_dashboard/main.go:353.2,358.16 4 0
github.com/fntelecomllc/studio/backend/cmd/test_dashboard/main.go:358.16,360.3 1 0
github.com/fntelecomllc/studio/backend/cmd/test_dashboard/main.go:361.2,364.49 2 0
github.com/fntelecomllc/studio/backend/cmd/test_dashboard/main.go:364.49,366.3 1 0
github.com/fntelecomllc/studio/backend/cmd/test_dashboard/main.go:369.2,371.59 3 0
github.com/fntelecomllc/studio/backend/cmd/test_dashboard/main.go:371.59,373.3 1 0
github.com/fntelecomllc/studio/backend/cmd/test_dashboard/main.go:375.2,376.63 2 0
github.com/fntelecomllc/studio/backend/internal/contentfetcher/contentfetcher.go:47.73,53.47 2 0
github.com/fntelecomllc/studio/backend/internal/contentfetcher/contentfetcher.go:54.47,55.43 1 0
github.com/fntelecomllc/studio/backend/internal/contentfetcher/contentfetcher.go:55.43,58.36 3 0
github.com/fntelecomllc/studio/backend/internal/contentfetcher/contentfetcher.go:58.36,60.5 1 0
github.com/fntelecomllc/studio/backend/internal/contentfetcher/contentfetcher.go:61.4,61.51 1 0
github.com/fntelecomllc/studio/backend/internal/contentfetcher/contentfetcher.go:61.51,62.28 1 0
github.com/fntelecomllc/studio/backend/internal/contentfetcher/contentfetcher.go:62.28,64.6 1 0
github.com/fntelecomllc/studio/backend/internal/contentfetcher/contentfetcher.go:66.4,66.26 1 0
github.com/fntelecomllc/studio/backend/internal/contentfetcher/contentfetcher.go:66.26,68.5 1 0
github.com/fntelecomllc/studio/backend/internal/contentfetcher/contentfetcher.go:68.10,70.5 1 0
github.com/fntelecomllc/studio/backend/internal/contentfetcher/contentfetcher.go:72.27,73.37 1 0
github.com/fntelecomllc/studio/backend/internal/contentfetcher/contentfetcher.go:73.37,75.52 2 0
github.com/fntelecomllc/studio/backend/internal/contentfetcher/contentfetcher.go:75.52,76.20 1 0
github.com/fntelecomllc/studio/backend/internal/contentfetcher/contentfetcher.go:76.20,77.14 1 0
github.com/fntelecomllc/studio/backend/internal/contentfetcher/contentfetcher.go:79.5,79.33 1 0
github.com/fntelecomllc/studio/backend/internal/contentfetcher/contentfetcher.go:79.33,81.6 1 0
github.com/fntelecomllc/studio/backend/internal/contentfetcher/contentfetcher.go:83.4,83.37 1 0
github.com/fntelecomllc/studio/backend/internal/contentfetcher/contentfetcher.go:83.37,84.60 1 0
github.com/fntelecomllc/studio/backend/internal/contentfetcher/contentfetcher.go:84.60,86.6 1 0
github.com/fntelecomllc/studio/backend/internal/contentfetcher/contentfetcher.go:87.5,87.40 1 0
github.com/fntelecomllc/studio/backend/internal/contentfetcher/contentfetcher.go:88.10,90.30 2 0
github.com/fntelecomllc/studio/backend/internal/contentfetcher/contentfetcher.go:90.30,91.53 1 0
github.com/fntelecomllc/studio/backend/internal/contentfetcher/contentfetcher.go:91.53,91.124 1 0
github.com/fntelecomllc/studio/backend/internal/contentfetcher/contentfetcher.go:94.9,95.29 1 0
github.com/fntelecomllc/studio/backend/internal/contentfetcher/contentfetcher.go:95.29,96.52 1 0
github.com/fntelecomllc/studio/backend/internal/contentfetcher/contentfetcher.go:96.52,96.123 1 0
github.com/fntelecomllc/studio/backend/internal/contentfetcher/contentfetcher.go:99.25,100.14 1 0
github.com/fntelecomllc/studio/backend/internal/contentfetcher/contentfetcher.go:101.10,102.28 1 0
github.com/fntelecomllc/studio/backend/internal/contentfetcher/contentfetcher.go:102.28,103.51 1 0
github.com/fntelecomllc/studio/backend/internal/contentfetcher/contentfetcher.go:103.51,103.122 1 0
github.com/fntelecomllc/studio/backend/internal/contentfetcher/contentfetcher.go:106.2,106.11 1 0
github.com/fntelecomllc/studio/backend/internal/contentfetcher/contentfetcher.go:109.63,113.28 3 0
github.com/fntelecomllc/studio/backend/internal/contentfetcher/contentfetcher.go:113.28,115.3 1 0
github.com/fntelecomllc/studio/backend/internal/contentfetcher/contentfetcher.go:117.2,120.57 3 0
github.com/fntelecomllc/studio/backend/internal/contentfetcher/contentfetcher.go:120.57,121.48 1 0
github.com/fntelecomllc/studio/backend/internal/contentfetcher/contentfetcher.go:121.48,123.4 1 0
github.com/fntelecomllc/studio/backend/internal/contentfetcher/contentfetcher.go:124.3,124.52 1 0
github.com/fntelecomllc/studio/backend/internal/contentfetcher/contentfetcher.go:125.8,128.3 2 0
github.com/fntelecomllc/studio/backend/internal/contentfetcher/contentfetcher.go:129.2,129.26 1 0
github.com/fntelecomllc/studio/backend/internal/contentfetcher/contentfetcher.go:132.103,133.19 1 0
github.com/fntelecomllc/studio/backend/internal/contentfetcher/contentfetcher.go:133.19,138.3 1 0
github.com/fntelecomllc/studio/backend/internal/contentfetcher/contentfetcher.go:139.2,139.63 1 0
github.com/fntelecomllc/studio/backend/internal/contentfetcher/contentfetcher.go:148.144,157.29 2 0
github.com/fntelecomllc/studio/backend/internal/contentfetcher/contentfetcher.go:157.29,159.3 1 0
github.com/fntelecomllc/studio/backend/internal/contentfetcher/contentfetcher.go:160.2,160.29 1 0
github.com/fntelecomllc/studio/backend/internal/contentfetcher/contentfetcher.go:160.29,162.3 1 0
github.com/fntelecomllc/studio/backend/internal/contentfetcher/contentfetcher.go:163.2,163.33 1 0
github.com/fntelecomllc/studio/backend/internal/contentfetcher/contentfetcher.go:163.33,164.77 1 0
github.com/fntelecomllc/studio/backend/internal/contentfetcher/contentfetcher.go:164.77,166.4 1 0
github.com/fntelecomllc/studio/backend/internal/contentfetcher/contentfetcher.go:166.9,166.64 1 0
github.com/fntelecomllc/studio/backend/internal/contentfetcher/contentfetcher.go:166.64,168.19 2 0
github.com/fntelecomllc/studio/backend/internal/contentfetcher/contentfetcher.go:168.19,170.5 1 0
github.com/fntelecomllc/studio/backend/internal/contentfetcher/contentfetcher.go:174.2,175.85 2 0
github.com/fntelecomllc/studio/backend/internal/contentfetcher/contentfetcher.go:175.85,178.3 2 0
github.com/fntelecomllc/studio/backend/internal/contentfetcher/contentfetcher.go:180.2,181.60 2 0
github.com/fntelecomllc/studio/backend/internal/contentfetcher/contentfetcher.go:181.60,183.3 1 0
github.com/fntelecomllc/studio/backend/internal/contentfetcher/contentfetcher.go:185.2,188.44 3 0
github.com/fntelecomllc/studio/backend/internal/contentfetcher/contentfetcher.go:188.44,191.23 3 0
github.com/fntelecomllc/studio/backend/internal/contentfetcher/contentfetcher.go:191.23,193.12 2 0
github.com/fntelecomllc/studio/backend/internal/contentfetcher/contentfetcher.go:196.3,197.44 2 0
github.com/fntelecomllc/studio/backend/internal/contentfetcher/contentfetcher.go:197.44,199.4 1 0
github.com/fntelecomllc/studio/backend/internal/contentfetcher/contentfetcher.go:200.3,200.47 1 0
github.com/fntelecomllc/studio/backend/internal/contentfetcher/contentfetcher.go:200.47,202.4 1 0
github.com/fntelecomllc/studio/backend/internal/contentfetcher/contentfetcher.go:203.3,203.56 1 0
github.com/fntelecomllc/studio/backend/internal/contentfetcher/contentfetcher.go:203.56,205.4 1 0
github.com/fntelecomllc/studio/backend/internal/contentfetcher/contentfetcher.go:207.3,208.19 2 0
github.com/fntelecomllc/studio/backend/internal/contentfetcher/contentfetcher.go:208.19,210.26 2 0
github.com/fntelecomllc/studio/backend/internal/contentfetcher/contentfetcher.go:210.26,212.5 1 0
github.com/fntelecomllc/studio/backend/internal/contentfetcher/contentfetcher.go:213.4,213.24 1 0
github.com/fntelecomllc/studio/backend/internal/contentfetcher/contentfetcher.go:213.24,215.5 1 0
github.com/fntelecomllc/studio/backend/internal/contentfetcher/contentfetcher.go:216.4,216.12 1 0
github.com/fntelecomllc/studio/backend/internal/contentfetcher/contentfetcher.go:218.3,220.8 3 0
github.com/fntelecomllc/studio/backend/internal/contentfetcher/contentfetcher.go:223.2,223.25 1 0
github.com/fntelecomllc/studio/backend/internal/contentfetcher/contentfetcher.go:223.25,224.144 1 0
github.com/fntelecomllc/studio/backend/internal/contentfetcher/contentfetcher.go:224.144,226.4 1 0
github.com/fntelecomllc/studio/backend/internal/contentfetcher/contentfetcher.go:227.3,227.84 1 0
github.com/fntelecomllc/studio/backend/internal/contentfetcher/contentfetcher.go:230.2,230.17 1 0
github.com/fntelecomllc/studio/backend/internal/contentfetcher/contentfetcher.go:230.17,232.3 1 0
github.com/fntelecomllc/studio/backend/internal/contentfetcher/contentfetcher.go:233.2,238.55 4 0
github.com/fntelecomllc/studio/backend/internal/contentfetcher/contentfetcher.go:238.55,240.3 1 0
github.com/fntelecomllc/studio/backend/internal/contentfetcher/contentfetcher.go:242.2,243.20 2 0
github.com/fntelecomllc/studio/backend/internal/contentfetcher/contentfetcher.go:243.20,245.3 1 0
github.com/fntelecomllc/studio/backend/internal/contentfetcher/contentfetcher.go:247.2,248.90 2 0
github.com/fntelecomllc/studio/backend/internal/contentfetcher/contentfetcher.go:256.158,262.130 4 0
github.com/fntelecomllc/studio/backend/internal/contentfetcher/contentfetcher.go:262.130,263.89 1 0
github.com/fntelecomllc/studio/backend/internal/contentfetcher/contentfetcher.go:263.89,266.4 2 0
github.com/fntelecomllc/studio/backend/internal/contentfetcher/contentfetcher.go:266.9,268.4 1 0
github.com/fntelecomllc/studio/backend/internal/contentfetcher/contentfetcher.go:269.8,271.30 2 0
github.com/fntelecomllc/studio/backend/internal/contentfetcher/contentfetcher.go:271.30,273.4 1 0
github.com/fntelecomllc/studio/backend/internal/contentfetcher/contentfetcher.go:276.2,277.30 2 0
github.com/fntelecomllc/studio/backend/internal/contentfetcher/contentfetcher.go:277.30,279.3 1 0
github.com/fntelecomllc/studio/backend/internal/contentfetcher/contentfetcher.go:280.2,280.30 1 0
github.com/fntelecomllc/studio/backend/internal/contentfetcher/contentfetcher.go:280.30,282.3 1 0
github.com/fntelecomllc/studio/backend/internal/contentfetcher/contentfetcher.go:284.2,285.62 2 0
github.com/fntelecomllc/studio/backend/internal/contentfetcher/contentfetcher.go:285.62,287.3 1 0
github.com/fntelecomllc/studio/backend/internal/contentfetcher/contentfetcher.go:288.2,288.43 1 0
github.com/fntelecomllc/studio/backend/internal/contentfetcher/contentfetcher.go:288.43,290.3 1 0
github.com/fntelecomllc/studio/backend/internal/contentfetcher/contentfetcher.go:292.2,294.43 3 0
github.com/fntelecomllc/studio/backend/internal/contentfetcher/contentfetcher.go:294.43,296.3 1 0
github.com/fntelecomllc/studio/backend/internal/contentfetcher/contentfetcher.go:297.2,297.22 1 0
github.com/fntelecomllc/studio/backend/internal/contentfetcher/contentfetcher.go:297.22,299.3 1 0
github.com/fntelecomllc/studio/backend/internal/contentfetcher/contentfetcher.go:301.2,307.126 3 0
github.com/fntelecomllc/studio/backend/internal/contentfetcher/contentfetcher.go:307.126,308.87 1 0
github.com/fntelecomllc/studio/backend/internal/contentfetcher/contentfetcher.go:308.87,310.4 1 0
github.com/fntelecomllc/studio/backend/internal/contentfetcher/contentfetcher.go:310.9,311.40 1 0
github.com/fntelecomllc/studio/backend/internal/contentfetcher/contentfetcher.go:311.40,317.104 4 0
github.com/fntelecomllc/studio/backend/internal/contentfetcher/contentfetcher.go:317.104,321.85 4 0
github.com/fntelecomllc/studio/backend/internal/contentfetcher/contentfetcher.go:321.85,323.7 1 0
github.com/fntelecomllc/studio/backend/internal/contentfetcher/contentfetcher.go:325.6,325.57 1 0
github.com/fntelecomllc/studio/backend/internal/contentfetcher/contentfetcher.go:325.57,328.28 2 0
github.com/fntelecomllc/studio/backend/internal/contentfetcher/contentfetcher.go:328.28,330.13 2 0
github.com/fntelecomllc/studio/backend/internal/contentfetcher/contentfetcher.go:332.7,332.47 1 0
github.com/fntelecomllc/studio/backend/internal/contentfetcher/contentfetcher.go:332.47,334.8 1 0
github.com/fntelecomllc/studio/backend/internal/contentfetcher/contentfetcher.go:335.7,336.26 2 0
github.com/fntelecomllc/studio/backend/internal/contentfetcher/contentfetcher.go:336.26,338.8 1 0
github.com/fntelecomllc/studio/backend/internal/contentfetcher/contentfetcher.go:339.7,342.25 3 0
github.com/fntelecomllc/studio/backend/internal/contentfetcher/contentfetcher.go:342.25,347.8 4 0
github.com/fntelecomllc/studio/backend/internal/contentfetcher/contentfetcher.go:348.7,349.86 2 0
github.com/fntelecomllc/studio/backend/internal/contentfetcher/contentfetcher.go:349.86,354.8 4 0
github.com/fntelecomllc/studio/backend/internal/contentfetcher/contentfetcher.go:354.13,355.13 1 0
github.com/fntelecomllc/studio/backend/internal/contentfetcher/contentfetcher.go:358.6,358.140 1 0
github.com/fntelecomllc/studio/backend/internal/contentfetcher/contentfetcher.go:361.5,366.100 2 0
github.com/fntelecomllc/studio/backend/internal/contentfetcher/contentfetcher.go:366.100,368.25 2 0
github.com/fntelecomllc/studio/backend/internal/contentfetcher/contentfetcher.go:368.25,370.7 1 0
github.com/fntelecomllc/studio/backend/internal/contentfetcher/contentfetcher.go:371.6,371.34 1 0
github.com/fntelecomllc/studio/backend/internal/contentfetcher/contentfetcher.go:371.34,373.7 1 0
github.com/fntelecomllc/studio/backend/internal/contentfetcher/contentfetcher.go:375.6,376.44 2 0
github.com/fntelecomllc/studio/backend/internal/contentfetcher/contentfetcher.go:376.44,378.7 1 0
github.com/fntelecomllc/studio/backend/internal/contentfetcher/contentfetcher.go:379.6,379.104 1 0
github.com/fntelecomllc/studio/backend/internal/contentfetcher/contentfetcher.go:381.10,383.5 1 0
github.com/fntelecomllc/studio/backend/internal/contentfetcher/contentfetcher.go:385.8,385.35 1 0
github.com/fntelecomllc/studio/backend/internal/contentfetcher/contentfetcher.go:385.35,387.3 1 0
github.com/fntelecomllc/studio/backend/internal/contentfetcher/contentfetcher.go:389.2,401.46 2 0
github.com/fntelecomllc/studio/backend/internal/contentfetcher/contentfetcher.go:401.46,403.3 1 0
github.com/fntelecomllc/studio/backend/internal/contentfetcher/contentfetcher.go:406.2,406.41 1 0
github.com/fntelecomllc/studio/backend/internal/contentfetcher/contentfetcher.go:406.41,409.3 2 0
github.com/fntelecomllc/studio/backend/internal/contentfetcher/contentfetcher.go:411.2,414.71 3 0
github.com/fntelecomllc/studio/backend/internal/contentfetcher/contentfetcher.go:414.71,416.33 2 0
github.com/fntelecomllc/studio/backend/internal/contentfetcher/contentfetcher.go:416.33,418.4 1 0
github.com/fntelecomllc/studio/backend/internal/contentfetcher/contentfetcher.go:419.3,427.51 4 0
github.com/fntelecomllc/studio/backend/internal/contentfetcher/contentfetcher.go:427.51,430.4 2 0
github.com/fntelecomllc/studio/backend/internal/contentfetcher/contentfetcher.go:430.9,432.4 1 0
github.com/fntelecomllc/studio/backend/internal/contentfetcher/contentfetcher.go:433.8,433.31 1 0
github.com/fntelecomllc/studio/backend/internal/contentfetcher/contentfetcher.go:433.31,435.34 2 0
github.com/fntelecomllc/studio/backend/internal/contentfetcher/contentfetcher.go:435.34,438.52 3 0
github.com/fntelecomllc/studio/backend/internal/contentfetcher/contentfetcher.go:438.52,441.5 2 0
github.com/fntelecomllc/studio/backend/internal/contentfetcher/contentfetcher.go:441.10,443.5 1 0
github.com/fntelecomllc/studio/backend/internal/contentfetcher/contentfetcher.go:444.9,446.4 1 0
github.com/fntelecomllc/studio/backend/internal/contentfetcher/contentfetcher.go:449.2,450.110 2 0
github.com/fntelecomllc/studio/backend/internal/contentfetcher/contentfetcher.go:450.110,453.20 3 0
github.com/fntelecomllc/studio/backend/internal/contentfetcher/contentfetcher.go:453.20,455.4 1 0
github.com/fntelecomllc/studio/backend/internal/contentfetcher/contentfetcher.go:458.2,462.69 1 0
github.com/fntelecomllc/studio/backend/internal/contentfetcher/contentfetcher.go:462.69,463.41 1 0
github.com/fntelecomllc/studio/backend/internal/contentfetcher/contentfetcher.go:463.41,465.5 1 0
github.com/fntelecomllc/studio/backend/internal/contentfetcher/contentfetcher.go:466.4,466.14 1 0
github.com/fntelecomllc/studio/backend/internal/contentfetcher/contentfetcher.go:469.2,469.30 1 0
github.com/fntelecomllc/studio/backend/internal/contentfetcher/contentfetcher.go:469.30,471.3 1 0
github.com/fntelecomllc/studio/backend/internal/contentfetcher/contentfetcher.go:473.2,473.119 1 0
github.com/fntelecomllc/studio/backend/internal/contentfetcher/contentfetcher.go:476.83,479.62 2 0
github.com/fntelecomllc/studio/backend/internal/contentfetcher/contentfetcher.go:480.14,482.19 2 0
github.com/fntelecomllc/studio/backend/internal/contentfetcher/contentfetcher.go:482.19,484.4 1 0
github.com/fntelecomllc/studio/backend/internal/contentfetcher/contentfetcher.go:485.3,486.20 2 0
github.com/fntelecomllc/studio/backend/internal/contentfetcher/contentfetcher.go:487.17,489.21 2 0
github.com/fntelecomllc/studio/backend/internal/contentfetcher/contentfetcher.go:489.21,491.4 1 0
github.com/fntelecomllc/studio/backend/internal/contentfetcher/contentfetcher.go:492.3,493.22 2 0
github.com/fntelecomllc/studio/backend/internal/contentfetcher/contentfetcher.go:496.2,498.41 3 0
github.com/fntelecomllc/studio/backend/internal/contentfetcher/contentfetcher.go:498.41,500.3 1 0
github.com/fntelecomllc/studio/backend/internal/contentfetcher/contentfetcher.go:502.2,504.20 3 0
github.com/fntelecomllc/studio/backend/internal/contentfetcher/contentfetcher.go:504.20,507.3 2 0
github.com/fntelecomllc/studio/backend/internal/contentfetcher/contentfetcher.go:509.2,510.24 2 0
github.com/fntelecomllc/studio/backend/internal/contentfetcher/contentfetcher.go:510.24,513.3 2 0
github.com/fntelecomllc/studio/backend/internal/contentfetcher/contentfetcher.go:514.2,514.23 1 0
github.com/fntelecomllc/studio/backend/internal/converters/keyword_converter.go:19.54,21.2 1 0
github.com/fntelecomllc/studio/backend/internal/converters/keyword_converter.go:24.130,27.25 2 0
github.com/fntelecomllc/studio/backend/internal/converters/keyword_converter.go:27.25,29.17 2 0
github.com/fntelecomllc/studio/backend/internal/converters/keyword_converter.go:29.17,32.4 1 0
github.com/fntelecomllc/studio/backend/internal/converters/keyword_converter.go:32.9,34.4 1 0
github.com/fntelecomllc/studio/backend/internal/converters/keyword_converter.go:35.8,37.3 1 0
github.com/fntelecomllc/studio/backend/internal/converters/keyword_converter.go:40.2,41.42 2 0
github.com/fntelecomllc/studio/backend/internal/converters/keyword_converter.go:42.16,43.42 1 0
github.com/fntelecomllc/studio/backend/internal/converters/keyword_converter.go:44.15,45.41 1 0
github.com/fntelecomllc/studio/backend/internal/converters/keyword_converter.go:46.10,47.97 1 0
github.com/fntelecomllc/studio/backend/internal/converters/keyword_converter.go:51.2,52.31 2 0
github.com/fntelecomllc/studio/backend/internal/converters/keyword_converter.go:52.31,54.3 1 0
github.com/fntelecomllc/studio/backend/internal/converters/keyword_converter.go:56.2,68.8 2 0
github.com/fntelecomllc/studio/backend/internal/converters/keyword_converter.go:72.105,75.28 2 0
github.com/fntelecomllc/studio/backend/internal/converters/keyword_converter.go:76.36,77.22 1 0
github.com/fntelecomllc/studio/backend/internal/converters/keyword_converter.go:78.35,79.21 1 0
github.com/fntelecomllc/studio/backend/internal/converters/keyword_converter.go:80.10,81.81 1 0
github.com/fntelecomllc/studio/backend/internal/converters/keyword_converter.go:85.2,86.30 2 0
github.com/fntelecomllc/studio/backend/internal/converters/keyword_converter.go:86.30,88.3 1 0
github.com/fntelecomllc/studio/backend/internal/converters/keyword_converter.go:90.2,101.82 2 0
github.com/fntelecomllc/studio/backend/internal/converters/keyword_converter.go:101.82,103.33 2 0
github.com/fntelecomllc/studio/backend/internal/converters/keyword_converter.go:103.33,105.4 1 0
github.com/fntelecomllc/studio/backend/internal/converters/keyword_converter.go:107.3,108.17 2 0
github.com/fntelecomllc/studio/backend/internal/converters/keyword_converter.go:108.17,110.4 1 0
github.com/fntelecomllc/studio/backend/internal/converters/keyword_converter.go:111.3,111.38 1 0
github.com/fntelecomllc/studio/backend/internal/converters/keyword_converter.go:114.2,114.24 1 0
github.com/fntelecomllc/studio/backend/internal/converters/keyword_converter.go:118.106,121.24 2 0
github.com/fntelecomllc/studio/backend/internal/converters/keyword_converter.go:121.24,123.17 2 0
github.com/fntelecomllc/studio/backend/internal/converters/keyword_converter.go:123.17,126.4 1 0
github.com/fntelecomllc/studio/backend/internal/converters/keyword_converter.go:126.9,128.4 1 0
github.com/fntelecomllc/studio/backend/internal/converters/keyword_converter.go:129.8,131.3 1 0
github.com/fntelecomllc/studio/backend/internal/converters/keyword_converter.go:134.2,135.33 2 0
github.com/fntelecomllc/studio/backend/internal/converters/keyword_converter.go:135.33,137.3 1 0
github.com/fntelecomllc/studio/backend/internal/converters/keyword_converter.go:139.2,151.30 3 0
github.com/fntelecomllc/studio/backend/internal/converters/keyword_converter.go:151.30,153.46 2 0
github.com/fntelecomllc/studio/backend/internal/converters/keyword_converter.go:153.46,155.18 2 0
github.com/fntelecomllc/studio/backend/internal/converters/keyword_converter.go:155.18,157.5 1 0
github.com/fntelecomllc/studio/backend/internal/converters/keyword_converter.go:158.4,158.37 1 0
github.com/fntelecomllc/studio/backend/internal/converters/keyword_converter.go:160.3,160.26 1 0
github.com/fntelecomllc/studio/backend/internal/converters/keyword_converter.go:163.2,163.22 1 0
github.com/fntelecomllc/studio/backend/internal/converters/keyword_converter.go:167.105,170.32 2 0
github.com/fntelecomllc/studio/backend/internal/converters/keyword_converter.go:170.32,172.3 1 0
github.com/fntelecomllc/studio/backend/internal/converters/keyword_converter.go:174.2,181.55 2 0
github.com/fntelecomllc/studio/backend/internal/converters/keyword_converter.go:181.55,183.45 2 0
github.com/fntelecomllc/studio/backend/internal/converters/keyword_converter.go:183.45,185.18 2 0
github.com/fntelecomllc/studio/backend/internal/converters/keyword_converter.go:185.18,187.5 1 0
github.com/fntelecomllc/studio/backend/internal/converters/keyword_converter.go:188.4,188.38 1 0
github.com/fntelecomllc/studio/backend/internal/converters/keyword_converter.go:190.3,190.26 1 0
github.com/fntelecomllc/studio/backend/internal/converters/keyword_converter.go:193.2,193.23 1 0
github.com/fntelecomllc/studio/backend/internal/converters/keyword_converter.go:197.139,199.41 2 0
github.com/fntelecomllc/studio/backend/internal/converters/keyword_converter.go:199.41,201.17 2 0
github.com/fntelecomllc/studio/backend/internal/converters/keyword_converter.go:201.17,203.4 1 0
github.com/fntelecomllc/studio/backend/internal/converters/keyword_converter.go:204.3,204.46 1 0
github.com/fntelecomllc/studio/backend/internal/converters/keyword_converter.go:206.2,206.24 1 0
github.com/fntelecomllc/studio/backend/internal/converters/keyword_converter.go:210.114,212.39 2 0
github.com/fntelecomllc/studio/backend/internal/converters/keyword_converter.go:212.39,214.17 2 0
github.com/fntelecomllc/studio/backend/internal/converters/keyword_converter.go:214.17,216.4 1 0
github.com/fntelecomllc/studio/backend/internal/converters/keyword_converter.go:217.3,217.49 1 0
github.com/fntelecomllc/studio/backend/internal/converters/keyword_converter.go:219.2,219.25 1 0
github.com/fntelecomllc/studio/backend/internal/converters/keyword_converter.go:228.50,232.2 1 0
github.com/fntelecomllc/studio/backend/internal/converters/keyword_converter.go:235.140,237.2 1 0
github.com/fntelecomllc/studio/backend/internal/converters/keyword_converter.go:240.115,242.2 1 0
github.com/fntelecomllc/studio/backend/internal/converters/keyword_converter.go:245.112,247.2 1 0
github.com/fntelecomllc/studio/backend/internal/converters/keyword_converter.go:250.111,252.2 1 0
github.com/fntelecomllc/studio/backend/internal/apicontracttester/api_contract_tester.go:51.62,58.2 1 0
github.com/fntelecomllc/studio/backend/internal/apicontracttester/api_contract_tester.go:61.46,64.16 3 0
github.com/fntelecomllc/studio/backend/internal/apicontracttester/api_contract_tester.go:64.16,66.3 1 0
github.com/fntelecomllc/studio/backend/internal/apicontracttester/api_contract_tester.go:67.2,68.59 2 0
github.com/fntelecomllc/studio/backend/internal/apicontracttester/api_contract_tester.go:68.59,70.3 1 0
github.com/fntelecomllc/studio/backend/internal/apicontracttester/api_contract_tester.go:71.2,72.16 2 0
github.com/fntelecomllc/studio/backend/internal/apicontracttester/api_contract_tester.go:72.16,74.3 1 0
github.com/fntelecomllc/studio/backend/internal/apicontracttester/api_contract_tester.go:75.2,77.12 3 0
github.com/fntelecomllc/studio/backend/internal/apicontracttester/api_contract_tester.go:80.56,81.14 1 0
github.com/fntelecomllc/studio/backend/internal/apicontracttester/api_contract_tester.go:81.14,83.3 1 0
github.com/fntelecomllc/studio/backend/internal/apicontracttester/api_contract_tester.go:84.2,84.22 1 0
github.com/fntelecomllc/studio/backend/internal/apicontracttester/api_contract_tester.go:84.22,86.3 1 0
github.com/fntelecomllc/studio/backend/internal/apicontracttester/api_contract_tester.go:87.2,87.21 1 0
github.com/fntelecomllc/studio/backend/internal/apicontracttester/api_contract_tester.go:87.21,89.3 1 0
github.com/fntelecomllc/studio/backend/internal/apicontracttester/api_contract_tester.go:90.2,90.9 1 0
github.com/fntelecomllc/studio/backend/internal/apicontracttester/api_contract_tester.go:91.44,92.25 1 0
github.com/fntelecomllc/studio/backend/internal/apicontracttester/api_contract_tester.go:92.25,94.4 1 0
github.com/fntelecomllc/studio/backend/internal/apicontracttester/api_contract_tester.go:95.3,95.18 1 0
github.com/fntelecomllc/studio/backend/internal/apicontracttester/api_contract_tester.go:96.70,97.11 1 0
github.com/fntelecomllc/studio/backend/internal/apicontracttester/api_contract_tester.go:98.45,99.14 1 0
github.com/fntelecomllc/studio/backend/internal/apicontracttester/api_contract_tester.go:100.43,101.21 1 0
github.com/fntelecomllc/studio/backend/internal/apicontracttester/api_contract_tester.go:101.21,103.4 1 0
github.com/fntelecomllc/studio/backend/internal/apicontracttester/api_contract_tester.go:104.3,104.25 1 0
github.com/fntelecomllc/studio/backend/internal/apicontracttester/api_contract_tester.go:105.44,107.40 2 0
github.com/fntelecomllc/studio/backend/internal/apicontracttester/api_contract_tester.go:107.40,109.4 1 0
github.com/fntelecomllc/studio/backend/internal/apicontracttester/api_contract_tester.go:110.3,110.13 1 0
github.com/fntelecomllc/studio/backend/internal/apicontracttester/api_contract_tester.go:111.10,112.13 1 0
github.com/fntelecomllc/studio/backend/internal/apicontracttester/api_contract_tester.go:116.146,119.27 3 0
github.com/fntelecomllc/studio/backend/internal/apicontracttester/api_contract_tester.go:119.27,120.63 1 0
github.com/fntelecomllc/studio/backend/internal/apicontracttester/api_contract_tester.go:120.63,121.12 1 0
github.com/fntelecomllc/studio/backend/internal/apicontracttester/api_contract_tester.go:123.3,124.17 2 0
github.com/fntelecomllc/studio/backend/internal/apicontracttester/api_contract_tester.go:124.17,126.4 1 0
github.com/fntelecomllc/studio/backend/internal/apicontracttester/api_contract_tester.go:127.3,127.81 1 0
github.com/fntelecomllc/studio/backend/internal/apicontracttester/api_contract_tester.go:130.2,131.27 2 0
github.com/fntelecomllc/studio/backend/internal/apicontracttester/api_contract_tester.go:131.27,132.52 1 0
github.com/fntelecomllc/studio/backend/internal/apicontracttester/api_contract_tester.go:132.52,133.36 1 0
github.com/fntelecomllc/studio/backend/internal/apicontracttester/api_contract_tester.go:133.36,135.26 2 0
github.com/fntelecomllc/studio/backend/internal/apicontracttester/api_contract_tester.go:135.26,137.6 1 0
github.com/fntelecomllc/studio/backend/internal/apicontracttester/api_contract_tester.go:137.11,137.32 1 0
github.com/fntelecomllc/studio/backend/internal/apicontracttester/api_contract_tester.go:137.32,139.6 1 0
github.com/fntelecomllc/studio/backend/internal/apicontracttester/api_contract_tester.go:140.5,140.17 1 0
github.com/fntelecomllc/studio/backend/internal/apicontracttester/api_contract_tester.go:140.17,143.6 2 0
github.com/fntelecomllc/studio/backend/internal/apicontracttester/api_contract_tester.go:144.5,144.10 1 0
github.com/fntelecomllc/studio/backend/internal/apicontracttester/api_contract_tester.go:149.2,150.16 2 0
github.com/fntelecomllc/studio/backend/internal/apicontracttester/api_contract_tester.go:150.16,152.3 1 0
github.com/fntelecomllc/studio/backend/internal/apicontracttester/api_contract_tester.go:153.2,155.17 3 0
github.com/fntelecomllc/studio/backend/internal/apicontracttester/api_contract_tester.go:159.62,160.37 1 0
github.com/fntelecomllc/studio/backend/internal/apicontracttester/api_contract_tester.go:160.37,162.3 1 0
github.com/fntelecomllc/studio/backend/internal/apicontracttester/api_contract_tester.go:164.2,174.49 4 0
github.com/fntelecomllc/studio/backend/internal/apicontracttester/api_contract_tester.go:174.49,175.49 1 0
github.com/fntelecomllc/studio/backend/internal/apicontracttester/api_contract_tester.go:175.49,184.18 3 0
github.com/fntelecomllc/studio/backend/internal/apicontracttester/api_contract_tester.go:184.18,191.13 7 0
github.com/fntelecomllc/studio/backend/internal/apicontracttester/api_contract_tester.go:194.4,198.18 5 0
github.com/fntelecomllc/studio/backend/internal/apicontracttester/api_contract_tester.go:198.18,205.13 7 0
github.com/fntelecomllc/studio/backend/internal/apicontracttester/api_contract_tester.go:207.4,212.18 5 0
github.com/fntelecomllc/studio/backend/internal/apicontracttester/api_contract_tester.go:212.18,215.5 2 0
github.com/fntelecomllc/studio/backend/internal/apicontracttester/api_contract_tester.go:217.4,227.70 2 0
github.com/fntelecomllc/studio/backend/internal/apicontracttester/api_contract_tester.go:227.70,230.5 2 0
github.com/fntelecomllc/studio/backend/internal/apicontracttester/api_contract_tester.go:232.4,232.18 1 0
github.com/fntelecomllc/studio/backend/internal/apicontracttester/api_contract_tester.go:232.18,234.5 1 0
github.com/fntelecomllc/studio/backend/internal/apicontracttester/api_contract_tester.go:234.10,237.5 2 0
github.com/fntelecomllc/studio/backend/internal/apicontracttester/api_contract_tester.go:238.4,239.49 2 0
github.com/fntelecomllc/studio/backend/internal/apicontracttester/api_contract_tester.go:243.2,243.28 1 0
github.com/fntelecomllc/studio/backend/internal/apicontracttester/api_contract_tester.go:243.28,245.3 1 0
github.com/fntelecomllc/studio/backend/internal/apicontracttester/api_contract_tester.go:246.2,246.21 1 0
github.com/fntelecomllc/studio/backend/internal/apicontracttester/api_contract_tester.go:250.73,260.21 6 0
github.com/fntelecomllc/studio/backend/internal/apicontracttester/api_contract_tester.go:260.21,262.3 1 0
github.com/fntelecomllc/studio/backend/internal/apicontracttester/api_contract_tester.go:262.8,264.3 1 0
github.com/fntelecomllc/studio/backend/internal/apicontracttester/api_contract_tester.go:265.2,271.33 5 0
github.com/fntelecomllc/studio/backend/internal/apicontracttester/api_contract_tester.go:271.33,273.42 2 0
github.com/fntelecomllc/studio/backend/internal/apicontracttester/api_contract_tester.go:273.42,275.4 1 0
github.com/fntelecomllc/studio/backend/internal/apicontracttester/api_contract_tester.go:276.3,276.27 1 0
github.com/fntelecomllc/studio/backend/internal/apicontracttester/api_contract_tester.go:280.2,283.41 4 0
github.com/fntelecomllc/studio/backend/internal/apicontracttester/api_contract_tester.go:283.41,285.22 2 0
github.com/fntelecomllc/studio/backend/internal/apicontracttester/api_contract_tester.go:285.22,287.4 1 0
github.com/fntelecomllc/studio/backend/internal/apicontracttester/api_contract_tester.go:288.3,295.5 1 0
github.com/fntelecomllc/studio/backend/internal/apicontracttester/api_contract_tester.go:297.2,301.41 3 0
github.com/fntelecomllc/studio/backend/internal/apicontracttester/api_contract_tester.go:301.41,302.22 1 0
github.com/fntelecomllc/studio/backend/internal/apicontracttester/api_contract_tester.go:302.22,304.4 1 0
github.com/fntelecomllc/studio/backend/internal/apicontracttester/api_contract_tester.go:307.2,307.26 1 0
github.com/fntelecomllc/studio/backend/internal/apicontracttester/api_contract_tester.go:307.26,309.38 2 0
github.com/fntelecomllc/studio/backend/internal/apicontracttester/api_contract_tester.go:309.38,314.4 4 0
github.com/fntelecomllc/studio/backend/internal/apicontracttester/api_contract_tester.go:317.2,320.24 3 0
github.com/fntelecomllc/studio/backend/internal/apicontracttester/api_contract_tester.go:324.64,328.21 3 0
github.com/fntelecomllc/studio/backend/internal/apicontracttester/api_contract_tester.go:328.21,330.3 1 0
github.com/fntelecomllc/studio/backend/internal/apicontracttester/api_contract_tester.go:330.8,332.3 1 0
github.com/fntelecomllc/studio/backend/internal/apicontracttester/api_contract_tester.go:334.2,339.33 5 0
github.com/fntelecomllc/studio/backend/internal/apicontracttester/api_contract_tester.go:339.33,341.42 2 0
github.com/fntelecomllc/studio/backend/internal/apicontracttester/api_contract_tester.go:341.42,343.4 1 0
github.com/fntelecomllc/studio/backend/internal/apicontracttester/api_contract_tester.go:346.2,346.22 1 0
github.com/fntelecomllc/studio/backend/internal/apicontracttester/api_contract_tester.go:346.22,348.42 2 0
github.com/fntelecomllc/studio/backend/internal/apicontracttester/api_contract_tester.go:348.42,349.23 1 0
github.com/fntelecomllc/studio/backend/internal/apicontracttester/api_contract_tester.go:349.23,351.5 1 0
github.com/fntelecomllc/studio/backend/internal/apicontracttester/api_contract_tester.go:355.2,355.73 1 0
github.com/fntelecomllc/studio/backend/internal/compliance/compliance_manager.go:61.48,67.2 3 0
github.com/fntelecomllc/studio/backend/internal/compliance/compliance_manager.go:70.55,178.2 6 0
github.com/fntelecomllc/studio/backend/internal/compliance/compliance_manager.go:181.73,183.2 1 0
github.com/fntelecomllc/studio/backend/internal/compliance/compliance_manager.go:186.113,188.38 2 0
github.com/fntelecomllc/studio/backend/internal/compliance/compliance_manager.go:188.38,189.33 1 0
github.com/fntelecomllc/studio/backend/internal/compliance/compliance_manager.go:189.33,191.4 1 0
github.com/fntelecomllc/studio/backend/internal/compliance/compliance_manager.go:193.2,193.21 1 0
github.com/fntelecomllc/studio/backend/internal/compliance/compliance_manager.go:197.70,205.38 3 0
github.com/fntelecomllc/studio/backend/internal/compliance/compliance_manager.go:205.38,207.3 1 0
github.com/fntelecomllc/studio/backend/internal/compliance/compliance_manager.go:209.2,209.36 1 0
github.com/fntelecomllc/studio/backend/internal/compliance/compliance_manager.go:209.36,214.39 2 0
github.com/fntelecomllc/studio/backend/internal/compliance/compliance_manager.go:214.39,215.34 1 0
github.com/fntelecomllc/studio/backend/internal/compliance/compliance_manager.go:215.34,217.23 2 0
github.com/fntelecomllc/studio/backend/internal/compliance/compliance_manager.go:218.26,219.25 1 0
github.com/fntelecomllc/studio/backend/internal/compliance/compliance_manager.go:220.24,221.23 1 0
github.com/fntelecomllc/studio/backend/internal/compliance/compliance_manager.go:222.29,223.28 1 0
github.com/fntelecomllc/studio/backend/internal/compliance/compliance_manager.go:224.30,225.29 1 0
github.com/fntelecomllc/studio/backend/internal/compliance/compliance_manager.go:230.3,231.38 2 0
github.com/fntelecomllc/studio/backend/internal/compliance/compliance_manager.go:234.2,234.15 1 0
github.com/fntelecomllc/studio/backend/internal/compliance/compliance_manager.go:255.102,257.16 1 0
github.com/fntelecomllc/studio/backend/internal/compliance/compliance_manager.go:258.25,259.61 1 0
github.com/fntelecomllc/studio/backend/internal/compliance/compliance_manager.go:259.61,260.37 1 0
github.com/fntelecomllc/studio/backend/internal/compliance/compliance_manager.go:260.37,262.5 1 0
github.com/fntelecomllc/studio/backend/internal/compliance/compliance_manager.go:264.29,265.67 1 0
github.com/fntelecomllc/studio/backend/internal/compliance/compliance_manager.go:265.67,266.40 1 0
github.com/fntelecomllc/studio/backend/internal/compliance/compliance_manager.go:266.40,268.5 1 0
github.com/fntelecomllc/studio/backend/internal/compliance/compliance_manager.go:271.2,271.12 1 0
github.com/fntelecomllc/studio/backend/internal/compliance/compliance_manager.go:275.76,278.31 1 0
github.com/fntelecomllc/studio/backend/internal/compliance/compliance_manager.go:278.31,279.66 1 0
github.com/fntelecomllc/studio/backend/internal/compliance/compliance_manager.go:279.66,281.4 1 0
github.com/fntelecomllc/studio/backend/internal/domainexpert/config_hasher.go:35.138,38.27 2 0
github.com/fntelecomllc/studio/backend/internal/domainexpert/config_hasher.go:38.27,40.6 1 0
github.com/fntelecomllc/studio/backend/internal/domainexpert/config_hasher.go:41.2,48.67 6 0
github.com/fntelecomllc/studio/backend/internal/domainexpert/config_hasher.go:48.67,50.3 1 0
github.com/fntelecomllc/studio/backend/internal/domainexpert/config_hasher.go:60.5,61.28 2 0
github.com/fntelecomllc/studio/backend/internal/domainexpert/config_hasher.go:61.28,63.6 1 0
github.com/fntelecomllc/studio/backend/internal/domainexpert/config_hasher.go:65.2,66.34 2 0
github.com/fntelecomllc/studio/backend/internal/domainexpert/config_hasher.go:66.34,68.3 1 0
github.com/fntelecomllc/studio/backend/internal/domainexpert/config_hasher.go:68.8,70.3 1 0
github.com/fntelecomllc/studio/backend/internal/domainexpert/config_hasher.go:72.2,84.16 3 0
github.com/fntelecomllc/studio/backend/internal/domainexpert/config_hasher.go:84.16,87.3 2 0
github.com/fntelecomllc/studio/backend/internal/domainexpert/config_hasher.go:89.2,95.8 3 0
github.com/fntelecomllc/studio/backend/internal/domainexpert/generator.go:35.152,36.25 1 0
github.com/fntelecomllc/studio/backend/internal/domainexpert/generator.go:36.25,38.3 1 0
github.com/fntelecomllc/studio/backend/internal/domainexpert/generator.go:39.2,39.19 1 0
github.com/fntelecomllc/studio/backend/internal/domainexpert/generator.go:39.19,41.3 1 0
github.com/fntelecomllc/studio/backend/internal/domainexpert/generator.go:42.2,42.15 1 0
github.com/fntelecomllc/studio/backend/internal/domainexpert/generator.go:42.15,44.3 1 0
github.com/fntelecomllc/studio/backend/internal/domainexpert/generator.go:45.2,45.34 1 0
github.com/fntelecomllc/studio/backend/internal/domainexpert/generator.go:45.34,47.3 1 0
github.com/fntelecomllc/studio/backend/internal/domainexpert/generator.go:48.2,48.18 1 0
github.com/fntelecomllc/studio/backend/internal/domainexpert/generator.go:48.18,50.3 1 0
github.com/fntelecomllc/studio/backend/internal/domainexpert/generator.go:52.2,55.28 3 0
github.com/fntelecomllc/studio/backend/internal/domainexpert/generator.go:55.28,56.22 1 0
github.com/fntelecomllc/studio/backend/internal/domainexpert/generator.go:56.22,59.4 2 0
github.com/fntelecomllc/studio/backend/internal/domainexpert/generator.go:61.2,61.29 1 0
github.com/fntelecomllc/studio/backend/internal/domainexpert/generator.go:61.29,63.3 1 0
github.com/fntelecomllc/studio/backend/internal/domainexpert/generator.go:65.2,74.21 2 0
github.com/fntelecomllc/studio/backend/internal/domainexpert/generator.go:75.36,77.43 2 0
github.com/fntelecomllc/studio/backend/internal/domainexpert/generator.go:78.19,80.47 2 0
github.com/fntelecomllc/studio/backend/internal/domainexpert/generator.go:81.10,82.66 1 0
github.com/fntelecomllc/studio/backend/internal/domainexpert/generator.go:88.2,88.67 1 0
github.com/fntelecomllc/studio/backend/internal/domainexpert/generator.go:88.67,94.3 1 0
github.com/fntelecomllc/studio/backend/internal/domainexpert/generator.go:96.2,96.16 1 0
github.com/fntelecomllc/studio/backend/internal/domainexpert/generator.go:100.40,102.39 2 0
github.com/fntelecomllc/studio/backend/internal/domainexpert/generator.go:102.39,103.34 1 0
github.com/fntelecomllc/studio/backend/internal/domainexpert/generator.go:103.34,105.4 1 0
github.com/fntelecomllc/studio/backend/internal/domainexpert/generator.go:106.3,106.17 1 0
github.com/fntelecomllc/studio/backend/internal/domainexpert/generator.go:108.2,108.15 1 0
github.com/fntelecomllc/studio/backend/internal/domainexpert/generator.go:112.57,114.2 1 0
github.com/fntelecomllc/studio/backend/internal/domainexpert/generator.go:118.81,119.36 1 0
github.com/fntelecomllc/studio/backend/internal/domainexpert/generator.go:119.36,121.3 1 0
github.com/fntelecomllc/studio/backend/internal/domainexpert/generator.go:123.2,127.24 3 0
github.com/fntelecomllc/studio/backend/internal/domainexpert/generator.go:128.21,131.61 2 0
github.com/fntelecomllc/studio/backend/internal/domainexpert/generator.go:132.21,135.61 2 0
github.com/fntelecomllc/studio/backend/internal/domainexpert/generator.go:136.19,149.61 6 0
github.com/fntelecomllc/studio/backend/internal/domainexpert/generator.go:150.10,151.68 1 0
github.com/fntelecomllc/studio/backend/internal/domainexpert/generator.go:157.114,161.30 3 0
github.com/fntelecomllc/studio/backend/internal/domainexpert/generator.go:161.30,165.3 3 0
github.com/fntelecomllc/studio/backend/internal/domainexpert/generator.go:169.2,169.35 1 0
github.com/fntelecomllc/studio/backend/internal/domainexpert/generator.go:169.35,171.3 1 0
github.com/fntelecomllc/studio/backend/internal/domainexpert/generator.go:175.94,179.2 1 0
github.com/fntelecomllc/studio/backend/internal/domainexpert/generator.go:182.101,185.33 2 0
github.com/fntelecomllc/studio/backend/internal/domainexpert/generator.go:185.33,188.3 2 0
github.com/fntelecomllc/studio/backend/internal/domainexpert/generator.go:190.2,191.33 2 0
github.com/fntelecomllc/studio/backend/internal/httpvalidator/httpvalidator.go:33.44,35.2 1 0
github.com/fntelecomllc/studio/backend/internal/httpvalidator/httpvalidator.go:41.64,43.2 1 0
github.com/fntelecomllc/studio/backend/internal/httpvalidator/httpvalidator.go:46.40,47.53 1 0
github.com/fntelecomllc/studio/backend/internal/httpvalidator/httpvalidator.go:47.53,48.26 1 0
github.com/fntelecomllc/studio/backend/internal/httpvalidator/httpvalidator.go:48.26,50.4 1 0
github.com/fntelecomllc/studio/backend/internal/httpvalidator/httpvalidator.go:52.2,52.53 1 0
github.com/fntelecomllc/studio/backend/internal/httpvalidator/httpvalidator.go:52.53,54.18 2 0
github.com/fntelecomllc/studio/backend/internal/httpvalidator/httpvalidator.go:54.18,56.4 1 0
github.com/fntelecomllc/studio/backend/internal/httpvalidator/httpvalidator.go:58.2,58.11 1 0
github.com/fntelecomllc/studio/backend/internal/httpvalidator/httpvalidator.go:67.30,77.103 4 0
github.com/fntelecomllc/studio/backend/internal/httpvalidator/httpvalidator.go:77.103,78.76 1 0
github.com/fntelecomllc/studio/backend/internal/httpvalidator/httpvalidator.go:78.76,81.4 2 0
github.com/fntelecomllc/studio/backend/internal/httpvalidator/httpvalidator.go:81.9,83.4 1 0
github.com/fntelecomllc/studio/backend/internal/httpvalidator/httpvalidator.go:84.8,86.21 2 0
github.com/fntelecomllc/studio/backend/internal/httpvalidator/httpvalidator.go:86.21,88.4 1 0
github.com/fntelecomllc/studio/backend/internal/httpvalidator/httpvalidator.go:88.9,90.4 1 0
github.com/fntelecomllc/studio/backend/internal/httpvalidator/httpvalidator.go:93.2,94.42 2 0
github.com/fntelecomllc/studio/backend/internal/httpvalidator/httpvalidator.go:94.42,96.3 1 0
github.com/fntelecomllc/studio/backend/internal/httpvalidator/httpvalidator.go:98.2,99.97 2 0
github.com/fntelecomllc/studio/backend/internal/httpvalidator/httpvalidator.go:99.97,102.3 2 0
github.com/fntelecomllc/studio/backend/internal/httpvalidator/httpvalidator.go:104.2,105.16 2 0
github.com/fntelecomllc/studio/backend/internal/httpvalidator/httpvalidator.go:105.16,110.3 4 0
github.com/fntelecomllc/studio/backend/internal/httpvalidator/httpvalidator.go:112.2,114.69 1 0
github.com/fntelecomllc/studio/backend/internal/httpvalidator/httpvalidator.go:114.69,116.41 2 0
github.com/fntelecomllc/studio/backend/internal/httpvalidator/httpvalidator.go:116.41,118.5 1 0
github.com/fntelecomllc/studio/backend/internal/httpvalidator/httpvalidator.go:119.4,119.24 1 0
github.com/fntelecomllc/studio/backend/internal/httpvalidator/httpvalidator.go:119.24,121.5 1 0
github.com/fntelecomllc/studio/backend/internal/httpvalidator/httpvalidator.go:122.4,123.32 2 0
github.com/fntelecomllc/studio/backend/internal/httpvalidator/httpvalidator.go:123.32,125.5 1 0
github.com/fntelecomllc/studio/backend/internal/httpvalidator/httpvalidator.go:126.4,126.14 1 0
github.com/fntelecomllc/studio/backend/internal/httpvalidator/httpvalidator.go:130.2,134.79 2 0
github.com/fntelecomllc/studio/backend/internal/httpvalidator/httpvalidator.go:134.79,136.28 2 0
github.com/fntelecomllc/studio/backend/internal/httpvalidator/httpvalidator.go:136.28,138.4 1 0
github.com/fntelecomllc/studio/backend/internal/httpvalidator/httpvalidator.go:138.9,140.4 1 0
github.com/fntelecomllc/studio/backend/internal/httpvalidator/httpvalidator.go:141.3,143.22 3 0
github.com/fntelecomllc/studio/backend/internal/httpvalidator/httpvalidator.go:143.22,145.4 1 0
github.com/fntelecomllc/studio/backend/internal/httpvalidator/httpvalidator.go:145.9,146.59 1 0
github.com/fntelecomllc/studio/backend/internal/httpvalidator/httpvalidator.go:146.59,148.5 1 0
github.com/fntelecomllc/studio/backend/internal/httpvalidator/httpvalidator.go:149.4,153.42 2 0
github.com/fntelecomllc/studio/backend/internal/httpvalidator/httpvalidator.go:155.8,157.3 1 0
github.com/fntelecomllc/studio/backend/internal/httpvalidator/httpvalidator.go:159.2,160.16 2 0
github.com/fntelecomllc/studio/backend/internal/httpvalidator/httpvalidator.go:160.16,165.3 4 0
github.com/fntelecomllc/studio/backend/internal/httpvalidator/httpvalidator.go:167.2,168.14 2 0
github.com/fntelecomllc/studio/backend/internal/httpvalidator/httpvalidator.go:168.14,170.3 1 0
github.com/fntelecomllc/studio/backend/internal/httpvalidator/httpvalidator.go:171.2,172.45 2 0
github.com/fntelecomllc/studio/backend/internal/httpvalidator/httpvalidator.go:172.45,174.3 1 0
github.com/fntelecomllc/studio/backend/internal/httpvalidator/httpvalidator.go:176.2,177.16 2 0
github.com/fntelecomllc/studio/backend/internal/httpvalidator/httpvalidator.go:177.16,180.61 3 0
github.com/fntelecomllc/studio/backend/internal/httpvalidator/httpvalidator.go:180.61,182.4 1 0
github.com/fntelecomllc/studio/backend/internal/httpvalidator/httpvalidator.go:183.3,184.21 2 0
github.com/fntelecomllc/studio/backend/internal/httpvalidator/httpvalidator.go:186.2,192.39 5 0
github.com/fntelecomllc/studio/backend/internal/httpvalidator/httpvalidator.go:192.39,194.3 1 0
github.com/fntelecomllc/studio/backend/internal/httpvalidator/httpvalidator.go:196.2,197.62 2 0
github.com/fntelecomllc/studio/backend/internal/httpvalidator/httpvalidator.go:198.14,200.19 2 0
github.com/fntelecomllc/studio/backend/internal/httpvalidator/httpvalidator.go:200.19,203.4 2 0
github.com/fntelecomllc/studio/backend/internal/httpvalidator/httpvalidator.go:204.17,206.21 2 0
github.com/fntelecomllc/studio/backend/internal/httpvalidator/httpvalidator.go:206.21,209.4 2 0
github.com/fntelecomllc/studio/backend/internal/httpvalidator/httpvalidator.go:212.2,213.53 2 0
github.com/fntelecomllc/studio/backend/internal/httpvalidator/httpvalidator.go:213.53,215.3 1 0
github.com/fntelecomllc/studio/backend/internal/httpvalidator/httpvalidator.go:216.2,218.20 3 0
github.com/fntelecomllc/studio/backend/internal/httpvalidator/httpvalidator.go:218.20,220.3 1 0
github.com/fntelecomllc/studio/backend/internal/httpvalidator/httpvalidator.go:221.2,224.24 3 0
github.com/fntelecomllc/studio/backend/internal/httpvalidator/httpvalidator.go:224.24,230.66 4 0
github.com/fntelecomllc/studio/backend/internal/httpvalidator/httpvalidator.go:230.66,232.23 2 0
github.com/fntelecomllc/studio/backend/internal/httpvalidator/httpvalidator.go:232.23,234.5 1 0
github.com/fntelecomllc/studio/backend/internal/httpvalidator/httpvalidator.go:234.10,236.5 1 0
github.com/fntelecomllc/studio/backend/internal/httpvalidator/httpvalidator.go:238.3,238.44 1 0
github.com/fntelecomllc/studio/backend/internal/httpvalidator/httpvalidator.go:238.44,240.4 1 0
github.com/fntelecomllc/studio/backend/internal/httpvalidator/httpvalidator.go:240.9,242.4 1 0
github.com/fntelecomllc/studio/backend/internal/httpvalidator/httpvalidator.go:245.2,247.28 3 0
github.com/fntelecomllc/studio/backend/internal/httpvalidator/httpvalidator.go:247.28,248.58 1 0
github.com/fntelecomllc/studio/backend/internal/httpvalidator/httpvalidator.go:248.58,250.4 1 0
github.com/fntelecomllc/studio/backend/internal/httpvalidator/httpvalidator.go:251.8,252.37 1 0
github.com/fntelecomllc/studio/backend/internal/httpvalidator/httpvalidator.go:252.37,253.33 1 0
github.com/fntelecomllc/studio/backend/internal/httpvalidator/httpvalidator.go:253.33,255.10 2 0
github.com/fntelecomllc/studio/backend/internal/httpvalidator/httpvalidator.go:260.2,260.22 1 0
github.com/fntelecomllc/studio/backend/internal/httpvalidator/httpvalidator.go:260.22,262.3 1 0
github.com/fntelecomllc/studio/backend/internal/httpvalidator/httpvalidator.go:262.8,263.26 1 0
github.com/fntelecomllc/studio/backend/internal/httpvalidator/httpvalidator.go:263.26,265.4 1 0
github.com/fntelecomllc/studio/backend/internal/httpvalidator/httpvalidator.go:266.3,266.25 1 0
github.com/fntelecomllc/studio/backend/internal/httpvalidator/httpvalidator.go:266.25,268.4 1 0
github.com/fntelecomllc/studio/backend/internal/httpvalidator/httpvalidator.go:271.2,272.20 2 0
github.com/fntelecomllc/studio/backend/internal/httpvalidator/httpvalidator.go:278.30,283.2 2 0
github.com/fntelecomllc/studio/backend/internal/api/api_utils.go:34.72,37.2 2 0
github.com/fntelecomllc/studio/backend/internal/api/api_utils.go:41.76,43.16 2 0
github.com/fntelecomllc/studio/backend/internal/api/api_utils.go:43.16,47.3 3 0
github.com/fntelecomllc/studio/backend/internal/api/api_utils.go:48.2,51.16 4 0
github.com/fntelecomllc/studio/backend/internal/api/api_utils.go:51.16,53.3 1 0
github.com/fntelecomllc/studio/backend/internal/api/auth_handlers.go:27.127,33.2 1 0
github.com/fntelecomllc/studio/backend/internal/api/auth_handlers.go:48.45,51.47 3 0
github.com/fntelecomllc/studio/backend/internal/api/auth_handlers.go:51.47,57.3 5 0
github.com/fntelecomllc/studio/backend/internal/api/auth_handlers.go:58.2,67.16 6 0
github.com/fntelecomllc/studio/backend/internal/api/auth_handlers.go:67.16,70.22 2 0
github.com/fntelecomllc/studio/backend/internal/api/auth_handlers.go:71.25,72.80 1 0
github.com/fntelecomllc/studio/backend/internal/api/auth_handlers.go:73.27,74.80 1 0
github.com/fntelecomllc/studio/backend/internal/api/auth_handlers.go:75.25,76.116 1 0
github.com/fntelecomllc/studio/backend/internal/api/auth_handlers.go:77.27,78.73 1 0
github.com/fntelecomllc/studio/backend/internal/api/auth_handlers.go:79.11,80.83 1 0
github.com/fntelecomllc/studio/backend/internal/api/auth_handlers.go:82.3,82.9 1 0
github.com/fntelecomllc/studio/backend/internal/api/auth_handlers.go:86.2,88.16 3 0
github.com/fntelecomllc/studio/backend/internal/api/auth_handlers.go:88.16,92.3 3 0
github.com/fntelecomllc/studio/backend/internal/api/auth_handlers.go:93.2,107.33 4 0
github.com/fntelecomllc/studio/backend/internal/api/auth_handlers.go:107.33,109.3 1 0
github.com/fntelecomllc/studio/backend/internal/api/auth_handlers.go:112.2,112.27 1 0
github.com/fntelecomllc/studio/backend/internal/api/auth_handlers.go:112.27,114.3 1 0
github.com/fntelecomllc/studio/backend/internal/api/auth_handlers.go:117.2,133.55 6 0
github.com/fntelecomllc/studio/backend/internal/api/auth_handlers.go:144.46,147.16 2 0
github.com/fntelecomllc/studio/backend/internal/api/auth_handlers.go:147.16,150.17 2 0
github.com/fntelecomllc/studio/backend/internal/api/auth_handlers.go:150.17,157.4 3 0
github.com/fntelecomllc/studio/backend/internal/api/auth_handlers.go:161.2,161.70 1 0
github.com/fntelecomllc/studio/backend/internal/api/auth_handlers.go:161.70,166.3 3 0
github.com/fntelecomllc/studio/backend/internal/api/auth_handlers.go:169.2,169.21 1 0
github.com/fntelecomllc/studio/backend/internal/api/auth_handlers.go:169.21,171.17 2 0
github.com/fntelecomllc/studio/backend/internal/api/auth_handlers.go:171.17,174.4 1 0
github.com/fntelecomllc/studio/backend/internal/api/auth_handlers.go:178.2,182.4 2 0
github.com/fntelecomllc/studio/backend/internal/api/auth_handlers.go:194.42,197.13 2 0
github.com/fntelecomllc/studio/backend/internal/api/auth_handlers.go:197.13,200.3 2 0
github.com/fntelecomllc/studio/backend/internal/api/auth_handlers.go:202.2,215.16 5 0
github.com/fntelecomllc/studio/backend/internal/api/auth_handlers.go:215.16,216.27 1 0
github.com/fntelecomllc/studio/backend/internal/api/auth_handlers.go:216.27,219.4 2 0
github.com/fntelecomllc/studio/backend/internal/api/auth_handlers.go:220.3,221.9 2 0
github.com/fntelecomllc/studio/backend/internal/api/auth_handlers.go:225.2,225.57 1 0
github.com/fntelecomllc/studio/backend/internal/api/auth_handlers.go:240.54,242.47 2 0
github.com/fntelecomllc/studio/backend/internal/api/auth_handlers.go:242.47,245.3 2 0
github.com/fntelecomllc/studio/backend/internal/api/auth_handlers.go:248.2,248.128 1 0
[...]
github.com/fntelecomllc/studio/backend/internal/services/http_keyword_campaign_service.go:854.32,856.3 1 0
github.com/fntelecomllc/studio/backend/internal/services/http_keyword_campaign_service.go:857.2,857.36 1 0
github.com/fntelecomllc/studio/backend/internal/services/http_keyword_campaign_service.go:857.36,859.3 1 0
github.com/fntelecomllc/studio/backend/internal/services/http_keyword_campaign_service.go:860.2,860.40 1 0
github.com/fntelecomllc/studio/backend/internal/services/http_keyword_campaign_service.go:860.40,862.3 1 0
github.com/fntelecomllc/studio/backend/internal/services/http_keyword_campaign_service.go:864.2,864.30 1 0
github.com/fntelecomllc/studio/backend/internal/services/http_keyword_campaign_service.go:864.30,866.41 2 0
github.com/fntelecomllc/studio/backend/internal/services/http_keyword_campaign_service.go:866.41,868.4 1 0
github.com/fntelecomllc/studio/backend/internal/services/http_keyword_campaign_service.go:869.8,869.38 1 0
github.com/fntelecomllc/studio/backend/internal/services/http_keyword_campaign_service.go:869.38,871.3 1 0
github.com/fntelecomllc/studio/backend/internal/services/http_keyword_campaign_service.go:873.2,873.82 1 0
github.com/fntelecomllc/studio/backend/internal/services/http_keyword_campaign_service.go:873.82,879.3 5 0
github.com/fntelecomllc/studio/backend/internal/services/http_keyword_campaign_service.go:879.8,879.38 1 0
github.com/fntelecomllc/studio/backend/internal/services/http_keyword_campaign_service.go:879.38,884.3 4 0
github.com/fntelecomllc/studio/backend/internal/services/http_keyword_campaign_service.go:884.8,886.3 1 0
github.com/fntelecomllc/studio/backend/internal/services/http_keyword_campaign_service.go:888.2,888.99 1 0
github.com/fntelecomllc/studio/backend/internal/services/http_keyword_campaign_service.go:888.99,890.19 2 0
github.com/fntelecomllc/studio/backend/internal/services/http_keyword_campaign_service.go:890.19,892.4 1 0
github.com/fntelecomllc/studio/backend/internal/services/http_keyword_campaign_service.go:892.9,894.4 1 0
github.com/fntelecomllc/studio/backend/internal/services/http_keyword_campaign_service.go:895.3,895.44 1 0
github.com/fntelecomllc/studio/backend/internal/services/http_keyword_campaign_service.go:899.2,899.104 1 0
github.com/fntelecomllc/studio/backend/internal/services/http_keyword_campaign_service.go:899.104,903.11 3 0
github.com/fntelecomllc/studio/backend/internal/services/http_keyword_campaign_service.go:903.11,906.4 1 0
github.com/fntelecomllc/studio/backend/internal/services/http_keyword_campaign_service.go:906.9,909.4 1 0
github.com/fntelecomllc/studio/backend/internal/services/http_keyword_campaign_service.go:912.2,913.36 2 0
github.com/fntelecomllc/studio/backend/internal/services/http_keyword_campaign_service.go:913.36,915.3 1 0
github.com/fntelecomllc/studio/backend/internal/services/http_keyword_campaign_service.go:916.2,917.32 2 0
github.com/fntelecomllc/studio/backend/internal/services/http_keyword_campaign_service.go:917.32,919.3 1 0
github.com/fntelecomllc/studio/backend/internal/services/http_keyword_campaign_service.go:920.2,921.45 2 0
github.com/fntelecomllc/studio/backend/internal/services/http_keyword_campaign_service.go:921.45,923.3 1 0
github.com/fntelecomllc/studio/backend/internal/services/http_keyword_campaign_service.go:924.2,926.42 2 0
github.com/fntelecomllc/studio/backend/internal/services/keyword_set_service.go:24.121,31.2 1 0
github.com/fntelecomllc/studio/backend/internal/services/keyword_set_service.go:34.110,37.16 2 0
github.com/fntelecomllc/studio/backend/internal/services/keyword_set_service.go:37.16,39.3 1 0
github.com/fntelecomllc/studio/backend/internal/services/keyword_set_service.go:42.2,43.22 2 0
github.com/fntelecomllc/studio/backend/internal/services/keyword_set_service.go:43.22,46.3 1 0
github.com/fntelecomllc/studio/backend/internal/services/keyword_set_service.go:49.2,50.23 2 0
github.com/fntelecomllc/studio/backend/internal/services/keyword_set_service.go:50.23,52.3 1 0
github.com/fntelecomllc/studio/backend/internal/services/keyword_set_service.go:54.2,54.22 1 0
github.com/fntelecomllc/studio/backend/internal/services/keyword_set_service.go:58.111,61.16 2 0
github.com/fntelecomllc/studio/backend/internal/services/keyword_set_service.go:61.16,63.3 1 0
github.com/fntelecomllc/studio/backend/internal/services/keyword_set_service.go:66.2,66.52 1 0
github.com/fntelecomllc/studio/backend/internal/services/keyword_set_service.go:66.52,67.29 1 0
github.com/fntelecomllc/studio/backend/internal/services/keyword_set_service.go:67.29,69.25 2 0
github.com/fntelecomllc/studio/backend/internal/services/keyword_set_service.go:69.25,71.5 1 0
github.com/fntelecomllc/studio/backend/internal/services/keyword_set_service.go:72.4,72.24 1 0
github.com/fntelecomllc/studio/backend/internal/services/keyword_set_service.go:76.2,76.92 1 0
github.com/fntelecomllc/studio/backend/internal/services/keyword_set_service.go:80.132,85.16 3 0
github.com/fntelecomllc/studio/backend/internal/services/keyword_set_service.go:85.16,87.3 1 0
github.com/fntelecomllc/studio/backend/internal/services/keyword_set_service.go:88.2,91.52 2 0
github.com/fntelecomllc/studio/backend/internal/services/keyword_set_service.go:91.52,93.52 1 0
github.com/fntelecomllc/studio/backend/internal/services/keyword_set_service.go:93.52,95.12 1 0
github.com/fntelecomllc/studio/backend/internal/services/keyword_set_service.go:98.3,99.24 2 0
github.com/fntelecomllc/studio/backend/internal/services/keyword_set_service.go:99.24,102.12 2 0
github.com/fntelecomllc/studio/backend/internal/services/keyword_set_service.go:107.3,110.38 3 0
github.com/fntelecomllc/studio/backend/internal/services/keyword_set_service.go:113.2,113.21 1 0
github.com/fntelecomllc/studio/backend/internal/services/keyword_set_service.go:117.104,119.2 1 0
github.com/fntelecomllc/studio/backend/internal/services/keyword_set_service.go:122.104,124.2 1 0
github.com/fntelecomllc/studio/backend/internal/services/keyword_set_service.go:127.87,129.2 1 0
github.com/fntelecomllc/studio/backend/internal/services/keyword_set_service.go:133.77,134.52 1 0
github.com/fntelecomllc/studio/backend/internal/services/keyword_set_service.go:134.52,137.39 2 0
github.com/fntelecomllc/studio/backend/internal/services/keyword_set_service.go:137.39,139.12 1 0
github.com/fntelecomllc/studio/backend/internal/services/keyword_set_service.go:143.3,144.24 2 0
github.com/fntelecomllc/studio/backend/internal/services/keyword_set_service.go:144.24,146.4 1 0
github.com/fntelecomllc/studio/backend/internal/services/keyword_set_service.go:149.3,149.34 1 0
github.com/fntelecomllc/studio/backend/internal/services/keyword_set_service.go:149.34,152.4 2 0
github.com/fntelecomllc/studio/backend/internal/services/keyword_set_service.go:152.9,154.4 1 0
github.com/fntelecomllc/studio/backend/internal/services/keyword_set_service.go:156.3,156.78 1 0
github.com/fntelecomllc/studio/backend/internal/services/keyword_set_service.go:156.78,158.4 1 0
github.com/fntelecomllc/studio/backend/internal/services/keyword_set_service.go:161.2,161.12 1 0
github.com/fntelecomllc/studio/backend/internal/services/keyword_set_service.go:165.92,167.2 1 0
github.com/fntelecomllc/studio/backend/internal/services/keyword_set_service.go:170.120,173.16 2 0
github.com/fntelecomllc/studio/backend/internal/services/keyword_set_service.go:173.16,175.3 1 0
github.com/fntelecomllc/studio/backend/internal/services/keyword_set_service.go:178.2,179.22 2 0
github.com/fntelecomllc/studio/backend/internal/services/keyword_set_service.go:179.22,181.3 1 0
github.com/fntelecomllc/studio/backend/internal/services/keyword_set_service.go:184.2,185.23 2 0
github.com/fntelecomllc/studio/backend/internal/services/keyword_set_service.go:185.23,187.3 1 0
github.com/fntelecomllc/studio/backend/internal/services/keyword_set_service.go:189.2,189.24 1 0
github.com/fntelecomllc/studio/backend/internal/services/mfa_service.go:22.47,26.2 1 0
github.com/fntelecomllc/studio/backend/internal/services/mfa_service.go:38.88,46.16 2 0
github.com/fntelecomllc/studio/backend/internal/services/mfa_service.go:46.16,48.3 1 0
github.com/fntelecomllc/studio/backend/internal/services/mfa_service.go:51.2,52.16 2 0
github.com/fntelecomllc/studio/backend/internal/services/mfa_service.go:52.16,54.3 1 0
github.com/fntelecomllc/studio/backend/internal/services/mfa_service.go:56.2,62.8 1 0
github.com/fntelecomllc/studio/backend/internal/services/mfa_service.go:66.69,68.2 1 0
github.com/fntelecomllc/studio/backend/internal/services/mfa_service.go:71.91,82.2 3 0
github.com/fntelecomllc/studio/backend/internal/services/mfa_service.go:85.71,88.29 2 0
github.com/fntelecomllc/studio/backend/internal/services/mfa_service.go:88.29,91.45 2 0
github.com/fntelecomllc/studio/backend/internal/services/mfa_service.go:91.45,93.4 1 0
github.com/fntelecomllc/studio/backend/internal/services/mfa_service.go:96.3,97.54 2 0
github.com/fntelecomllc/studio/backend/internal/services/mfa_service.go:100.2,100.19 1 0
github.com/fntelecomllc/studio/backend/internal/services/mfa_service.go:104.57,110.2 3 0
github.com/fntelecomllc/studio/backend/internal/services/mfa_service.go:134.97,137.44 2 0
github.com/fntelecomllc/studio/backend/internal/services/mfa_service.go:137.44,139.3 1 0
github.com/fntelecomllc/studio/backend/internal/services/mfa_service.go:141.2,149.8 1 0
github.com/fntelecomllc/studio/backend/internal/services/mfa_service.go:153.71,154.43 1 0
github.com/fntelecomllc/studio/backend/internal/services/mfa_service.go:154.43,156.3 1 0
github.com/fntelecomllc/studio/backend/internal/services/mfa_service.go:158.2,158.49 1 0
github.com/fntelecomllc/studio/backend/internal/services/mfa_service.go:158.49,160.3 1 0
github.com/fntelecomllc/studio/backend/internal/services/mfa_service.go:162.2,162.12 1 0
github.com/fntelecomllc/studio/backend/internal/services/mfa_service.go:177.87,185.2 1 0
github.com/fntelecomllc/studio/backend/internal/services/mfa_service.go:196.85,203.28 2 0
github.com/fntelecomllc/studio/backend/internal/services/mfa_service.go:203.28,205.3 1 0
github.com/fntelecomllc/studio/backend/internal/services/mfa_service.go:207.2,207.16 1 0
github.com/fntelecomllc/studio/backend/internal/services/session_service.go:30.51,40.2 1 0
github.com/fntelecomllc/studio/backend/internal/services/session_service.go:88.127,89.19 1 0
github.com/fntelecomllc/studio/backend/internal/services/session_service.go:89.19,91.3 1 0
github.com/fntelecomllc/studio/backend/internal/services/session_service.go:94.2,111.21 4 0
github.com/fntelecomllc/studio/backend/internal/services/session_service.go:115.109,135.16 5 0
github.com/fntelecomllc/studio/backend/internal/services/session_service.go:135.16,137.3 1 0
github.com/fntelecomllc/studio/backend/internal/services/session_service.go:138.2,141.55 2 0
github.com/fntelecomllc/studio/backend/internal/services/session_service.go:141.55,143.3 1 0
github.com/fntelecomllc/studio/backend/internal/services/session_service.go:147.2,160.50 3 0
github.com/fntelecomllc/studio/backend/internal/services/session_service.go:160.50,162.3 1 0
github.com/fntelecomllc/studio/backend/internal/services/session_service.go:163.2,197.21 12 0
github.com/fntelecomllc/studio/backend/internal/services/session_service.go:201.92,210.12 6 0
github.com/fntelecomllc/studio/backend/internal/services/session_service.go:210.12,215.17 4 0
github.com/fntelecomllc/studio/backend/internal/services/session_service.go:215.17,218.4 2 0
github.com/fntelecomllc/studio/backend/internal/services/session_service.go:219.3,221.27 2 0
github.com/fntelecomllc/studio/backend/internal/services/session_service.go:225.2,228.23 2 0
github.com/fntelecomllc/studio/backend/internal/services/session_service.go:228.23,230.3 1 0
github.com/fntelecomllc/studio/backend/internal/services/session_service.go:232.2,235.34 2 0
github.com/fntelecomllc/studio/backend/internal/services/session_service.go:235.34,238.3 2 0
github.com/fntelecomllc/studio/backend/internal/services/session_service.go:241.2,241.58 1 0
github.com/fntelecomllc/studio/backend/internal/services/session_service.go:241.58,245.3 3 0
github.com/fntelecomllc/studio/backend/internal/services/session_service.go:248.2,248.73 1 0
github.com/fntelecomllc/studio/backend/internal/services/session_service.go:248.73,252.3 3 0
github.com/fntelecomllc/studio/backend/internal/services/session_service.go:255.2,276.21 5 0
github.com/fntelecomllc/studio/backend/internal/services/session_service.go:280.68,289.2 5 0
github.com/fntelecomllc/studio/backend/internal/services/session_service.go:292.76,297.86 3 0
github.com/fntelecomllc/studio/backend/internal/services/session_service.go:297.86,299.10 2 0
github.com/fntelecomllc/studio/backend/internal/services/session_service.go:299.10,301.4 1 0
github.com/fntelecomllc/studio/backend/internal/services/session_service.go:304.3,304.40 1 0
github.com/fntelecomllc/studio/backend/internal/services/session_service.go:304.40,311.4 4 0
github.com/fntelecomllc/studio/backend/internal/services/session_service.go:312.3,312.46 1 0
github.com/fntelecomllc/studio/backend/internal/services/session_service.go:316.2,319.16 3 0
github.com/fntelecomllc/studio/backend/internal/services/session_service.go:319.16,321.3 1 0
github.com/fntelecomllc/studio/backend/internal/services/session_service.go:323.2,323.12 1 0
github.com/fntelecomllc/studio/backend/internal/services/session_service.go:327.85,329.82 1 0
github.com/fntelecomllc/studio/backend/internal/services/session_service.go:329.82,331.10 2 0
github.com/fntelecomllc/studio/backend/internal/services/session_service.go:331.10,333.4 1 0
github.com/fntelecomllc/studio/backend/internal/services/session_service.go:334.3,335.53 2 0
github.com/fntelecomllc/studio/backend/internal/services/session_service.go:339.2,341.12 3 0
github.com/fntelecomllc/studio/backend/internal/services/session_service.go:345.60,347.2 1 0
github.com/fntelecomllc/studio/backend/internal/services/session_service.go:350.55,363.2 3 0
github.com/fntelecomllc/studio/backend/internal/services/session_service.go:367.68,369.44 2 0
github.com/fntelecomllc/studio/backend/internal/services/session_service.go:369.44,371.3 1 0
github.com/fntelecomllc/studio/backend/internal/services/session_service.go:372.2,372.39 1 0
github.com/fntelecomllc/studio/backend/internal/services/session_service.go:375.71,376.86 1 0
github.com/fntelecomllc/studio/backend/internal/services/session_service.go:376.86,379.53 2 0
github.com/fntelecomllc/studio/backend/internal/services/session_service.go:379.53,387.4 4 0
github.com/fntelecomllc/studio/backend/internal/services/session_service.go:389.2,389.12 1 0
github.com/fntelecomllc/studio/backend/internal/services/session_service.go:392.69,403.16 3 0
github.com/fntelecomllc/studio/backend/internal/services/session_service.go:403.16,405.3 1 0
github.com/fntelecomllc/studio/backend/internal/services/session_service.go:408.2,415.16 4 0
github.com/fntelecomllc/studio/backend/internal/services/session_service.go:415.16,417.3 1 0
github.com/fntelecomllc/studio/backend/internal/services/session_service.go:420.2,424.12 4 0
github.com/fntelecomllc/studio/backend/internal/services/session_service.go:427.62,431.94 2 0
github.com/fntelecomllc/studio/backend/internal/services/session_service.go:431.94,435.3 3 0
github.com/fntelecomllc/studio/backend/internal/services/session_service.go:435.8,437.3 1 0
github.com/fntelecomllc/studio/backend/internal/services/session_service.go:440.79,441.82 1 0
github.com/fntelecomllc/studio/backend/internal/services/session_service.go:441.82,443.3 1 0
github.com/fntelecomllc/studio/backend/internal/services/session_service.go:444.2,444.19 1 0
github.com/fntelecomllc/studio/backend/internal/services/session_service.go:447.61,448.82 1 0
github.com/fntelecomllc/studio/backend/internal/services/session_service.go:448.82,455.95 3 0
github.com/fntelecomllc/studio/backend/internal/services/session_service.go:455.95,458.34 3 0
github.com/fntelecomllc/studio/backend/internal/services/session_service.go:458.34,459.24 1 0
github.com/fntelecomllc/studio/backend/internal/services/session_service.go:459.24,461.6 1 0
github.com/fntelecomllc/studio/backend/internal/services/session_service.go:463.4,463.30 1 0
github.com/fntelecomllc/studio/backend/internal/services/session_service.go:463.30,465.5 1 0
github.com/fntelecomllc/studio/backend/internal/services/session_service.go:465.10,467.5 1 0
github.com/fntelecomllc/studio/backend/internal/services/session_service.go:472.83,488.16 5 0
github.com/fntelecomllc/studio/backend/internal/services/session_service.go:488.16,490.3 1 0
github.com/fntelecomllc/studio/backend/internal/services/session_service.go:493.2,499.22 6 0
github.com/fntelecomllc/studio/backend/internal/services/session_service.go:502.73,506.2 3 0
github.com/fntelecomllc/studio/backend/internal/services/session_service.go:508.93,512.2 3 0
github.com/fntelecomllc/studio/backend/internal/services/session_service.go:514.106,516.62 1 0
github.com/fntelecomllc/studio/backend/internal/services/session_service.go:516.62,522.3 4 0
github.com/fntelecomllc/studio/backend/internal/services/session_service.go:525.2,525.82 1 0
github.com/fntelecomllc/studio/backend/internal/services/session_service.go:525.82,531.3 4 0
github.com/fntelecomllc/studio/backend/internal/services/session_service.go:533.2,533.12 1 0
github.com/fntelecomllc/studio/backend/internal/services/session_service.go:536.60,541.14 3 0
github.com/fntelecomllc/studio/backend/internal/services/session_service.go:541.14,543.3 1 0
github.com/fntelecomllc/studio/backend/internal/services/session_service.go:543.8,545.3 1 0
github.com/fntelecomllc/studio/backend/internal/services/session_service.go:548.41,551.12 2 0
github.com/fntelecomllc/studio/backend/internal/services/session_service.go:551.12,552.31 1 0
github.com/fntelecomllc/studio/backend/internal/services/session_service.go:552.31,554.4 1 0
github.com/fntelecomllc/studio/backend/internal/services/session_service.go:558.43,563.67 3 0
github.com/fntelecomllc/studio/backend/internal/services/session_service.go:563.67,565.91 2 0
github.com/fntelecomllc/studio/backend/internal/services/session_service.go:565.91,568.4 2 0
github.com/fntelecomllc/studio/backend/internal/services/session_service.go:569.3,569.14 1 0
github.com/fntelecomllc/studio/backend/internal/services/session_service.go:573.2,577.16 3 0
github.com/fntelecomllc/studio/backend/internal/services/session_service.go:577.16,589.3 1 0
github.com/fntelecomllc/studio/backend/internal/services/session_service.go:592.2,597.25 5 0
github.com/fntelecomllc/studio/backend/internal/services/session_service.go:597.25,611.3 1 0
github.com/fntelecomllc/studio/backend/internal/services/session_service.go:615.125,616.26 1 0
github.com/fntelecomllc/studio/backend/internal/services/session_service.go:616.26,618.3 1 0
github.com/fntelecomllc/studio/backend/internal/services/session_service.go:619.2,623.88 2 0
github.com/fntelecomllc/studio/backend/internal/services/session_service.go:627.33,628.28 1 0
github.com/fntelecomllc/studio/backend/internal/services/session_service.go:628.28,630.3 1 0
github.com/fntelecomllc/studio/backend/internal/services/session_service.go:634.62,636.2 1 0
github.com/fntelecomllc/studio/backend/internal/services/test_helpers.go:31.51,33.2 1 1
github.com/fntelecomllc/studio/backend/internal/services/test_helpers.go:35.49,37.15 2 1
github.com/fntelecomllc/studio/backend/internal/services/test_helpers.go:37.15,39.41 2 1
github.com/fntelecomllc/studio/backend/internal/services/test_helpers.go:39.41,41.4 1 1
github.com/fntelecomllc/studio/backend/internal/services/test_helpers.go:41.9,43.4 1 0
github.com/fntelecomllc/studio/backend/internal/services/test_helpers.go:46.2,107.22 19 1
github.com/fntelecomllc/studio/backend/internal/services/test_helpers.go:107.22,109.3 1 1
github.com/fntelecomllc/studio/backend/internal/services/test_helpers.go:112.52,113.23 1 1
github.com/fntelecomllc/studio/backend/internal/services/test_helpers.go:113.23,115.3 1 1
